     1 00000000                                 [FORMAT "WCOFF"]
     2 00000000                                 [INSTRSET "i486p"]
     3 00000000                                 [OPTIMIZE 1]
     4 00000000                                 [OPTION 1]
     5 00000000                                 [BITS 32]
     6 00000000                                 	EXTERN	__alloca
     7 00000000                                 	EXTERN	_api_openwin
     8 00000000                                 	EXTERN	_api_boxfilwin
     9 00000000                                 	EXTERN	_api_alloctimer
    10 00000000                                 	EXTERN	_api_inittimer
    11 00000000                                 	EXTERN	_invstr0.0
    12 00000000                                 	EXTERN	_charset
    13 00000000                                 	EXTERN	_api_putstrwin
    14 00000000                                 	EXTERN	_api_refreshwin
    15 00000000                                 	EXTERN	_api_settimer
    16 00000000                                 	EXTERN	_api_getkey
    17 00000000                                 [FILE "invader.c"]
    18                                          [SECTION .data]
    19 00000000                                 _charset:
    20 00000000 00                              	DB	0
    21 00000001 00                              	DB	0
    22 00000002 00                              	DB	0
    23 00000003 43                              	DB	67
    24 00000004 5F                              	DB	95
    25 00000005 5F                              	DB	95
    26 00000006 5F                              	DB	95
    27 00000007 7F                              	DB	127
    28 00000008 1F                              	DB	31
    29 00000009 1F                              	DB	31
    30 0000000A 1F                              	DB	31
    31 0000000B 1F                              	DB	31
    32 0000000C 00                              	DB	0
    33 0000000D 20                              	DB	32
    34 0000000E 3F                              	DB	63
    35 0000000F 00                              	DB	0
    36 00000010 00                              	DB	0
    37 00000011 0F                              	DB	15
    38 00000012 7F                              	DB	127
    39 00000013 FF                              	DB	-1
    40 00000014 CF                              	DB	-49
    41 00000015 CF                              	DB	-49
    42 00000016 CF                              	DB	-49
    43 00000017 FF                              	DB	-1
    44 00000018 FF                              	DB	-1
    45 00000019 E0                              	DB	-32
    46 0000001A FF                              	DB	-1
    47 0000001B FF                              	DB	-1
    48 0000001C C0                              	DB	-64
    49 0000001D C0                              	DB	-64
    50 0000001E C0                              	DB	-64
    51 0000001F 00                              	DB	0
    52 00000020 00                              	DB	0
    53 00000021 F0                              	DB	-16
    54 00000022 FE                              	DB	-2
    55 00000023 FF                              	DB	-1
    56 00000024 F3                              	DB	-13
    57 00000025 F3                              	DB	-13
    58 00000026 F3                              	DB	-13
    59 00000027 FF                              	DB	-1
    60 00000028 FF                              	DB	-1
    61 00000029 07                              	DB	7
    62 0000002A FF                              	DB	-1
    63 0000002B FF                              	DB	-1
    64 0000002C 03                              	DB	3
    65 0000002D 03                              	DB	3
    66 0000002E 03                              	DB	3
    67 0000002F 00                              	DB	0
    68 00000030 00                              	DB	0
    69 00000031 00                              	DB	0
    70 00000032 00                              	DB	0
    71 00000033 C2                              	DB	-62
    72 00000034 FA                              	DB	-6
    73 00000035 FA                              	DB	-6
    74 00000036 FA                              	DB	-6
    75 00000037 FE                              	DB	-2
    76 00000038 F8                              	DB	-8
    77 00000039 F8                              	DB	-8
    78 0000003A F8                              	DB	-8
    79 0000003B F8                              	DB	-8
    80 0000003C 00                              	DB	0
    81 0000003D 04                              	DB	4
    82 0000003E FC                              	DB	-4
    83 0000003F 00                              	DB	0
    84 00000040 00                              	DB	0
    85 00000041 00                              	DB	0
    86 00000042 01                              	DB	1
    87 00000043 01                              	DB	1
    88 00000044 01                              	DB	1
    89 00000045 01                              	DB	1
    90 00000046 01                              	DB	1
    91 00000047 01                              	DB	1
    92 00000048 01                              	DB	1
    93 00000049 43                              	DB	67
    94 0000004A 47                              	DB	71
    95 0000004B 4F                              	DB	79
    96 0000004C 5F                              	DB	95
    97 0000004D 7F                              	DB	127
    98 0000004E 7F                              	DB	127
    99 0000004F 00                              	DB	0
   100 00000050 18                              	DB	24
   101 00000051 7E                              	DB	126
   102 00000052 FF                              	DB	-1
   103 00000053 C3                              	DB	-61
   104 00000054 C3                              	DB	-61
   105 00000055 C3                              	DB	-61
   106 00000056 C3                              	DB	-61
   107 00000057 FF                              	DB	-1
   108 00000058 FF                              	DB	-1
   109 00000059 FF                              	DB	-1
   110 0000005A E7                              	DB	-25
   111 0000005B E7                              	DB	-25
   112 0000005C E7                              	DB	-25
   113 0000005D E7                              	DB	-25
   114 0000005E FF                              	DB	-1
   115 0000005F 00                              	DB	0
   116 00000060 00                              	DB	0
   117 00000061 00                              	DB	0
   118 00000062 80                              	DB	-128
   119 00000063 80                              	DB	-128
   120 00000064 80                              	DB	-128
   121 00000065 80                              	DB	-128
   122 00000066 80                              	DB	-128
   123 00000067 80                              	DB	-128
   124 00000068 80                              	DB	-128
   125 00000069 C2                              	DB	-62
   126 0000006A E2                              	DB	-30
   127 0000006B F2                              	DB	-14
   128 0000006C FA                              	DB	-6
   129 0000006D FE                              	DB	-2
   130 0000006E FE                              	DB	-2
   131 0000006F 00                              	DB	0
   132 00000070 00                              	DB	0
   133 00000071 18                              	DB	24
   134 00000072 18                              	DB	24
   135 00000073 18                              	DB	24
   136 00000074 18                              	DB	24
   137 00000075 18                              	DB	24
   138 00000076 18                              	DB	24
   139 00000077 18                              	DB	24
   140 00000078 18                              	DB	24
   141 00000079 18                              	DB	24
   142 0000007A 18                              	DB	24
   143 0000007B 18                              	DB	24
   144 0000007C 18                              	DB	24
   145 0000007D 18                              	DB	24
   146 0000007E 18                              	DB	24
   147 0000007F 00                              	DB	0
   148 00000080                                 _invstr0.0:
   149 00000080 20 61 62 63 64 20 61 62 63 64   	DB	" abcd abcd abcd abcd abcd ",0x00
       0000008A 20 61 62 63 64 20 61 62 63 64 
       00000094 20 61 62 63 64 20 00 
   150 0000009B 00 00 00 00 00                  	RESB	5
   151 000000A0                                 LC0:
   152 000000A0 69 6E 76 61 64 65 72 00         	DB	"invader",0x00
   153 000000A8                                 LC1:
   154 000000A8 48 49 47 48 3A 30 30 30 30 30   	DB	"HIGH:00000000",0x00
       000000B2 30 30 30 00 
   155 000000B6                                 LC2:
   156 000000B6 53 43 4F 52 45 3A 30 30 30 30   	DB	"SCORE:00000000",0x00
       000000C0 30 30 30 30 00 
   157 000000C5                                 LC3:
   158 000000C5 65 66 67 00                     	DB	"efg",0x00
   159 000000C9                                 LC4:
   160 000000C9 65 66 67 20 00                  	DB	"efg ",0x00
   161 000000CE                                 LC5:
   162 000000CE 20 65 66 67 00                  	DB	" efg",0x00
   163 000000D3                                 LC8:
   164 000000D3 68 00                           	DB	"h",0x00
   165 000000D5                                 LC7:
   166 000000D5 20 00                           	DB	" ",0x00
   167 000000D7                                 LC6:
   168 000000D7 20 20 20 20 20 20 20 20 20 20   	DB	"                         ",0x00
       000000E1 20 20 20 20 20 20 20 20 20 20 
       000000EB 20 20 20 20 20 00 
   169 000000F1                                 LC9:
   170 000000F1 47 41 4D 45 20 4F 56 45 52 00   	DB	"GAME OVER",0x00
   171 000000FB                                 LC10:
   172 000000FB 20 20 20 20 20 20 20 20 20 20   	DB	"                                        ",0x00
       00000105 20 20 20 20 20 20 20 20 20 20 
       0000010F 20 20 20 20 20 20 20 20 20 20 
       00000119 20 20 20 20 20 20 20 20 20 20 
       00000123 00 
   173                                          [SECTION .text]
   174 00000000                                 	GLOBAL	_HariMain
   175 00000000                                 _HariMain:
   176 00000000 55                              	PUSH	EBP
   177 00000001 B8 00055B6C                     	MOV	EAX,351084
   178 00000006 89 E5                           	MOV	EBP,ESP
   179 00000008 57                              	PUSH	EDI
   180 00000009 56                              	PUSH	ESI
   181 0000000A 53                              	PUSH	EBX
   182 0000000B 8D 9D FFFAA5B4                  	LEA	EBX,DWORD [-350796+EBP]
   183 00000011 E8 [00000000]                   	CALL	__alloca
   184 00000016 68 [000000A0]                   	PUSH	LC0
   185 0000001B 6A FF                           	PUSH	-1
   186 0000001D 68 00000105                     	PUSH	261
   187 00000022 68 00000150                     	PUSH	336
   188 00000027 53                              	PUSH	EBX
   189 00000028 C7 85 FFFAA4B0 00000000         	MOV	DWORD [-351056+EBP],0
   190 00000032 E8 [00000000]                   	CALL	_api_openwin
   191 00000037 6A 00                           	PUSH	0
   192 00000039 68 000000FE                     	PUSH	254
   193 0000003E 89 C7                           	MOV	EDI,EAX
   194 00000040 68 00000149                     	PUSH	329
   195 00000045 6A 1B                           	PUSH	27
   196 00000047 6A 06                           	PUSH	6
   197 00000049 50                              	PUSH	EAX
   198 0000004A E8 [00000000]                   	CALL	_api_boxfilwin
   199 0000004F 83 C4 2C                        	ADD	ESP,44
   200 00000052 E8 [00000000]                   	CALL	_api_alloctimer
   201 00000057 68 00000080                     	PUSH	128
   202 0000005C 50                              	PUSH	EAX
   203 0000005D 89 85 FFFAA4BC                  	MOV	DWORD [-351044+EBP],EAX
   204 00000063 E8 [00000000]                   	CALL	_api_inittimer
   205 00000068 68 [000000A8]                   	PUSH	LC1
   206 0000006D 68 000000FF                     	PUSH	255
   207 00000072 6A 00                           	PUSH	0
   208 00000074 6A 16                           	PUSH	22
   209 00000076 53                              	PUSH	EBX
   210 00000077 57                              	PUSH	EDI
   211 00000078 C7 85 FFFAA48C 00000000         	MOV	DWORD [-351092+EBP],0
   212 00000082 E8 00000609                     	CALL	_putstr
   213 00000087 83 C4 20                        	ADD	ESP,32
   214 0000008A                                 L2:
   215 0000008A 68 [000000B6]                   	PUSH	LC2
   216 0000008F 8D 9D FFFAA5B4                  	LEA	EBX,DWORD [-350796+EBP]
   217 00000095 68 000000FF                     	PUSH	255
   218 0000009A 6A 00                           	PUSH	0
   219 0000009C 6A 04                           	PUSH	4
   220 0000009E 53                              	PUSH	EBX
   221 0000009F 57                              	PUSH	EDI
   222 000000A0 C7 85 FFFAA490 00000000         	MOV	DWORD [-351088+EBP],0
   223 000000AA C7 85 FFFAA488 00000001         	MOV	DWORD [-351096+EBP],1
   224 000000B4 E8 000005D7                     	CALL	_putstr
   225 000000B9 68 [000000C5]                   	PUSH	LC3
   226 000000BE 68 000000FF                     	PUSH	255
   227 000000C3 6A 0D                           	PUSH	13
   228 000000C5 6A 12                           	PUSH	18
   229 000000C7 53                              	PUSH	EBX
   230 000000C8 57                              	PUSH	EDI
   231 000000C9 C7 85 FFFAA4A0 00000014         	MOV	DWORD [-351072+EBP],20
   232 000000D3 C7 85 FFFAA4B8 00000012         	MOV	DWORD [-351048+EBP],18
   233 000000DD E8 000005AE                     	CALL	_putstr
   234 000000E2 8D 85 FFFAA4C0                  	LEA	EAX,DWORD [-351040+EBP]
   235 000000E8 83 C4 30                        	ADD	ESP,48
   236 000000EB 50                              	PUSH	EAX
   237 000000EC FF B5 FFFAA4BC                  	PUSH	DWORD [-351044+EBP]
   238 000000F2 6A 64                           	PUSH	100
   239 000000F4 E8 00000709                     	CALL	_wait
   240 000000F9 83 C4 0C                        	ADD	ESP,12
   241 000000FC                                 L3:
   242 000000FC 8D 85 FFFAA4C0                  	LEA	EAX,DWORD [-351040+EBP]
   243 00000102 31 F6                           	XOR	ESI,ESI
   244 00000104 50                              	PUSH	EAX
   245 00000105 FF B5 FFFAA4BC                  	PUSH	DWORD [-351044+EBP]
   246 0000010B 6A 64                           	PUSH	100
   247 0000010D E8 000006F0                     	CALL	_wait
   248 00000112 83 C4 0C                        	ADD	ESP,12
   249 00000115 C7 85 FFFAA4A8 00000007         	MOV	DWORD [-351064+EBP],7
   250 0000011F C7 85 FFFAA4A4 00000001         	MOV	DWORD [-351068+EBP],1
   251 00000129 C7 85 FFFAA494 00000006         	MOV	DWORD [-351084+EBP],6
   252 00000133                                 L13:
   253 00000133 31 C9                           	XOR	ECX,ECX
   254 00000135                                 L12:
   255 00000135 89 F3                           	MOV	EBX,ESI
   256 00000137 8D 45 F4                        	LEA	EAX,DWORD [-12+EBP]
   257 0000013A C1 E3 05                        	SAL	EBX,5
   258 0000013D 8D 14 18                        	LEA	EDX,DWORD [EAX+EBX*1]
   259 00000140 8A 81 [00000080]                	MOV	AL,BYTE [_invstr0.0+ECX]
   260 00000146 88 84 11 FFFAA4D0               	MOV	BYTE [-351024+ECX+EDX*1],AL
   261 0000014D 41                              	INC	ECX
   262 0000014E 83 F9 1A                        	CMP	ECX,26
   263 00000151 7E E2                           	JLE	L12
   264 00000153 8D 84 2B FFFAA4C4               	LEA	EAX,DWORD [-351036+EBX+EBP*1]
   265 0000015A 8D 5E 01                        	LEA	EBX,DWORD [1+ESI]
   266 0000015D 50                              	PUSH	EAX
   267 0000015E 89 DE                           	MOV	ESI,EBX
   268 00000160 68 000000FF                     	PUSH	255
   269 00000165 8D 85 FFFAA5B4                  	LEA	EAX,DWORD [-350796+EBP]
   270 0000016B 53                              	PUSH	EBX
   271 0000016C 6A 07                           	PUSH	7
   272 0000016E 50                              	PUSH	EAX
   273 0000016F 57                              	PUSH	EDI
   274 00000170 E8 0000051B                     	CALL	_putstr
   275 00000175 83 C4 18                        	ADD	ESP,24
   276 00000178 83 FB 05                        	CMP	EBX,5
   277 0000017B 7E B6                           	JLE	L13
   278 0000017D 8D 85 FFFAA4C0                  	LEA	EAX,DWORD [-351040+EBP]
   279 00000183 8B 9D FFFAA4A0                  	MOV	EBX,DWORD [-351072+EBP]
   280 00000189 50                              	PUSH	EAX
   281 0000018A 89 9D FFFAA49C                  	MOV	DWORD [-351076+EBP],EBX
   282 00000190 FF B5 FFFAA4BC                  	PUSH	DWORD [-351044+EBP]
   283 00000196 6A 64                           	PUSH	100
   284 00000198 C6 85 FFFAA4C0 00               	MOV	BYTE [-351040+EBP],0
   285 0000019F C6 85 FFFAA4C1 00               	MOV	BYTE [-351039+EBP],0
   286 000001A6 C6 85 FFFAA4C2 00               	MOV	BYTE [-351038+EBP],0
   287 000001AD C7 85 FFFAA4AC 00000000         	MOV	DWORD [-351060+EBP],0
   288 000001B7 C7 85 FFFAA4B4 00000000         	MOV	DWORD [-351052+EBP],0
   289 000001C1 C7 85 FFFAA498 00000001         	MOV	DWORD [-351080+EBP],1
   290 000001CB E8 00000632                     	CALL	_wait
   291 000001D0 83 C4 0C                        	ADD	ESP,12
   292 000001D3                                 L14:
   293 000001D3 83 BD FFFAA4B4 00               	CMP	DWORD [-351052+EBP],0
   294 000001DA 74 0D                           	JE	L17
   295 000001DC FF 8D FFFAA4B4                  	DEC	DWORD [-351052+EBP]
   296 000001E2 C6 85 FFFAA4C2 00               	MOV	BYTE [-351038+EBP],0
   297 000001E9                                 L17:
   298 000001E9 8D 9D FFFAA4C0                  	LEA	EBX,DWORD [-351040+EBP]
   299 000001EF 53                              	PUSH	EBX
   300 000001F0 FF B5 FFFAA4BC                  	PUSH	DWORD [-351044+EBP]
   301 000001F6 6A 04                           	PUSH	4
   302 000001F8 E8 00000605                     	CALL	_wait
   303 000001FD 83 C4 0C                        	ADD	ESP,12
   304 00000200 80 BD FFFAA4C0 00               	CMP	BYTE [-351040+EBP],0
   305 00000207 74 38                           	JE	L18
   306 00000209 83 BD FFFAA4B8 00               	CMP	DWORD [-351048+EBP],0
   307 00000210 7E 2F                           	JLE	L18
   308 00000212 68 [000000C9]                   	PUSH	LC4
   309 00000217 FF 8D FFFAA4B8                  	DEC	DWORD [-351048+EBP]
   310 0000021D 68 000000FF                     	PUSH	255
   311 00000222 8D 85 FFFAA5B4                  	LEA	EAX,DWORD [-350796+EBP]
   312 00000228 6A 0D                           	PUSH	13
   313 0000022A FF B5 FFFAA4B8                  	PUSH	DWORD [-351048+EBP]
   314 00000230 50                              	PUSH	EAX
   315 00000231 57                              	PUSH	EDI
   316 00000232 E8 00000459                     	CALL	_putstr
   317 00000237 83 C4 18                        	ADD	ESP,24
   318 0000023A C6 85 FFFAA4C0 00               	MOV	BYTE [-351040+EBP],0
   319 00000241                                 L18:
   320 00000241 80 7B 01 00                     	CMP	BYTE [1+EBX],0
   321 00000245 74 35                           	JE	L19
   322 00000247 83 BD FFFAA4B8 24               	CMP	DWORD [-351048+EBP],36
   323 0000024E 7F 2C                           	JG	L19
   324 00000250 68 [000000CE]                   	PUSH	LC5
   325 00000255 8D 85 FFFAA5B4                  	LEA	EAX,DWORD [-350796+EBP]
   326 0000025B 68 000000FF                     	PUSH	255
   327 00000260 6A 0D                           	PUSH	13
   328 00000262 FF B5 FFFAA4B8                  	PUSH	DWORD [-351048+EBP]
   329 00000268 50                              	PUSH	EAX
   330 00000269 57                              	PUSH	EDI
   331 0000026A E8 00000421                     	CALL	_putstr
   332 0000026F 83 C4 18                        	ADD	ESP,24
   333 00000272 FF 85 FFFAA4B8                  	INC	DWORD [-351048+EBP]
   334 00000278 C6 43 01 00                     	MOV	BYTE [1+EBX],0
   335 0000027C                                 L19:
   336 0000027C 80 7B 02 00                     	CMP	BYTE [2+EBX],0
   337 00000280 74 2A                           	JE	L20
   338 00000282 83 BD FFFAA4B4 00               	CMP	DWORD [-351052+EBP],0
   339 00000289 75 21                           	JNE	L20
   340 0000028B 8B 85 FFFAA4B8                  	MOV	EAX,DWORD [-351048+EBP]
   341 00000291 40                              	INC	EAX
   342 00000292 C7 85 FFFAA4B4 0000000F         	MOV	DWORD [-351052+EBP],15
   343 0000029C 89 85 FFFAA4B0                  	MOV	DWORD [-351056+EBP],EAX
   344 000002A2 C7 85 FFFAA4AC 0000000D         	MOV	DWORD [-351060+EBP],13
   345 000002AC                                 L20:
   346 000002AC 83 BD FFFAA49C 00               	CMP	DWORD [-351076+EBP],0
   347 000002B3 0F 84 000002BC                  	JE	L21
   348 000002B9 FF 8D FFFAA49C                  	DEC	DWORD [-351076+EBP]
   349 000002BF                                 L22:
   350 000002BF 83 BD FFFAA4AC 00               	CMP	DWORD [-351060+EBP],0
   351 000002C6 0F 8E FFFFFF07                  	JLE	L14
   352 000002CC 83 BD FFFAA4AC 0C               	CMP	DWORD [-351060+EBP],12
   353 000002D3 0F 8F 00000085                  	JG	L32
   354 000002D9 8B 9D FFFAA4B0                  	MOV	EBX,DWORD [-351056+EBP]
   355 000002DF 39 9D FFFAA4A8                  	CMP	DWORD [-351064+EBP],EBX
   356 000002E5 0F 8D 0000026F                  	JGE	L33
   357 000002EB 8B 85 FFFAA4A8                  	MOV	EAX,DWORD [-351064+EBP]
   358 000002F1 83 C0 19                        	ADD	EAX,25
   359 000002F4 39 C3                           	CMP	EBX,EAX
   360 000002F6 0F 8D 0000025E                  	JGE	L33
   361 000002FC 8B 85 FFFAA4AC                  	MOV	EAX,DWORD [-351060+EBP]
   362 00000302 39 85 FFFAA4A4                  	CMP	DWORD [-351068+EBP],EAX
   363 00000308 0F 8F 0000024C                  	JG	L33
   364 0000030E 8B 85 FFFAA4A4                  	MOV	EAX,DWORD [-351068+EBP]
   365 00000314 03 85 FFFAA494                  	ADD	EAX,DWORD [-351084+EBP]
   366 0000031A 39 85 FFFAA4AC                  	CMP	DWORD [-351060+EBP],EAX
   367 00000320 0F 8D 00000234                  	JGE	L33
   368 00000326 8B 85 FFFAA4AC                  	MOV	EAX,DWORD [-351060+EBP]
   369 0000032C 2B 85 FFFAA4A4                  	SUB	EAX,DWORD [-351068+EBP]
   370 00000332 C1 E0 05                        	SAL	EAX,5
   371 00000335 8D 84 28 FFFAA4C4               	LEA	EAX,DWORD [-351036+EAX+EBP*1]
   372 0000033C 50                              	PUSH	EAX
   373 0000033D 68 000000FF                     	PUSH	255
   374 00000342 FF B5 FFFAA4AC                  	PUSH	DWORD [-351060+EBP]
   375 00000348 FF B5 FFFAA4A8                  	PUSH	DWORD [-351064+EBP]
   376 0000034E                                 L82:
   377 0000034E 8D 85 FFFAA5B4                  	LEA	EAX,DWORD [-350796+EBP]
   378 00000354 50                              	PUSH	EAX
   379 00000355 57                              	PUSH	EDI
   380 00000356 E8 00000335                     	CALL	_putstr
   381 0000035B 83 C4 18                        	ADD	ESP,24
   382 0000035E                                 L32:
   383 0000035E FF 8D FFFAA4AC                  	DEC	DWORD [-351060+EBP]
   384 00000364 83 BD FFFAA4AC 00               	CMP	DWORD [-351060+EBP],0
   385 0000036B 0F 8E 000001C6                  	JLE	L35
   386 00000371 68 [000000D3]                   	PUSH	LC8
   387 00000376 8D 85 FFFAA5B4                  	LEA	EAX,DWORD [-350796+EBP]
   388 0000037C 68 000000FF                     	PUSH	255
   389 00000381 FF B5 FFFAA4AC                  	PUSH	DWORD [-351060+EBP]
   390 00000387 FF B5 FFFAA4B0                  	PUSH	DWORD [-351056+EBP]
   391 0000038D 50                              	PUSH	EAX
   392 0000038E 57                              	PUSH	EDI
   393 0000038F E8 000002FC                     	CALL	_putstr
   394 00000394 83 C4 18                        	ADD	ESP,24
   395 00000397                                 L36:
   396 00000397 8B 9D FFFAA4B0                  	MOV	EBX,DWORD [-351056+EBP]
   397 0000039D 39 9D FFFAA4A8                  	CMP	DWORD [-351064+EBP],EBX
   398 000003A3 0F 8D FFFFFE2A                  	JGE	L14
   399 000003A9 8B 85 FFFAA4A8                  	MOV	EAX,DWORD [-351064+EBP]
   400 000003AF 83 C0 19                        	ADD	EAX,25
   401 000003B2 39 C3                           	CMP	EBX,EAX
   402 000003B4 0F 8D FFFFFE19                  	JGE	L14
   403 000003BA 8B 85 FFFAA4AC                  	MOV	EAX,DWORD [-351060+EBP]
   404 000003C0 39 85 FFFAA4A4                  	CMP	DWORD [-351068+EBP],EAX
   405 000003C6 0F 8F FFFFFE07                  	JG	L14
   406 000003CC 8B 85 FFFAA4A4                  	MOV	EAX,DWORD [-351068+EBP]
   407 000003D2 03 85 FFFAA494                  	ADD	EAX,DWORD [-351084+EBP]
   408 000003D8 39 85 FFFAA4AC                  	CMP	DWORD [-351060+EBP],EAX
   409 000003DE 0F 8D FFFFFDEF                  	JGE	L14
   410 000003E4 8B 85 FFFAA4AC                  	MOV	EAX,DWORD [-351060+EBP]
   411 000003EA 2B 85 FFFAA4A4                  	SUB	EAX,DWORD [-351068+EBP]
   412 000003F0 C1 E0 05                        	SAL	EAX,5
   413 000003F3 8D 94 28 FFFAA4C4               	LEA	EDX,DWORD [-351036+EAX+EBP*1]
   414 000003FA 89 D8                           	MOV	EAX,EBX
   415 000003FC 2B 85 FFFAA4A8                  	SUB	EAX,DWORD [-351064+EBP]
   416 00000402 8D 1C 10                        	LEA	EBX,DWORD [EAX+EDX*1]
   417 00000405 80 3B 20                        	CMP	BYTE [EBX],32
   418 00000408 0F 84 FFFFFDC5                  	JE	L14
   419 0000040E 8B 85 FFFAA488                  	MOV	EAX,DWORD [-351096+EBP]
   420 00000414 8D B5 FFFAA584                  	LEA	ESI,DWORD [-350844+EBP]
   421 0000041A 01 85 FFFAA490                  	ADD	DWORD [-351088+EBP],EAX
   422 00000420 40                              	INC	EAX
   423 00000421 89 85 FFFAA488                  	MOV	DWORD [-351096+EBP],EAX
   424 00000427 FF B5 FFFAA490                  	PUSH	DWORD [-351088+EBP]
   425 0000042D 56                              	PUSH	ESI
   426 0000042E E8 00000428                     	CALL	_setdec8
   427 00000433 8D 85 FFFAA5B4                  	LEA	EAX,DWORD [-350796+EBP]
   428 00000439 56                              	PUSH	ESI
   429 0000043A 68 000000FF                     	PUSH	255
   430 0000043F 6A 00                           	PUSH	0
   431 00000441 6A 0A                           	PUSH	10
   432 00000443 50                              	PUSH	EAX
   433 00000444 57                              	PUSH	EDI
   434 00000445 E8 00000246                     	CALL	_putstr
   435 0000044A 8B 85 FFFAA490                  	MOV	EAX,DWORD [-351088+EBP]
   436 00000450 83 C4 20                        	ADD	ESP,32
   437 00000453 39 85 FFFAA48C                  	CMP	DWORD [-351092+EBP],EAX
   438 00000459 7D 20                           	JGE	L40
   439 0000045B 56                              	PUSH	ESI
   440 0000045C 89 85 FFFAA48C                  	MOV	DWORD [-351092+EBP],EAX
   441 00000462 68 000000FF                     	PUSH	255
   442 00000467 8D 85 FFFAA5B4                  	LEA	EAX,DWORD [-350796+EBP]
   443 0000046D 6A 00                           	PUSH	0
   444 0000046F 6A 1B                           	PUSH	27
   445 00000471 50                              	PUSH	EAX
   446 00000472 57                              	PUSH	EDI
   447 00000473 E8 00000218                     	CALL	_putstr
   448 00000478 83 C4 18                        	ADD	ESP,24
   449 0000047B                                 L40:
   450 0000047B 4B                              	DEC	EBX
   451 0000047C 80 3B 20                        	CMP	BYTE [EBX],32
   452 0000047F 74 06                           	JE	L74
   453 00000481                                 L45:
   454 00000481 4B                              	DEC	EBX
   455 00000482 80 3B 20                        	CMP	BYTE [EBX],32
   456 00000485 75 FA                           	JNE	L45
   457 00000487                                 L74:
   458 00000487 BE 00000001                     	MOV	ESI,1
   459 0000048C                                 L50:
   460 0000048C C6 04 1E 20                     	MOV	BYTE [ESI+EBX*1],32
   461 00000490 46                              	INC	ESI
   462 00000491 83 FE 04                        	CMP	ESI,4
   463 00000494 7E F6                           	JLE	L50
   464 00000496 8B 85 FFFAA4AC                  	MOV	EAX,DWORD [-351060+EBP]
   465 0000049C 2B 85 FFFAA4A4                  	SUB	EAX,DWORD [-351068+EBP]
   466 000004A2 C1 E0 05                        	SAL	EAX,5
   467 000004A5 8D 84 28 FFFAA4C4               	LEA	EAX,DWORD [-351036+EAX+EBP*1]
   468 000004AC 50                              	PUSH	EAX
   469 000004AD 8D 85 FFFAA5B4                  	LEA	EAX,DWORD [-350796+EBP]
   470 000004B3 68 000000FF                     	PUSH	255
   471 000004B8 FF B5 FFFAA4AC                  	PUSH	DWORD [-351060+EBP]
   472 000004BE FF B5 FFFAA4A8                  	PUSH	DWORD [-351064+EBP]
   473 000004C4 50                              	PUSH	EAX
   474 000004C5 57                              	PUSH	EDI
   475 000004C6 E8 000001C5                     	CALL	_putstr
   476 000004CB 83 C4 18                        	ADD	ESP,24
   477 000004CE 83 BD FFFAA494 00               	CMP	DWORD [-351084+EBP],0
   478 000004D5 7E 36                           	JLE	L78
   479 000004D7 8B 95 FFFAA494                  	MOV	EDX,DWORD [-351084+EBP]
   480 000004DD C1 E2 05                        	SAL	EDX,5
   481 000004E0                                 L62:
   482 000004E0 8D 84 2A FFFAA4C4               	LEA	EAX,DWORD [-351036+EDX+EBP*1]
   483 000004E7 8D 58 E0                        	LEA	EBX,DWORD [-32+EAX]
   484 000004EA 80 78 E0 00                     	CMP	BYTE [-32+EAX],0
   485 000004EE 74 0B                           	JE	L80
   486 000004F0                                 L61:
   487 000004F0 80 3B 20                        	CMP	BYTE [EBX],32
   488 000004F3 75 33                           	JNE	L60
   489 000004F5 43                              	INC	EBX
   490 000004F6 80 3B 00                        	CMP	BYTE [EBX],0
   491 000004F9 75 F5                           	JNE	L61
   492 000004FB                                 L80:
   493 000004FB FF 8D FFFAA494                  	DEC	DWORD [-351084+EBP]
   494 00000501 83 EA 20                        	SUB	EDX,32
   495 00000504 83 BD FFFAA494 00               	CMP	DWORD [-351084+EBP],0
   496 0000050B 7F D3                           	JG	L62
   497 0000050D                                 L78:
   498 0000050D 8B 85 FFFAA4A0                  	MOV	EAX,DWORD [-351072+EBP]
   499 00000513 BA 00000003                     	MOV	EDX,3
   500 00000518 89 D3                           	MOV	EBX,EDX
   501 0000051A 99                              	CDQ
   502 0000051B F7 FB                           	IDIV	EBX
   503 0000051D 29 85 FFFAA4A0                  	SUB	DWORD [-351072+EBP],EAX
   504 00000523 E9 FFFFFBD4                     	JMP	L3
   505 00000528                                 L60:
   506 00000528 C7 85 FFFAA4AC 00000000         	MOV	DWORD [-351060+EBP],0
   507 00000532 E9 FFFFFC9C                     	JMP	L14
   508 00000537                                 L35:
   509 00000537 83 AD FFFAA488 0A               	SUB	DWORD [-351096+EBP],10
   510 0000053E 83 BD FFFAA488 00               	CMP	DWORD [-351096+EBP],0
   511 00000545 0F 8F FFFFFE4C                  	JG	L36
   512 0000054B C7 85 FFFAA488 00000001         	MOV	DWORD [-351096+EBP],1
   513 00000555 E9 FFFFFE3D                     	JMP	L36
   514 0000055A                                 L33:
   515 0000055A 68 [000000D5]                   	PUSH	LC7
   516 0000055F 68 0000FF00                     	PUSH	65280
   517 00000564 FF B5 FFFAA4AC                  	PUSH	DWORD [-351060+EBP]
   518 0000056A FF B5 FFFAA4B0                  	PUSH	DWORD [-351056+EBP]
   519 00000570 E9 FFFFFDD9                     	JMP	L82
   520 00000575                                 L21:
   521 00000575 8B 85 FFFAA4A0                  	MOV	EAX,DWORD [-351072+EBP]
   522 0000057B 89 85 FFFAA49C                  	MOV	DWORD [-351076+EBP],EAX
   523 00000581 8B 85 FFFAA4A8                  	MOV	EAX,DWORD [-351064+EBP]
   524 00000587 03 85 FFFAA498                  	ADD	EAX,DWORD [-351080+EBP]
   525 0000058D 83 F8 0E                        	CMP	EAX,14
   526 00000590 0F 86 000000EF                  	JBE	L23
   527 00000596 8B 85 FFFAA4A4                  	MOV	EAX,DWORD [-351068+EBP]
   528 0000059C 03 85 FFFAA494                  	ADD	EAX,DWORD [-351084+EBP]
   529 000005A2 83 F8 0D                        	CMP	EAX,13
   530 000005A5 0F 84 00000081                  	JE	L15
   531 000005AB 68 [000000D7]                   	PUSH	LC6
   532 000005B0 8B 85 FFFAA4A8                  	MOV	EAX,DWORD [-351064+EBP]
   533 000005B6 68 0000FF00                     	PUSH	65280
   534 000005BB 40                              	INC	EAX
   535 000005BC FF B5 FFFAA4A4                  	PUSH	DWORD [-351068+EBP]
   536 000005C2 50                              	PUSH	EAX
   537 000005C3 8D 85 FFFAA5B4                  	LEA	EAX,DWORD [-350796+EBP]
   538 000005C9 50                              	PUSH	EAX
   539 000005CA F7 9D FFFAA498                  	NEG	DWORD [-351080+EBP]
   540 000005D0 57                              	PUSH	EDI
   541 000005D1 E8 000000BA                     	CALL	_putstr
   542 000005D6 83 C4 18                        	ADD	ESP,24
   543 000005D9 FF 85 FFFAA4A4                  	INC	DWORD [-351068+EBP]
   544 000005DF                                 L25:
   545 000005DF 31 F6                           	XOR	ESI,ESI
   546 000005E1 3B B5 FFFAA494                  	CMP	ESI,DWORD [-351084+EBP]
   547 000005E7 0F 8D FFFFFCD2                  	JGE	L22
   548 000005ED 31 DB                           	XOR	EBX,EBX
   549 000005EF                                 L30:
   550 000005EF 8D 84 2B FFFAA4C4               	LEA	EAX,DWORD [-351036+EBX+EBP*1]
   551 000005F6 83 C3 20                        	ADD	EBX,32
   552 000005F9 50                              	PUSH	EAX
   553 000005FA 8B 85 FFFAA4A4                  	MOV	EAX,DWORD [-351068+EBP]
   554 00000600 68 000000FF                     	PUSH	255
   555 00000605 01 F0                           	ADD	EAX,ESI
   556 00000607 50                              	PUSH	EAX
   557 00000608 46                              	INC	ESI
   558 00000609 FF B5 FFFAA4A8                  	PUSH	DWORD [-351064+EBP]
   559 0000060F 8D 85 FFFAA5B4                  	LEA	EAX,DWORD [-350796+EBP]
   560 00000615 50                              	PUSH	EAX
   561 00000616 57                              	PUSH	EDI
   562 00000617 E8 00000074                     	CALL	_putstr
   563 0000061C 83 C4 18                        	ADD	ESP,24
   564 0000061F 3B B5 FFFAA494                  	CMP	ESI,DWORD [-351084+EBP]
   565 00000625 7C C8                           	JL	L30
   566 00000627 E9 FFFFFC93                     	JMP	L22
   567 0000062C                                 L15:
   568 0000062C 68 [000000F1]                   	PUSH	LC9
   569 00000631 8D 85 FFFAA5B4                  	LEA	EAX,DWORD [-350796+EBP]
   570 00000637 68 000000FF                     	PUSH	255
   571 0000063C BE 00000001                     	MOV	ESI,1
   572 00000641 6A 06                           	PUSH	6
   573 00000643 6A 0F                           	PUSH	15
   574 00000645 50                              	PUSH	EAX
   575 00000646 57                              	PUSH	EDI
   576 00000647 E8 00000044                     	CALL	_putstr
   577 0000064C 53                              	PUSH	EBX
   578 0000064D FF B5 FFFAA4BC                  	PUSH	DWORD [-351044+EBP]
   579 00000653 6A 00                           	PUSH	0
   580 00000655 E8 000001A8                     	CALL	_wait
   581 0000065A 83 C4 24                        	ADD	ESP,36
   582 0000065D                                 L67:
   583 0000065D 68 [000000FB]                   	PUSH	LC10
   584 00000662 8D 85 FFFAA5B4                  	LEA	EAX,DWORD [-350796+EBP]
   585 00000668 68 0000FF00                     	PUSH	65280
   586 0000066D 56                              	PUSH	ESI
   587 0000066E 46                              	INC	ESI
   588 0000066F 6A 00                           	PUSH	0
   589 00000671 50                              	PUSH	EAX
   590 00000672 57                              	PUSH	EDI
   591 00000673 E8 00000018                     	CALL	_putstr
   592 00000678 83 C4 18                        	ADD	ESP,24
   593 0000067B 83 FE 0D                        	CMP	ESI,13
   594 0000067E 7E DD                           	JLE	L67
   595 00000680 E9 FFFFFA05                     	JMP	L2
   596 00000685                                 L23:
   597 00000685 89 85 FFFAA4A8                  	MOV	DWORD [-351064+EBP],EAX
   598 0000068B E9 FFFFFF4F                     	JMP	L25
   599 00000690                                 	GLOBAL	_putstr
   600 00000690                                 _putstr:
   601 00000690 55                              	PUSH	EBP
   602 00000691 83 C9 FF                        	OR	ECX,-1
   603 00000694 89 E5                           	MOV	EBP,ESP
   604 00000696 57                              	PUSH	EDI
   605 00000697 56                              	PUSH	ESI
   606 00000698 53                              	PUSH	EBX
   607 00000699 83 EC 0C                        	SUB	ESP,12
   608 0000069C 8B 55 14                        	MOV	EDX,DWORD [20+EBP]
   609 0000069F 8B 75 10                        	MOV	ESI,DWORD [16+EBP]
   610 000006A2 C1 E2 04                        	SAL	EDX,4
   611 000006A5 8B 7D 1C                        	MOV	EDI,DWORD [28+EBP]
   612 000006A8 8D 34 F5 00000008               	LEA	ESI,DWORD [8+ESI*8]
   613 000006AF 8D 42 1D                        	LEA	EAX,DWORD [29+EDX]
   614 000006B2 89 75 E8                        	MOV	DWORD [-24+EBP],ESI
   615 000006B5 FC                              	CLD
   616 000006B6 89 45 EC                        	MOV	DWORD [-20+EBP],EAX
   617 000006B9 83 C2 2C                        	ADD	EDX,44
   618 000006BC 31 C0                           	XOR	EAX,EAX
   619 000006BE F2                              	REPNE
   620 000006BF AE                              	SCASB
   621 000006C0 F7 D1                           	NOT	ECX
   622 000006C2 6A 00                           	PUSH	0
   623 000006C4 8B 45 08                        	MOV	EAX,DWORD [8+EBP]
   624 000006C7 52                              	PUSH	EDX
   625 000006C8 8D 4C CE F7                     	LEA	ECX,DWORD [-9+ESI+ECX*8]
   626 000006CC 51                              	PUSH	ECX
   627 000006CD 40                              	INC	EAX
   628 000006CE FF 75 EC                        	PUSH	DWORD [-20+EBP]
   629 000006D1 56                              	PUSH	ESI
   630 000006D2 8D 7D F2                        	LEA	EDI,DWORD [-14+EBP]
   631 000006D5 50                              	PUSH	EAX
   632 000006D6 E8 [00000000]                   	CALL	_api_boxfilwin
   633 000006DB 83 C4 18                        	ADD	ESP,24
   634 000006DE 8B 45 EC                        	MOV	EAX,DWORD [-20+EBP]
   635 000006E1 8B 5D 0C                        	MOV	EBX,DWORD [12+EBP]
   636 000006E4 69 C0 00000540                  	IMUL	EAX,EAX,1344
   637 000006EA C6 45 F3 00                     	MOV	BYTE [-13+EBP],0
   638 000006EE 01 C3                           	ADD	EBX,EAX
   639 000006F0                                 L84:
   640 000006F0 8B 45 1C                        	MOV	EAX,DWORD [28+EBP]
   641 000006F3 8A 08                           	MOV	CL,BYTE [EAX]
   642 000006F5 0F B6 D1                        	MOVZX	EDX,CL
   643 000006F8 85 D2                           	TEST	EDX,EDX
   644 000006FA 0F 84 000000E4                  	JE	L85
   645 00000700 83 FA 20                        	CMP	EDX,32
   646 00000703 0F 84 000000B4                  	JE	L88
   647 00000709 8D 42 9F                        	LEA	EAX,DWORD [-97+EDX]
   648 0000070C 83 F8 07                        	CMP	EAX,7
   649 0000070F 0F 87 000000B3                  	JA	L89
   650 00000715 C1 E2 04                        	SAL	EDX,4
   651 00000718 8D 1C B3                        	LEA	EBX,DWORD [EBX+ESI*4]
   652 0000071B 81 C2 [FFFFF9F0]                	ADD	EDX,_charset-1552
   653 00000721 31 C9                           	XOR	ECX,ECX
   654 00000723                                 L102:
   655 00000723 80 3C 11 00                     	CMP	BYTE [ECX+EDX*1],0
   656 00000727 79 05                           	JNS	L94
   657 00000729 8B 45 18                        	MOV	EAX,DWORD [24+EBP]
   658 0000072C 89 03                           	MOV	DWORD [EBX],EAX
   659 0000072E                                 L94:
   660 0000072E 8A 04 11                        	MOV	AL,BYTE [ECX+EDX*1]
   661 00000731 83 E0 40                        	AND	EAX,64
   662 00000734 84 C0                           	TEST	AL,AL
   663 00000736 74 06                           	JE	L95
   664 00000738 8B 45 18                        	MOV	EAX,DWORD [24+EBP]
   665 0000073B 89 43 04                        	MOV	DWORD [4+EBX],EAX
   666 0000073E                                 L95:
   667 0000073E 8A 04 11                        	MOV	AL,BYTE [ECX+EDX*1]
   668 00000741 83 E0 20                        	AND	EAX,32
   669 00000744 84 C0                           	TEST	AL,AL
   670 00000746 74 06                           	JE	L96
   671 00000748 8B 45 18                        	MOV	EAX,DWORD [24+EBP]
   672 0000074B 89 43 08                        	MOV	DWORD [8+EBX],EAX
   673 0000074E                                 L96:
   674 0000074E 8A 04 11                        	MOV	AL,BYTE [ECX+EDX*1]
   675 00000751 83 E0 10                        	AND	EAX,16
   676 00000754 84 C0                           	TEST	AL,AL
   677 00000756 74 06                           	JE	L97
   678 00000758 8B 45 18                        	MOV	EAX,DWORD [24+EBP]
   679 0000075B 89 43 0C                        	MOV	DWORD [12+EBX],EAX
   680 0000075E                                 L97:
   681 0000075E 8A 04 11                        	MOV	AL,BYTE [ECX+EDX*1]
   682 00000761 83 E0 08                        	AND	EAX,8
   683 00000764 84 C0                           	TEST	AL,AL
   684 00000766 74 06                           	JE	L98
   685 00000768 8B 45 18                        	MOV	EAX,DWORD [24+EBP]
   686 0000076B 89 43 10                        	MOV	DWORD [16+EBX],EAX
   687 0000076E                                 L98:
   688 0000076E 8A 04 11                        	MOV	AL,BYTE [ECX+EDX*1]
   689 00000771 83 E0 04                        	AND	EAX,4
   690 00000774 84 C0                           	TEST	AL,AL
   691 00000776 74 06                           	JE	L99
   692 00000778 8B 45 18                        	MOV	EAX,DWORD [24+EBP]
   693 0000077B 89 43 14                        	MOV	DWORD [20+EBX],EAX
   694 0000077E                                 L99:
   695 0000077E 8A 04 11                        	MOV	AL,BYTE [ECX+EDX*1]
   696 00000781 83 E0 02                        	AND	EAX,2
   697 00000784 84 C0                           	TEST	AL,AL
   698 00000786 74 06                           	JE	L100
   699 00000788 8B 45 18                        	MOV	EAX,DWORD [24+EBP]
   700 0000078B 89 43 18                        	MOV	DWORD [24+EBX],EAX
   701 0000078E                                 L100:
   702 0000078E 8A 04 11                        	MOV	AL,BYTE [ECX+EDX*1]
   703 00000791 83 E0 01                        	AND	EAX,1
   704 00000794 84 C0                           	TEST	AL,AL
   705 00000796 74 06                           	JE	L101
   706 00000798 8B 45 18                        	MOV	EAX,DWORD [24+EBP]
   707 0000079B 89 43 1C                        	MOV	DWORD [28+EBX],EAX
   708 0000079E                                 L101:
   709 0000079E 41                              	INC	ECX
   710 0000079F 81 C3 00000540                  	ADD	EBX,1344
   711 000007A5 83 F9 0F                        	CMP	ECX,15
   712 000007A8 0F 8E FFFFFF75                  	JLE	L102
   713 000007AE 8D 04 B5 00000000               	LEA	EAX,DWORD [0+ESI*4]
   714 000007B5 29 C3                           	SUB	EBX,EAX
   715 000007B7 8D 9B FFFFAC00                  	LEA	EBX,DWORD [-21504+EBX]
   716 000007BD                                 L88:
   717 000007BD FF 45 1C                        	INC	DWORD [28+EBP]
   718 000007C0 83 C6 08                        	ADD	ESI,8
   719 000007C3 E9 FFFFFF28                     	JMP	L84
   720 000007C8                                 L89:
   721 000007C8 57                              	PUSH	EDI
   722 000007C9 8B 45 08                        	MOV	EAX,DWORD [8+EBP]
   723 000007CC 6A 01                           	PUSH	1
   724 000007CE 40                              	INC	EAX
   725 000007CF FF 75 18                        	PUSH	DWORD [24+EBP]
   726 000007D2 FF 75 EC                        	PUSH	DWORD [-20+EBP]
   727 000007D5 56                              	PUSH	ESI
   728 000007D6 88 4D F2                        	MOV	BYTE [-14+EBP],CL
   729 000007D9 50                              	PUSH	EAX
   730 000007DA E8 [00000000]                   	CALL	_api_putstrwin
   731 000007DF 83 C4 18                        	ADD	ESP,24
   732 000007E2 EB D9                           	JMP	L88
   733 000007E4                                 L85:
   734 000007E4 8B 45 EC                        	MOV	EAX,DWORD [-20+EBP]
   735 000007E7 83 C0 10                        	ADD	EAX,16
   736 000007EA 50                              	PUSH	EAX
   737 000007EB 56                              	PUSH	ESI
   738 000007EC FF 75 EC                        	PUSH	DWORD [-20+EBP]
   739 000007EF FF 75 E8                        	PUSH	DWORD [-24+EBP]
   740 000007F2 FF 75 08                        	PUSH	DWORD [8+EBP]
   741 000007F5 E8 [00000000]                   	CALL	_api_refreshwin
   742 000007FA 8D 65 F4                        	LEA	ESP,DWORD [-12+EBP]
   743 000007FD 5B                              	POP	EBX
   744 000007FE 5E                              	POP	ESI
   745 000007FF 5F                              	POP	EDI
   746 00000800 5D                              	POP	EBP
   747 00000801 C3                              	RET
   748 00000802                                 	GLOBAL	_wait
   749 00000802                                 _wait:
   750 00000802 55                              	PUSH	EBP
   751 00000803 89 E5                           	MOV	EBP,ESP
   752 00000805 56                              	PUSH	ESI
   753 00000806 53                              	PUSH	EBX
   754 00000807 8B 5D 08                        	MOV	EBX,DWORD [8+EBP]
   755 0000080A 8B 75 10                        	MOV	ESI,DWORD [16+EBP]
   756 0000080D 85 DB                           	TEST	EBX,EBX
   757 0000080F 7E 43                           	JLE	L107
   758 00000811 53                              	PUSH	EBX
   759 00000812 BB 00000080                     	MOV	EBX,128
   760 00000817 FF 75 0C                        	PUSH	DWORD [12+EBP]
   761 0000081A E8 [00000000]                   	CALL	_api_settimer
   762 0000081F 59                              	POP	ECX
   763 00000820 58                              	POP	EAX
   764 00000821                                 L109:
   765 00000821 6A 01                           	PUSH	1
   766 00000823 E8 [00000000]                   	CALL	_api_getkey
   767 00000828 5A                              	POP	EDX
   768 00000829 39 C3                           	CMP	EBX,EAX
   769 0000082B 74 20                           	JE	L106
   770 0000082D 83 F8 34                        	CMP	EAX,52
   771 00000830 74 16                           	JE	L116
   772 00000832                                 L113:
   773 00000832 83 F8 36                        	CMP	EAX,54
   774 00000835 74 0B                           	JE	L117
   775 00000837                                 L114:
   776 00000837 83 F8 20                        	CMP	EAX,32
   777 0000083A 75 E5                           	JNE	L109
   778 0000083C C6 46 02 01                     	MOV	BYTE [2+ESI],1
   779 00000840 EB DF                           	JMP	L109
   780 00000842                                 L117:
   781 00000842 C6 46 01 01                     	MOV	BYTE [1+ESI],1
   782 00000846 EB EF                           	JMP	L114
   783 00000848                                 L116:
   784 00000848 C6 06 01                        	MOV	BYTE [ESI],1
   785 0000084B EB E5                           	JMP	L113
   786 0000084D                                 L106:
   787 0000084D 8D 65 F8                        	LEA	ESP,DWORD [-8+EBP]
   788 00000850 5B                              	POP	EBX
   789 00000851 5E                              	POP	ESI
   790 00000852 5D                              	POP	EBP
   791 00000853 C3                              	RET
   792 00000854                                 L107:
   793 00000854 BB 0000000A                     	MOV	EBX,10
   794 00000859 EB C6                           	JMP	L109
   795 0000085B                                 	GLOBAL	_setdec8
   796 0000085B                                 _setdec8:
   797 0000085B 55                              	PUSH	EBP
   798 0000085C B9 00000007                     	MOV	ECX,7
   799 00000861 89 E5                           	MOV	EBP,ESP
   800 00000863 57                              	PUSH	EDI
   801 00000864 56                              	PUSH	ESI
   802 00000865 53                              	PUSH	EBX
   803 00000866 8B 5D 08                        	MOV	EBX,DWORD [8+EBP]
   804 00000869                                 L123:
   805 00000869 8B 45 0C                        	MOV	EAX,DWORD [12+EBP]
   806 0000086C BA 0000000A                     	MOV	EDX,10
   807 00000871 89 D7                           	MOV	EDI,EDX
   808 00000873 99                              	CDQ
   809 00000874 F7 FF                           	IDIV	EDI
   810 00000876 83 C2 30                        	ADD	EDX,48
   811 00000879 88 14 19                        	MOV	BYTE [ECX+EBX*1],DL
   812 0000087C 49                              	DEC	ECX
   813 0000087D 89 45 0C                        	MOV	DWORD [12+EBP],EAX
   814 00000880 79 E7                           	JNS	L123
   815 00000882 C6 43 08 00                     	MOV	BYTE [8+EBX],0
   816 00000886 5B                              	POP	EBX
   817 00000887 5E                              	POP	ESI
   818 00000888 5F                              	POP	EDI
   819 00000889 5D                              	POP	EBP
   820 0000088A C3                              	RET
