     1 00000000                                 [FORMAT "WCOFF"]
     2 00000000                                 [INSTRSET "i486p"]
     3 00000000                                 [OPTIMIZE 1]
     4 00000000                                 [OPTION 1]
     5 00000000                                 [BITS 32]
     6 00000000                                 [FILE "bmp.c"]
     7                                          [SECTION .text]
     8 00000000                                 	GLOBAL	_write_bmp
     9 00000000                                 _write_bmp:
    10 00000000 55                              	PUSH	EBP
    11 00000001 31 C0                           	XOR	EAX,EAX
    12 00000003 89 E5                           	MOV	EBP,ESP
    13 00000005 B9 0000000E                     	MOV	ECX,14
    14 0000000A 57                              	PUSH	EDI
    15 0000000B 56                              	PUSH	ESI
    16 0000000C 8D 7D E4                        	LEA	EDI,DWORD [-28+EBP]
    17 0000000F 53                              	PUSH	EBX
    18 00000010 31 DB                           	XOR	EBX,EBX
    19 00000012 83 EC 4C                        	SUB	ESP,76
    20 00000015 8B 75 0C                        	MOV	ESI,DWORD [12+EBP]
    21 00000018 8B 55 0C                        	MOV	EDX,DWORD [12+EBP]
    22 0000001B FC                              	CLD
    23 0000001C C1 E2 02                        	SAL	EDX,2
    24 0000001F 83 C6 03                        	ADD	ESI,3
    25 00000022 83 E6 FC                        	AND	ESI,-4
    26 00000025 2B 75 0C                        	SUB	ESI,DWORD [12+EBP]
    27 00000028 F3                              	REP
    28 00000029 AA                              	STOSB
    29 0000002A 89 D8                           	MOV	EAX,EBX
    30 0000002C 8D 7D B4                        	LEA	EDI,DWORD [-76+EBP]
    31 0000002F B9 0000000A                     	MOV	ECX,10
    32 00000034 F3                              	REP
    33 00000035 AB                              	STOSD
    34 00000036 8D 04 16                        	LEA	EAX,DWORD [ESI+EDX*1]
    35 00000039 8B 4D 0C                        	MOV	ECX,DWORD [12+EBP]
    36 0000003C 0F AF 45 10                     	IMUL	EAX,DWORD [16+EBP]
    37 00000040 83 C0 36                        	ADD	EAX,54
    38 00000043 89 4D B8                        	MOV	DWORD [-72+EBP],ECX
    39 00000046 89 45 E6                        	MOV	DWORD [-26+EBP],EAX
    40 00000049 31 FF                           	XOR	EDI,EDI
    41 0000004B 8B 45 10                        	MOV	EAX,DWORD [16+EBP]
    42 0000004E 0F AF D0                        	IMUL	EDX,EAX
    43 00000051 66 C7 45 E4 4D42                	MOV	WORD [-28+EBP],19778
    44 00000057 C7 45 EE 00000036               	MOV	DWORD [-18+EBP],54
    45 0000005E C7 45 B4 00000028               	MOV	DWORD [-76+EBP],40
    46 00000065 89 45 BC                        	MOV	DWORD [-68+EBP],EAX
    47 00000068 89 55 C8                        	MOV	DWORD [-56+EBP],EDX
    48 0000006B 66 C7 45 C0 0001                	MOV	WORD [-64+EBP],1
    49 00000071 66 C7 45 C2 0020                	MOV	WORD [-62+EBP],32
    50 00000077                                 L6:
    51 00000077 8B 55 14                        	MOV	EDX,DWORD [20+EBP]
    52 0000007A 8A 44 2F E4                     	MOV	AL,BYTE [-28+EDI+EBP*1]
    53 0000007E 47                              	INC	EDI
    54 0000007F 88 04 13                        	MOV	BYTE [EBX+EDX*1],AL
    55 00000082 43                              	INC	EBX
    56 00000083 83 FF 0D                        	CMP	EDI,13
    57 00000086 76 EF                           	JBE	L6
    58 00000088 BB 0000000E                     	MOV	EBX,14
    59 0000008D 8D 55 B4                        	LEA	EDX,DWORD [-76+EBP]
    60 00000090 31 FF                           	XOR	EDI,EDI
    61 00000092                                 L11:
    62 00000092 8B 4D 14                        	MOV	ECX,DWORD [20+EBP]
    63 00000095 8A 04 17                        	MOV	AL,BYTE [EDI+EDX*1]
    64 00000098 47                              	INC	EDI
    65 00000099 88 04 0B                        	MOV	BYTE [EBX+ECX*1],AL
    66 0000009C 43                              	INC	EBX
    67 0000009D 83 FF 27                        	CMP	EDI,39
    68 000000A0 76 F0                           	JBE	L11
    69 000000A2 8B 7D 10                        	MOV	EDI,DWORD [16+EBP]
    70 000000A5 BB 00000036                     	MOV	EBX,54
    71 000000AA 4F                              	DEC	EDI
    72 000000AB 78 5E                           	JS	L32
    73 000000AD                                 L26:
    74 000000AD 31 C9                           	XOR	ECX,ECX
    75 000000AF 3B 4D 0C                        	CMP	ECX,DWORD [12+EBP]
    76 000000B2 7D 43                           	JGE	L34
    77 000000B4                                 L20:
    78 000000B4 8B 55 0C                        	MOV	EDX,DWORD [12+EBP]
    79 000000B7 8B 45 08                        	MOV	EAX,DWORD [8+EBP]
    80 000000BA 0F AF D7                        	IMUL	EDX,EDI
    81 000000BD 01 CA                           	ADD	EDX,ECX
    82 000000BF 41                              	INC	ECX
    83 000000C0 89 55 A8                        	MOV	DWORD [-88+EBP],EDX
    84 000000C3 8A 04 90                        	MOV	AL,BYTE [EAX+EDX*4]
    85 000000C6 8B 55 14                        	MOV	EDX,DWORD [20+EBP]
    86 000000C9 88 04 13                        	MOV	BYTE [EBX+EDX*1],AL
    87 000000CC 43                              	INC	EBX
    88 000000CD 8B 55 08                        	MOV	EDX,DWORD [8+EBP]
    89 000000D0 8B 45 A8                        	MOV	EAX,DWORD [-88+EBP]
    90 000000D3 8B 04 82                        	MOV	EAX,DWORD [EDX+EAX*4]
    91 000000D6 8B 55 14                        	MOV	EDX,DWORD [20+EBP]
    92 000000D9 C1 F8 08                        	SAR	EAX,8
    93 000000DC 88 04 13                        	MOV	BYTE [EBX+EDX*1],AL
    94 000000DF 43                              	INC	EBX
    95 000000E0 8B 55 08                        	MOV	EDX,DWORD [8+EBP]
    96 000000E3 8B 45 A8                        	MOV	EAX,DWORD [-88+EBP]
    97 000000E6 0F BF 44 82 02                  	MOVSX	EAX,WORD [2+EDX+EAX*4]
    98 000000EB 8B 55 14                        	MOV	EDX,DWORD [20+EBP]
    99 000000EE 88 04 13                        	MOV	BYTE [EBX+EDX*1],AL
   100 000000F1 43                              	INC	EBX
   101 000000F2 3B 4D 0C                        	CMP	ECX,DWORD [12+EBP]
   102 000000F5 7C BD                           	JL	L20
   103 000000F7                                 L34:
   104 000000F7 85 F6                           	TEST	ESI,ESI
   105 000000F9 7E 0D                           	JLE	L36
   106 000000FB 89 F1                           	MOV	ECX,ESI
   107 000000FD                                 L25:
   108 000000FD 8B 45 14                        	MOV	EAX,DWORD [20+EBP]
   109 00000100 C6 04 03 00                     	MOV	BYTE [EBX+EAX*1],0
   110 00000104 43                              	INC	EBX
   111 00000105 49                              	DEC	ECX
   112 00000106 75 F5                           	JNE	L25
   113 00000108                                 L36:
   114 00000108 4F                              	DEC	EDI
   115 00000109 79 A2                           	JNS	L26
   116 0000010B                                 L32:
   117 0000010B 83 C4 4C                        	ADD	ESP,76
   118 0000010E 5B                              	POP	EBX
   119 0000010F 5E                              	POP	ESI
   120 00000110 5F                              	POP	EDI
   121 00000111 5D                              	POP	EBP
   122 00000112 C3                              	RET
