     1 00000000                                 [FORMAT "WCOFF"]
     2 00000000                                 [INSTRSET "i486p"]
     3 00000000                                 [OPTIMIZE 1]
     4 00000000                                 [OPTION 1]
     5 00000000                                 [BITS 32]
     6 00000000                                 	EXTERN	_init_gdtidt
     7 00000000                                 	EXTERN	_support_apic
     8 00000000                                 	EXTERN	_init_pic
     9 00000000                                 	EXTERN	_io_sti
    10 00000000                                 	EXTERN	_fifo32_init
    11 00000000                                 	EXTERN	_init_pit
    12 00000000                                 	EXTERN	_init_keyboard
    13 00000000                                 	EXTERN	_enable_mouse
    14 00000000                                 	EXTERN	_memtest
    15 00000000                                 	EXTERN	_memman_init
    16 00000000                                 	EXTERN	_memman_free
    17 00000000                                 	EXTERN	_memman_alloc_4k
    18 00000000                                 	EXTERN	_io_wrmsr
    19 00000000                                 	EXTERN	_sys_call
    20 00000000                                 	EXTERN	_init_palette
    21 00000000                                 	EXTERN	_shtctl_init
    22 00000000                                 	EXTERN	_task_init
    23 00000000                                 	EXTERN	_task_run
    24 00000000                                 	EXTERN	_sheet_alloc
    25 00000000                                 	EXTERN	_sheet_setbuf
    26 00000000                                 	EXTERN	_init_screen8
    27 00000000                                 	EXTERN	_init_mouse_cursor8
    28 00000000                                 	EXTERN	_sheet_slide
    29 00000000                                 	EXTERN	_sheet_updown
    30 00000000                                 	EXTERN	_fifo32_put
    31 00000000                                 	EXTERN	_file_readfat
    32 00000000                                 	EXTERN	_file_search
    33 00000000                                 	EXTERN	_file_loadfile2
    34 00000000                                 	EXTERN	_memman_free_4k
    35 00000000                                 	EXTERN	_fifo32_status
    36 00000000                                 	EXTERN	_io_cli
    37 00000000                                 	EXTERN	_fifo32_get
    38 00000000                                 	EXTERN	_sheet_free
    39 00000000                                 	EXTERN	_taskctl
    40 00000000                                 	EXTERN	_mouse_decode
    41 00000000                                 	EXTERN	_cons_putstr0
    42 00000000                                 	EXTERN	_asm_end_app
    43 00000000                                 	EXTERN	_keytable0.0
    44 00000000                                 	EXTERN	_wait_KBC_sendready
    45 00000000                                 	EXTERN	_io_out8
    46 00000000                                 	EXTERN	_keytable1.1
    47 00000000                                 	EXTERN	_task_sleep
    48 00000000                                 	EXTERN	_hankaku
    49 00000000                                 	EXTERN	_init_apic
    50 00000000                                 	EXTERN	_change_wtitle8
    51 00000000                                 	EXTERN	_task_alloc
    52 00000000                                 	EXTERN	_console_task
    53 00000000                                 	EXTERN	_make_window8
    54 00000000                                 	EXTERN	_make_textbox8
    55 00000000                                 [FILE "bootpack.c"]
    56                                          [SECTION .data]
    57 00000000                                 _keytable0.0:
    58 00000000 00                              	DB	0
    59 00000001 00                              	DB	0
    60 00000002 31                              	DB	49
    61 00000003 32                              	DB	50
    62 00000004 33                              	DB	51
    63 00000005 34                              	DB	52
    64 00000006 35                              	DB	53
    65 00000007 36                              	DB	54
    66 00000008 37                              	DB	55
    67 00000009 38                              	DB	56
    68 0000000A 39                              	DB	57
    69 0000000B 30                              	DB	48
    70 0000000C 2D                              	DB	45
    71 0000000D 5E                              	DB	94
    72 0000000E 08                              	DB	8
    73 0000000F 00                              	DB	0
    74 00000010 51                              	DB	81
    75 00000011 57                              	DB	87
    76 00000012 45                              	DB	69
    77 00000013 52                              	DB	82
    78 00000014 54                              	DB	84
    79 00000015 59                              	DB	89
    80 00000016 55                              	DB	85
    81 00000017 49                              	DB	73
    82 00000018 4F                              	DB	79
    83 00000019 50                              	DB	80
    84 0000001A 40                              	DB	64
    85 0000001B 5B                              	DB	91
    86 0000001C 0A                              	DB	10
    87 0000001D 00                              	DB	0
    88 0000001E 41                              	DB	65
    89 0000001F 53                              	DB	83
    90 00000020 44                              	DB	68
    91 00000021 46                              	DB	70
    92 00000022 47                              	DB	71
    93 00000023 48                              	DB	72
    94 00000024 4A                              	DB	74
    95 00000025 4B                              	DB	75
    96 00000026 4C                              	DB	76
    97 00000027 3B                              	DB	59
    98 00000028 3A                              	DB	58
    99 00000029 00                              	DB	0
   100 0000002A 00                              	DB	0
   101 0000002B 5D                              	DB	93
   102 0000002C 5A                              	DB	90
   103 0000002D 58                              	DB	88
   104 0000002E 43                              	DB	67
   105 0000002F 56                              	DB	86
   106 00000030 42                              	DB	66
   107 00000031 4E                              	DB	78
   108 00000032 4D                              	DB	77
   109 00000033 2C                              	DB	44
   110 00000034 2E                              	DB	46
   111 00000035 2F                              	DB	47
   112 00000036 00                              	DB	0
   113 00000037 2A                              	DB	42
   114 00000038 00                              	DB	0
   115 00000039 20                              	DB	32
   116 0000003A 00                              	DB	0
   117 0000003B 00                              	DB	0
   118 0000003C 00                              	DB	0
   119 0000003D 00                              	DB	0
   120 0000003E 00                              	DB	0
   121 0000003F 00                              	DB	0
   122 00000040 00                              	DB	0
   123 00000041 00                              	DB	0
   124 00000042 00                              	DB	0
   125 00000043 00                              	DB	0
   126 00000044 00                              	DB	0
   127 00000045 00                              	DB	0
   128 00000046 00                              	DB	0
   129 00000047 37                              	DB	55
   130 00000048 38                              	DB	56
   131 00000049 39                              	DB	57
   132 0000004A 2D                              	DB	45
   133 0000004B 34                              	DB	52
   134 0000004C 35                              	DB	53
   135 0000004D 36                              	DB	54
   136 0000004E 2B                              	DB	43
   137 0000004F 31                              	DB	49
   138 00000050 32                              	DB	50
   139 00000051 33                              	DB	51
   140 00000052 30                              	DB	48
   141 00000053 2E                              	DB	46
   142 00000054 00                              	DB	0
   143 00000055 00                              	DB	0
   144 00000056 00                              	DB	0
   145 00000057 00                              	DB	0
   146 00000058 00                              	DB	0
   147 00000059 00                              	DB	0
   148 0000005A 00                              	DB	0
   149 0000005B 00                              	DB	0
   150 0000005C 00                              	DB	0
   151 0000005D 00                              	DB	0
   152 0000005E 00                              	DB	0
   153 0000005F 00                              	DB	0
   154 00000060 00                              	DB	0
   155 00000061 00                              	DB	0
   156 00000062 00                              	DB	0
   157 00000063 00                              	DB	0
   158 00000064 00                              	DB	0
   159 00000065 00                              	DB	0
   160 00000066 00                              	DB	0
   161 00000067 00                              	DB	0
   162 00000068 00                              	DB	0
   163 00000069 00                              	DB	0
   164 0000006A 00                              	DB	0
   165 0000006B 00                              	DB	0
   166 0000006C 00                              	DB	0
   167 0000006D 00                              	DB	0
   168 0000006E 00                              	DB	0
   169 0000006F 00                              	DB	0
   170 00000070 00                              	DB	0
   171 00000071 00                              	DB	0
   172 00000072 00                              	DB	0
   173 00000073 5C                              	DB	92
   174 00000074 00                              	DB	0
   175 00000075 00                              	DB	0
   176 00000076 00                              	DB	0
   177 00000077 00                              	DB	0
   178 00000078 00                              	DB	0
   179 00000079 00                              	DB	0
   180 0000007A 00                              	DB	0
   181 0000007B 00                              	DB	0
   182 0000007C 00                              	DB	0
   183 0000007D 5C                              	DB	92
   184 0000007E 00                              	DB	0
   185 0000007F 00                              	DB	0
   186 00000080                                 _keytable1.1:
   187 00000080 00                              	DB	0
   188 00000081 00                              	DB	0
   189 00000082 21                              	DB	33
   190 00000083 22                              	DB	34
   191 00000084 23                              	DB	35
   192 00000085 24                              	DB	36
   193 00000086 25                              	DB	37
   194 00000087 26                              	DB	38
   195 00000088 27                              	DB	39
   196 00000089 28                              	DB	40
   197 0000008A 29                              	DB	41
   198 0000008B 7E                              	DB	126
   199 0000008C 3D                              	DB	61
   200 0000008D 7E                              	DB	126
   201 0000008E 08                              	DB	8
   202 0000008F 00                              	DB	0
   203 00000090 51                              	DB	81
   204 00000091 57                              	DB	87
   205 00000092 45                              	DB	69
   206 00000093 52                              	DB	82
   207 00000094 54                              	DB	84
   208 00000095 59                              	DB	89
   209 00000096 55                              	DB	85
   210 00000097 49                              	DB	73
   211 00000098 4F                              	DB	79
   212 00000099 50                              	DB	80
   213 0000009A 60                              	DB	96
   214 0000009B 7B                              	DB	123
   215 0000009C 0A                              	DB	10
   216 0000009D 00                              	DB	0
   217 0000009E 41                              	DB	65
   218 0000009F 53                              	DB	83
   219 000000A0 44                              	DB	68
   220 000000A1 46                              	DB	70
   221 000000A2 47                              	DB	71
   222 000000A3 48                              	DB	72
   223 000000A4 4A                              	DB	74
   224 000000A5 4B                              	DB	75
   225 000000A6 4C                              	DB	76
   226 000000A7 2B                              	DB	43
   227 000000A8 2A                              	DB	42
   228 000000A9 00                              	DB	0
   229 000000AA 00                              	DB	0
   230 000000AB 7D                              	DB	125
   231 000000AC 5A                              	DB	90
   232 000000AD 58                              	DB	88
   233 000000AE 43                              	DB	67
   234 000000AF 56                              	DB	86
   235 000000B0 42                              	DB	66
   236 000000B1 4E                              	DB	78
   237 000000B2 4D                              	DB	77
   238 000000B3 3C                              	DB	60
   239 000000B4 3E                              	DB	62
   240 000000B5 3F                              	DB	63
   241 000000B6 00                              	DB	0
   242 000000B7 2A                              	DB	42
   243 000000B8 00                              	DB	0
   244 000000B9 20                              	DB	32
   245 000000BA 00                              	DB	0
   246 000000BB 00                              	DB	0
   247 000000BC 00                              	DB	0
   248 000000BD 00                              	DB	0
   249 000000BE 00                              	DB	0
   250 000000BF 00                              	DB	0
   251 000000C0 00                              	DB	0
   252 000000C1 00                              	DB	0
   253 000000C2 00                              	DB	0
   254 000000C3 00                              	DB	0
   255 000000C4 00                              	DB	0
   256 000000C5 00                              	DB	0
   257 000000C6 00                              	DB	0
   258 000000C7 37                              	DB	55
   259 000000C8 38                              	DB	56
   260 000000C9 39                              	DB	57
   261 000000CA 2D                              	DB	45
   262 000000CB 34                              	DB	52
   263 000000CC 35                              	DB	53
   264 000000CD 36                              	DB	54
   265 000000CE 2B                              	DB	43
   266 000000CF 31                              	DB	49
   267 000000D0 32                              	DB	50
   268 000000D1 33                              	DB	51
   269 000000D2 30                              	DB	48
   270 000000D3 2E                              	DB	46
   271 000000D4 00                              	DB	0
   272 000000D5 00                              	DB	0
   273 000000D6 00                              	DB	0
   274 000000D7 00                              	DB	0
   275 000000D8 00                              	DB	0
   276 000000D9 00                              	DB	0
   277 000000DA 00                              	DB	0
   278 000000DB 00                              	DB	0
   279 000000DC 00                              	DB	0
   280 000000DD 00                              	DB	0
   281 000000DE 00                              	DB	0
   282 000000DF 00                              	DB	0
   283 000000E0 00                              	DB	0
   284 000000E1 00                              	DB	0
   285 000000E2 00                              	DB	0
   286 000000E3 00                              	DB	0
   287 000000E4 00                              	DB	0
   288 000000E5 00                              	DB	0
   289 000000E6 00                              	DB	0
   290 000000E7 00                              	DB	0
   291 000000E8 00                              	DB	0
   292 000000E9 00                              	DB	0
   293 000000EA 00                              	DB	0
   294 000000EB 00                              	DB	0
   295 000000EC 00                              	DB	0
   296 000000ED 00                              	DB	0
   297 000000EE 00                              	DB	0
   298 000000EF 00                              	DB	0
   299 000000F0 00                              	DB	0
   300 000000F1 00                              	DB	0
   301 000000F2 00                              	DB	0
   302 000000F3 5F                              	DB	95
   303 000000F4 00                              	DB	0
   304 000000F5 00                              	DB	0
   305 000000F6 00                              	DB	0
   306 000000F7 00                              	DB	0
   307 000000F8 00                              	DB	0
   308 000000F9 00                              	DB	0
   309 000000FA 00                              	DB	0
   310 000000FB 00                              	DB	0
   311 000000FC 00                              	DB	0
   312 000000FD 7C                              	DB	124
   313 000000FE 00                              	DB	0
   314 000000FF 00                              	DB	0
   315 00000100                                 LC0:
   316 00000100 6E 69 68 6F 6E 67 6F 2E 66 6E   	DB	"nihongo.fnt",0x00
       0000010A 74 00 
   317 0000010C                                 LC2:
   318 0000010C 0A 42 72 65 61 6B 28 6D 6F 75   	DB	0x0A,"Break(mouse) :",0x0A,0x00
       00000116 73 65 29 20 3A 0A 00 
   319 0000011D                                 LC1:
   320 0000011D 0A 42 72 65 61 6B 28 6B 65 79   	DB	0x0A,"Break(key) :",0x0A,0x00
       00000127 29 20 3A 0A 00 
   321                                          [SECTION .text]
   322 00000000                                 	GLOBAL	_HariMain
   323 00000000                                 _HariMain:
   324 00000000 55                              	PUSH	EBP
   325 00000001 89 E5                           	MOV	EBP,ESP
   326 00000003 57                              	PUSH	EDI
   327 00000004 56                              	PUSH	ESI
   328 00000005 53                              	PUSH	EBX
   329 00000006 81 EC 00000454                  	SUB	ESP,1108
   330 0000000C C7 85 FFFFFBE0 FFFFFFFF         	MOV	DWORD [-1056+EBP],-1
   331 00000016 C7 85 FFFFFBDC 00000000         	MOV	DWORD [-1060+EBP],0
   332 00000020 C7 85 FFFFFBD8 7FFFFFFF         	MOV	DWORD [-1064+EBP],2147483647
   333 0000002A C7 85 FFFFFBD4 00000000         	MOV	DWORD [-1068+EBP],0
   334 00000034 C7 85 FFFFFBC4 00000000         	MOV	DWORD [-1084+EBP],0
   335 0000003E A0 00000FF1                     	MOV	AL,BYTE [4081]
   336 00000043 C0 F8 04                        	SAR	AL,4
   337 00000046 89 C2                           	MOV	EDX,EAX
   338 00000048 83 E2 07                        	AND	EDX,7
   339 0000004B 89 95 FFFFFBC0                  	MOV	DWORD [-1088+EBP],EDX
   340 00000051 C7 85 FFFFFBBC FFFFFFFF         	MOV	DWORD [-1092+EBP],-1
   341 0000005B C7 85 FFFFFBB8 FFFFFFFF         	MOV	DWORD [-1096+EBP],-1
   342 00000065 C7 85 FFFFFBB4 FFFFFFFF         	MOV	DWORD [-1100+EBP],-1
   343 0000006F C7 85 FFFFFBB0 00000000         	MOV	DWORD [-1104+EBP],0
   344 00000079 C7 85 FFFFFBAC 00000000         	MOV	DWORD [-1108+EBP],0
   345 00000083 E8 [00000000]                   	CALL	_init_gdtidt
   346 00000088 E8 [00000000]                   	CALL	_support_apic
   347 0000008D 48                              	DEC	EAX
   348 0000008E 0F 84 00000B2D                  	JE	L96
   349 00000094 E8 [00000000]                   	CALL	_init_pic
   350 00000099                                 L3:
   351 00000099 8D 5D A4                        	LEA	EBX,DWORD [-92+EBP]
   352 0000009C E8 [00000000]                   	CALL	_io_sti
   353 000000A1 6A 00                           	PUSH	0
   354 000000A3 8D 85 FFFFFD84                  	LEA	EAX,DWORD [-636+EBP]
   355 000000A9 50                              	PUSH	EAX
   356 000000AA 68 00000080                     	PUSH	128
   357 000000AF 53                              	PUSH	EBX
   358 000000B0 E8 [00000000]                   	CALL	_fifo32_init
   359 000000B5 89 1D 00000FEC                  	MOV	DWORD [4076],EBX
   360 000000BB E8 [00000000]                   	CALL	_init_pit
   361 000000C0 68 00000100                     	PUSH	256
   362 000000C5 53                              	PUSH	EBX
   363 000000C6 E8 [00000000]                   	CALL	_init_keyboard
   364 000000CB 8D 85 FFFFFCF4                  	LEA	EAX,DWORD [-780+EBP]
   365 000000D1 50                              	PUSH	EAX
   366 000000D2 68 00000200                     	PUSH	512
   367 000000D7 53                              	PUSH	EBX
   368 000000D8 E8 [00000000]                   	CALL	_enable_mouse
   369 000000DD 8D 85 FFFFFD04                  	LEA	EAX,DWORD [-764+EBP]
   370 000000E3 83 C4 24                        	ADD	ESP,36
   371 000000E6 6A 00                           	PUSH	0
   372 000000E8 50                              	PUSH	EAX
   373 000000E9 8D 45 84                        	LEA	EAX,DWORD [-124+EBP]
   374 000000EC 6A 20                           	PUSH	32
   375 000000EE 50                              	PUSH	EAX
   376 000000EF E8 [00000000]                   	CALL	_fifo32_init
   377 000000F4 68 BFFFFFFF                     	PUSH	-1073741825
   378 000000F9 68 00400000                     	PUSH	4194304
   379 000000FE E8 [00000000]                   	CALL	_memtest
   380 00000103 68 003C0000                     	PUSH	3932160
   381 00000108 89 85 FFFFFBD0                  	MOV	DWORD [-1072+EBP],EAX
   382 0000010E E8 [00000000]                   	CALL	_memman_init
   383 00000113 68 0009E000                     	PUSH	647168
   384 00000118 68 00001000                     	PUSH	4096
   385 0000011D 68 003C0000                     	PUSH	3932160
   386 00000122 E8 [00000000]                   	CALL	_memman_free
   387 00000127 8B 85 FFFFFBD0                  	MOV	EAX,DWORD [-1072+EBP]
   388 0000012D 83 C4 28                        	ADD	ESP,40
   389 00000130 2D 00400000                     	SUB	EAX,4194304
   390 00000135 50                              	PUSH	EAX
   391 00000136 68 00400000                     	PUSH	4194304
   392 0000013B 68 003C0000                     	PUSH	3932160
   393 00000140 E8 [00000000]                   	CALL	_memman_free
   394 00000145 68 00001000                     	PUSH	4096
   395 0000014A 68 003C0000                     	PUSH	3932160
   396 0000014F E8 [00000000]                   	CALL	_memman_alloc_4k
   397 00000154 68 00000174                     	PUSH	372
   398 00000159 6A 04                           	PUSH	4
   399 0000015B 6A 00                           	PUSH	0
   400 0000015D E8 [00000000]                   	CALL	_io_wrmsr
   401 00000162 83 C4 20                        	ADD	ESP,32
   402 00000165 68 00000176                     	PUSH	374
   403 0000016A 68 [00000000]                   	PUSH	_sys_call
   404 0000016F 6A 00                           	PUSH	0
   405 00000171 E8 [00000000]                   	CALL	_io_wrmsr
   406 00000176 68 00000175                     	PUSH	373
   407 0000017B 68 00001000                     	PUSH	4096
   408 00000180 6A 00                           	PUSH	0
   409 00000182 E8 [00000000]                   	CALL	_io_wrmsr
   410 00000187 E8 [00000000]                   	CALL	_init_palette
   411 0000018C 0F BF 05 00000FF6               	MOVSX	EAX,WORD [4086]
   412 00000193 50                              	PUSH	EAX
   413 00000194 0F BF 05 00000FF4               	MOVSX	EAX,WORD [4084]
   414 0000019B 50                              	PUSH	EAX
   415 0000019C FF 35 00000FF8                  	PUSH	DWORD [4088]
   416 000001A2 68 003C0000                     	PUSH	3932160
   417 000001A7 E8 [00000000]                   	CALL	_shtctl_init
   418 000001AC 83 C4 28                        	ADD	ESP,40
   419 000001AF 68 003C0000                     	PUSH	3932160
   420 000001B4 89 85 FFFFFBEC                  	MOV	DWORD [-1044+EBP],EAX
   421 000001BA E8 [00000000]                   	CALL	_task_init
   422 000001BF 6A 02                           	PUSH	2
   423 000001C1 6A 01                           	PUSH	1
   424 000001C3 50                              	PUSH	EAX
   425 000001C4 89 85 FFFFFBC8                  	MOV	DWORD [-1080+EBP],EAX
   426 000001CA 89 45 BC                        	MOV	DWORD [-68+EBP],EAX
   427 000001CD E8 [00000000]                   	CALL	_task_run
   428 000001D2 8B 85 FFFFFBC8                  	MOV	EAX,DWORD [-1080+EBP]
   429 000001D8 8B 95 FFFFFBEC                  	MOV	EDX,DWORD [-1044+EBP]
   430 000001DE 89 15 00000FE4                  	MOV	DWORD [4068],EDX
   431 000001E4 C6 80 000000CC 00               	MOV	BYTE [204+EAX],0
   432 000001EB 52                              	PUSH	EDX
   433 000001EC E8 [00000000]                   	CALL	_sheet_alloc
   434 000001F1 89 C6                           	MOV	ESI,EAX
   435 000001F3 0F BF 15 00000FF6               	MOVSX	EDX,WORD [4086]
   436 000001FA 0F BF 05 00000FF4               	MOVSX	EAX,WORD [4084]
   437 00000201 0F AF C2                        	IMUL	EAX,EDX
   438 00000204 50                              	PUSH	EAX
   439 00000205 68 003C0000                     	PUSH	3932160
   440 0000020A E8 [00000000]                   	CALL	_memman_alloc_4k
   441 0000020F 6A FF                           	PUSH	-1
   442 00000211 89 C3                           	MOV	EBX,EAX
   443 00000213 0F BF 05 00000FF6               	MOVSX	EAX,WORD [4086]
   444 0000021A 50                              	PUSH	EAX
   445 0000021B 0F BF 05 00000FF4               	MOVSX	EAX,WORD [4084]
   446 00000222 50                              	PUSH	EAX
   447 00000223 53                              	PUSH	EBX
   448 00000224 56                              	PUSH	ESI
   449 00000225 E8 [00000000]                   	CALL	_sheet_setbuf
   450 0000022A 83 C4 30                        	ADD	ESP,48
   451 0000022D 0F BF 05 00000FF6               	MOVSX	EAX,WORD [4086]
   452 00000234 50                              	PUSH	EAX
   453 00000235 0F BF 05 00000FF4               	MOVSX	EAX,WORD [4084]
   454 0000023C 50                              	PUSH	EAX
   455 0000023D 53                              	PUSH	EBX
   456 0000023E 8D 9D FFFFFBF4                  	LEA	EBX,DWORD [-1036+EBP]
   457 00000244 E8 [00000000]                   	CALL	_init_screen8
   458 00000249 FF B5 FFFFFBD0                  	PUSH	DWORD [-1072+EBP]
   459 0000024F FF B5 FFFFFBEC                  	PUSH	DWORD [-1044+EBP]
   460 00000255 E8 00000A79                     	CALL	_open_console
   461 0000025A FF B5 FFFFFBEC                  	PUSH	DWORD [-1044+EBP]
   462 00000260 89 C7                           	MOV	EDI,EAX
   463 00000262 E8 [00000000]                   	CALL	_sheet_alloc
   464 00000267 6A 63                           	PUSH	99
   465 00000269 6A 10                           	PUSH	16
   466 0000026B 89 85 FFFFFBCC                  	MOV	DWORD [-1076+EBP],EAX
   467 00000271 6A 10                           	PUSH	16
   468 00000273 53                              	PUSH	EBX
   469 00000274 50                              	PUSH	EAX
   470 00000275 E8 [00000000]                   	CALL	_sheet_setbuf
   471 0000027A 83 C4 2C                        	ADD	ESP,44
   472 0000027D 6A 63                           	PUSH	99
   473 0000027F 53                              	PUSH	EBX
   474 00000280 BB 00000002                     	MOV	EBX,2
   475 00000285 E8 [00000000]                   	CALL	_init_mouse_cursor8
   476 0000028A 0F BF 05 00000FF4               	MOVSX	EAX,WORD [4084]
   477 00000291 8D 48 F0                        	LEA	ECX,DWORD [-16+EAX]
   478 00000294 89 C8                           	MOV	EAX,ECX
   479 00000296 99                              	CDQ
   480 00000297 F7 FB                           	IDIV	EBX
   481 00000299 89 85 FFFFFBE8                  	MOV	DWORD [-1048+EBP],EAX
   482 0000029F 0F BF 05 00000FF6               	MOVSX	EAX,WORD [4086]
   483 000002A6 6A 00                           	PUSH	0
   484 000002A8 8D 48 D4                        	LEA	ECX,DWORD [-44+EAX]
   485 000002AB 6A 00                           	PUSH	0
   486 000002AD 89 C8                           	MOV	EAX,ECX
   487 000002AF 56                              	PUSH	ESI
   488 000002B0 99                              	CDQ
   489 000002B1 F7 FB                           	IDIV	EBX
   490 000002B3 89 85 FFFFFBE4                  	MOV	DWORD [-1052+EBP],EAX
   491 000002B9 E8 [00000000]                   	CALL	_sheet_slide
   492 000002BE 6A 04                           	PUSH	4
   493 000002C0 6A 20                           	PUSH	32
   494 000002C2 57                              	PUSH	EDI
   495 000002C3 E8 [00000000]                   	CALL	_sheet_slide
   496 000002C8 83 C4 20                        	ADD	ESP,32
   497 000002CB FF B5 FFFFFBE4                  	PUSH	DWORD [-1052+EBP]
   498 000002D1 FF B5 FFFFFBE8                  	PUSH	DWORD [-1048+EBP]
   499 000002D7 FF B5 FFFFFBCC                  	PUSH	DWORD [-1076+EBP]
   500 000002DD E8 [00000000]                   	CALL	_sheet_slide
   501 000002E2 6A 00                           	PUSH	0
   502 000002E4 56                              	PUSH	ESI
   503 000002E5 E8 [00000000]                   	CALL	_sheet_updown
   504 000002EA 6A 01                           	PUSH	1
   505 000002EC 57                              	PUSH	EDI
   506 000002ED E8 [00000000]                   	CALL	_sheet_updown
   507 000002F2 6A 02                           	PUSH	2
   508 000002F4 FF B5 FFFFFBCC                  	PUSH	DWORD [-1076+EBP]
   509 000002FA E8 [00000000]                   	CALL	_sheet_updown
   510 000002FF 83 C4 24                        	ADD	ESP,36
   511 00000302 57                              	PUSH	EDI
   512 00000303 E8 000008F7                     	CALL	_keywin_on
   513 00000308 8D 55 84                        	LEA	EDX,DWORD [-124+EBP]
   514 0000030B 68 000000ED                     	PUSH	237
   515 00000310 52                              	PUSH	EDX
   516 00000311 E8 [00000000]                   	CALL	_fifo32_put
   517 00000316 8D 45 84                        	LEA	EAX,DWORD [-124+EBP]
   518 00000319 FF B5 FFFFFBC0                  	PUSH	DWORD [-1088+EBP]
   519 0000031F 50                              	PUSH	EAX
   520 00000320 E8 [00000000]                   	CALL	_fifo32_put
   521 00000325 68 00002D00                     	PUSH	11520
   522 0000032A 68 003C0000                     	PUSH	3932160
   523 0000032F E8 [00000000]                   	CALL	_memman_alloc_4k
   524 00000334 68 00100200                     	PUSH	1049088
   525 00000339 89 C3                           	MOV	EBX,EAX
   526 0000033B 50                              	PUSH	EAX
   527 0000033C E8 [00000000]                   	CALL	_file_readfat
   528 00000341 83 C4 24                        	ADD	ESP,36
   529 00000344 68 000000E0                     	PUSH	224
   530 00000349 68 00102600                     	PUSH	1058304
   531 0000034E 68 [00000100]                   	PUSH	LC0
   532 00000353 E8 [00000000]                   	CALL	_file_search
   533 00000358 83 C4 0C                        	ADD	ESP,12
   534 0000035B 89 C2                           	MOV	EDX,EAX
   535 0000035D 85 C0                           	TEST	EAX,EAX
   536 0000035F 0F 84 000007F2                  	JE	L4
   537 00000365 8B 40 1C                        	MOV	EAX,DWORD [28+EAX]
   538 00000368 53                              	PUSH	EBX
   539 00000369 89 85 FFFFFBF0                  	MOV	DWORD [-1040+EBP],EAX
   540 0000036F 8D 85 FFFFFBF0                  	LEA	EAX,DWORD [-1040+EBP]
   541 00000375 50                              	PUSH	EAX
   542 00000376 0F B7 42 1A                     	MOVZX	EAX,WORD [26+EDX]
   543 0000037A 50                              	PUSH	EAX
   544 0000037B E8 [00000000]                   	CALL	_file_loadfile2
   545 00000380 83 C4 0C                        	ADD	ESP,12
   546 00000383 89 C1                           	MOV	ECX,EAX
   547 00000385                                 L5:
   548 00000385 89 0D 00000FE8                  	MOV	DWORD [4072],ECX
   549 0000038B 68 00002D00                     	PUSH	11520
   550 00000390 53                              	PUSH	EBX
   551 00000391 68 003C0000                     	PUSH	3932160
   552 00000396 E8 [00000000]                   	CALL	_memman_free_4k
   553 0000039B                                 L92:
   554 0000039B 83 C4 0C                        	ADD	ESP,12
   555 0000039E                                 L16:
   556 0000039E 8D 5D 84                        	LEA	EBX,DWORD [-124+EBP]
   557 000003A1 53                              	PUSH	EBX
   558 000003A2 E8 [00000000]                   	CALL	_fifo32_status
   559 000003A7 5A                              	POP	EDX
   560 000003A8 85 C0                           	TEST	EAX,EAX
   561 000003AA 7E 0D                           	JLE	L19
   562 000003AC 83 BD FFFFFBBC 00               	CMP	DWORD [-1092+EBP],0
   563 000003B3 0F 88 00000778                  	JS	L97
   564 000003B9                                 L19:
   565 000003B9 8D 5D A4                        	LEA	EBX,DWORD [-92+EBP]
   566 000003BC E8 [00000000]                   	CALL	_io_cli
   567 000003C1 53                              	PUSH	EBX
   568 000003C2 E8 [00000000]                   	CALL	_fifo32_status
   569 000003C7 5E                              	POP	ESI
   570 000003C8 85 C0                           	TEST	EAX,EAX
   571 000003CA 0F 84 00000702                  	JE	L98
   572 000003D0 53                              	PUSH	EBX
   573 000003D1 E8 [00000000]                   	CALL	_fifo32_get
   574 000003D6 89 85 FFFFFBF0                  	MOV	DWORD [-1040+EBP],EAX
   575 000003DC E8 [00000000]                   	CALL	_io_sti
   576 000003E1 5B                              	POP	EBX
   577 000003E2 85 FF                           	TEST	EDI,EDI
   578 000003E4 74 27                           	JE	L26
   579 000003E6 83 7F 1C 00                     	CMP	DWORD [28+EDI],0
   580 000003EA 75 21                           	JNE	L26
   581 000003EC 8B 95 FFFFFBEC                  	MOV	EDX,DWORD [-1044+EBP]
   582 000003F2 31 FF                           	XOR	EDI,EDI
   583 000003F4 8B 42 10                        	MOV	EAX,DWORD [16+EDX]
   584 000003F7 83 F8 01                        	CMP	EAX,1
   585 000003FA 74 11                           	JE	L26
   586 000003FC 8B 95 FFFFFBEC                  	MOV	EDX,DWORD [-1044+EBP]
   587 00000402 8B 7C 82 10                     	MOV	EDI,DWORD [16+EDX+EAX*4]
   588 00000406 57                              	PUSH	EDI
   589 00000407 E8 000007F3                     	CALL	_keywin_on
   590 0000040C 59                              	POP	ECX
   591 0000040D                                 L26:
   592 0000040D 8B 95 FFFFFBF0                  	MOV	EDX,DWORD [-1040+EBP]
   593 00000413 8D 82 FFFFFF00                  	LEA	EAX,DWORD [-256+EDX]
   594 00000419 3D 000000FF                     	CMP	EAX,255
   595 0000041E 0F 86 0000039B                  	JBE	L99
   596 00000424 8D 82 FFFFFE00                  	LEA	EAX,DWORD [-512+EDX]
   597 0000042A 3D 000000FF                     	CMP	EAX,255
   598 0000042F 0F 86 00000093                  	JBE	L100
   599 00000435 8D 82 FFFFFD00                  	LEA	EAX,DWORD [-768+EDX]
   600 0000043B 3D 000000FF                     	CMP	EAX,255
   601 00000440 76 6E                           	JBE	L101
   602 00000442 8D 82 FFFFFC00                  	LEA	EAX,DWORD [-1024+EDX]
   603 00000448 3D 000003E7                     	CMP	EAX,999
   604 0000044D 76 43                           	JBE	L102
   605 0000044F 8D 82 FFFFF818                  	LEA	EAX,DWORD [-2024+EDX]
   606 00000455 3D 000000FF                     	CMP	EAX,255
   607 0000045A 0F 87 FFFFFF3E                  	JA	L16
   608 00000460 6B C2 28                        	IMUL	EAX,EDX,40
   609 00000463 03 85 FFFFFBEC                  	ADD	EAX,DWORD [-1044+EBP]
   610 00000469 68 0000A500                     	PUSH	42240
   611 0000046E FF B0 FFFEC7D4                  	PUSH	DWORD [-79916+EAX]
   612 00000474 68 003C0000                     	PUSH	3932160
   613 00000479 8D 98 FFFEC7D4                  	LEA	EBX,DWORD [-79916+EAX]
   614 0000047F E8 [00000000]                   	CALL	_memman_free_4k
   615 00000484 53                              	PUSH	EBX
   616 00000485 E8 [00000000]                   	CALL	_sheet_free
   617 0000048A 83 C4 10                        	ADD	ESP,16
   618 0000048D E9 FFFFFF0C                     	JMP	L16
   619 00000492                                 L102:
   620 00000492 69 D2 000000D0                  	IMUL	EDX,EDX,208
   621 00000498 03 15 [00000000]                	ADD	EDX,DWORD [_taskctl]
   622 0000049E 8D 82 FFFCCFF8                  	LEA	EAX,DWORD [-208904+EDX]
   623 000004A4 50                              	PUSH	EAX
   624 000004A5 E8 000008A8                     	CALL	_close_constask
   625 000004AA                                 L91:
   626 000004AA 58                              	POP	EAX
   627 000004AB E9 FFFFFEEE                     	JMP	L16
   628 000004B0                                 L101:
   629 000004B0 6B C2 28                        	IMUL	EAX,EDX,40
   630 000004B3 8B 95 FFFFFBEC                  	MOV	EDX,DWORD [-1044+EBP]
   631 000004B9 8D 84 10 FFFF8C14               	LEA	EAX,DWORD [-29676+EAX+EDX*1]
   632 000004C0 50                              	PUSH	EAX
   633 000004C1 E8 000008CC                     	CALL	_close_console
   634 000004C6 EB E2                           	JMP	L91
   635 000004C8                                 L100:
   636 000004C8 0F B6 85 FFFFFBF0               	MOVZX	EAX,BYTE [-1040+EBP]
   637 000004CF 50                              	PUSH	EAX
   638 000004D0 8D 85 FFFFFCF4                  	LEA	EAX,DWORD [-780+EBP]
   639 000004D6 50                              	PUSH	EAX
   640 000004D7 E8 [00000000]                   	CALL	_mouse_decode
   641 000004DC 59                              	POP	ECX
   642 000004DD 5B                              	POP	EBX
   643 000004DE 85 C0                           	TEST	EAX,EAX
   644 000004E0 0F 84 FFFFFEB8                  	JE	L16
   645 000004E6 8B 85 FFFFFCFC                  	MOV	EAX,DWORD [-772+EBP]
   646 000004EC 8B 95 FFFFFCF8                  	MOV	EDX,DWORD [-776+EBP]
   647 000004F2 01 85 FFFFFBE4                  	ADD	DWORD [-1052+EBP],EAX
   648 000004F8 01 95 FFFFFBE8                  	ADD	DWORD [-1048+EBP],EDX
   649 000004FE 0F 88 000002AC                  	JS	L103
   650 00000504                                 L58:
   651 00000504 83 BD FFFFFBE4 00               	CMP	DWORD [-1052+EBP],0
   652 0000050B 0F 88 00000290                  	JS	L104
   653 00000511                                 L59:
   654 00000511 0F BF 05 00000FF4               	MOVSX	EAX,WORD [4084]
   655 00000518 48                              	DEC	EAX
   656 00000519 39 85 FFFFFBE8                  	CMP	DWORD [-1048+EBP],EAX
   657 0000051F 7E 06                           	JLE	L60
   658 00000521 89 85 FFFFFBE8                  	MOV	DWORD [-1048+EBP],EAX
   659 00000527                                 L60:
   660 00000527 0F BF 05 00000FF6               	MOVSX	EAX,WORD [4086]
   661 0000052E 48                              	DEC	EAX
   662 0000052F 39 85 FFFFFBE4                  	CMP	DWORD [-1052+EBP],EAX
   663 00000535 7E 06                           	JLE	L61
   664 00000537 89 85 FFFFFBE4                  	MOV	DWORD [-1052+EBP],EAX
   665 0000053D                                 L61:
   666 0000053D 8B 85 FFFFFBE8                  	MOV	EAX,DWORD [-1048+EBP]
   667 00000543 8B 95 FFFFFBE4                  	MOV	EDX,DWORD [-1052+EBP]
   668 00000549 89 85 FFFFFBE0                  	MOV	DWORD [-1056+EBP],EAX
   669 0000054F 89 95 FFFFFBDC                  	MOV	DWORD [-1060+EBP],EDX
   670 00000555 F7 85 FFFFFD00 00000001         	TEST	DWORD [-768+EBP],1
   671 0000055F 75 40                           	JNE	L105
   672 00000561 C7 85 FFFFFBB8 FFFFFFFF         	MOV	DWORD [-1096+EBP],-1
   673 0000056B 81 BD FFFFFBD8 7FFFFFFF         	CMP	DWORD [-1064+EBP],2147483647
   674 00000575 0F 84 FFFFFE23                  	JE	L16
   675 0000057B                                 L93:
   676 0000057B FF B5 FFFFFBD4                  	PUSH	DWORD [-1068+EBP]
   677 00000581 FF B5 FFFFFBD8                  	PUSH	DWORD [-1064+EBP]
   678 00000587 FF B5 FFFFFBAC                  	PUSH	DWORD [-1108+EBP]
   679 0000058D E8 [00000000]                   	CALL	_sheet_slide
   680 00000592 C7 85 FFFFFBD8 7FFFFFFF         	MOV	DWORD [-1064+EBP],2147483647
   681 0000059C E9 FFFFFDFA                     	JMP	L92
   682 000005A1                                 L105:
   683 000005A1 83 BD FFFFFBB8 00               	CMP	DWORD [-1096+EBP],0
   684 000005A8 78 46                           	JS	L106
   685 000005AA 8B 9D FFFFFBE8                  	MOV	EBX,DWORD [-1048+EBP]
   686 000005B0 8B 85 FFFFFBB0                  	MOV	EAX,DWORD [-1104+EBP]
   687 000005B6 2B 9D FFFFFBB8                  	SUB	EBX,DWORD [-1096+EBP]
   688 000005BC 8B B5 FFFFFBE4                  	MOV	ESI,DWORD [-1052+EBP]
   689 000005C2 2B B5 FFFFFBB4                  	SUB	ESI,DWORD [-1100+EBP]
   690 000005C8 8B 95 FFFFFBE4                  	MOV	EDX,DWORD [-1052+EBP]
   691 000005CE 8D 5C 03 02                     	LEA	EBX,DWORD [2+EBX+EAX*1]
   692 000005D2 89 95 FFFFFBB4                  	MOV	DWORD [-1100+EBP],EDX
   693 000005D8 89 9D FFFFFBD8                  	MOV	DWORD [-1064+EBP],EBX
   694 000005DE 01 B5 FFFFFBD4                  	ADD	DWORD [-1068+EBP],ESI
   695 000005E4 83 A5 FFFFFBD8 FC               	AND	DWORD [-1064+EBP],-4
   696 000005EB E9 FFFFFDAE                     	JMP	L16
   697 000005F0                                 L106:
   698 000005F0 8B 85 FFFFFBEC                  	MOV	EAX,DWORD [-1044+EBP]
   699 000005F6 8B 40 10                        	MOV	EAX,DWORD [16+EAX]
   700 000005F9 89 85 FFFFFBA4                  	MOV	DWORD [-1116+EBP],EAX
   701 000005FF 89 C1                           	MOV	ECX,EAX
   702 00000601                                 L95:
   703 00000601 49                              	DEC	ECX
   704 00000602 85 C9                           	TEST	ECX,ECX
   705 00000604 0F 8E FFFFFD94                  	JLE	L16
   706 0000060A 8B 95 FFFFFBEC                  	MOV	EDX,DWORD [-1044+EBP]
   707 00000610 8B B5 FFFFFBE4                  	MOV	ESI,DWORD [-1052+EBP]
   708 00000616 8B 9D FFFFFBE8                  	MOV	EBX,DWORD [-1048+EBP]
   709 0000061C 8B 54 8A 14                     	MOV	EDX,DWORD [20+EDX+ECX*4]
   710 00000620 89 95 FFFFFBAC                  	MOV	DWORD [-1108+EBP],EDX
   711 00000626 2B 72 10                        	SUB	ESI,DWORD [16+EDX]
   712 00000629 2B 5A 0C                        	SUB	EBX,DWORD [12+EDX]
   713 0000062C 78 D3                           	JS	L95
   714 0000062E 8B 42 04                        	MOV	EAX,DWORD [4+EDX]
   715 00000631 39 C3                           	CMP	EBX,EAX
   716 00000633 7D CC                           	JGE	L95
   717 00000635 85 F6                           	TEST	ESI,ESI
   718 00000637 78 C8                           	JS	L95
   719 00000639 3B 72 08                        	CMP	ESI,DWORD [8+EDX]
   720 0000063C 7D C3                           	JGE	L95
   721 0000063E 0F AF C6                        	IMUL	EAX,ESI
   722 00000641 89 85 FFFFFBA0                  	MOV	DWORD [-1120+EBP],EAX
   723 00000647 8B 12                           	MOV	EDX,DWORD [EDX]
   724 00000649 8B 85 FFFFFBA0                  	MOV	EAX,DWORD [-1120+EBP]
   725 0000064F 01 D8                           	ADD	EAX,EBX
   726 00000651 0F B6 04 10                     	MOVZX	EAX,BYTE [EAX+EDX*1]
   727 00000655 8B 95 FFFFFBAC                  	MOV	EDX,DWORD [-1108+EBP]
   728 0000065B 3B 42 14                        	CMP	EAX,DWORD [20+EDX]
   729 0000065E 74 A1                           	JE	L95
   730 00000660 8B 85 FFFFFBA4                  	MOV	EAX,DWORD [-1116+EBP]
   731 00000666 48                              	DEC	EAX
   732 00000667 50                              	PUSH	EAX
   733 00000668 52                              	PUSH	EDX
   734 00000669 E8 [00000000]                   	CALL	_sheet_updown
   735 0000066E 39 BD FFFFFBAC                  	CMP	DWORD [-1108+EBP],EDI
   736 00000674 58                              	POP	EAX
   737 00000675 5A                              	POP	EDX
   738 00000676 74 14                           	JE	L70
   739 00000678 57                              	PUSH	EDI
   740 00000679 E8 00000553                     	CALL	_keywin_off
   741 0000067E 8B BD FFFFFBAC                  	MOV	EDI,DWORD [-1108+EBP]
   742 00000684 57                              	PUSH	EDI
   743 00000685 E8 00000575                     	CALL	_keywin_on
   744 0000068A 5A                              	POP	EDX
   745 0000068B 59                              	POP	ECX
   746 0000068C                                 L70:
   747 0000068C 83 FB 02                        	CMP	EBX,2
   748 0000068F 7E 50                           	JLE	L71
   749 00000691 8B 95 FFFFFBAC                  	MOV	EDX,DWORD [-1108+EBP]
   750 00000697 8B 42 04                        	MOV	EAX,DWORD [4+EDX]
   751 0000069A 83 E8 03                        	SUB	EAX,3
   752 0000069D 39 C3                           	CMP	EBX,EAX
   753 0000069F 7D 40                           	JGE	L71
   754 000006A1 83 FE 02                        	CMP	ESI,2
   755 000006A4 7E 3B                           	JLE	L71
   756 000006A6 83 FE 14                        	CMP	ESI,20
   757 000006A9 7F 36                           	JG	L71
   758 000006AB 8B 85 FFFFFBE8                  	MOV	EAX,DWORD [-1048+EBP]
   759 000006B1 8B 95 FFFFFBE4                  	MOV	EDX,DWORD [-1052+EBP]
   760 000006B7 89 85 FFFFFBB8                  	MOV	DWORD [-1096+EBP],EAX
   761 000006BD 89 95 FFFFFBB4                  	MOV	DWORD [-1100+EBP],EDX
   762 000006C3 8B 85 FFFFFBAC                  	MOV	EAX,DWORD [-1108+EBP]
   763 000006C9 8B 95 FFFFFBAC                  	MOV	EDX,DWORD [-1108+EBP]
   764 000006CF 8B 40 0C                        	MOV	EAX,DWORD [12+EAX]
   765 000006D2 8B 52 10                        	MOV	EDX,DWORD [16+EDX]
   766 000006D5 89 85 FFFFFBB0                  	MOV	DWORD [-1104+EBP],EAX
   767 000006DB 89 95 FFFFFBD4                  	MOV	DWORD [-1068+EBP],EDX
   768 000006E1                                 L71:
   769 000006E1 8B 85 FFFFFBAC                  	MOV	EAX,DWORD [-1108+EBP]
   770 000006E7 8B 50 04                        	MOV	EDX,DWORD [4+EAX]
   771 000006EA 8D 42 EB                        	LEA	EAX,DWORD [-21+EDX]
   772 000006ED 39 D8                           	CMP	EAX,EBX
   773 000006EF 0F 8F FFFFFCA9                  	JG	L16
   774 000006F5 8D 42 FB                        	LEA	EAX,DWORD [-5+EDX]
   775 000006F8 39 C3                           	CMP	EBX,EAX
   776 000006FA 0F 8D FFFFFC9E                  	JGE	L16
   777 00000700 83 FE 04                        	CMP	ESI,4
   778 00000703 0F 8E FFFFFC95                  	JLE	L16
   779 00000709 83 FE 12                        	CMP	ESI,18
   780 0000070C 0F 8F FFFFFC8C                  	JG	L16
   781 00000712 8B 95 FFFFFBAC                  	MOV	EDX,DWORD [-1108+EBP]
   782 00000718 F6 42 1C 10                     	TEST	BYTE [28+EDX],16
   783 0000071C 74 42                           	JE	L107
   784 0000071E 8B 95 FFFFFBAC                  	MOV	EDX,DWORD [-1108+EBP]
   785 00000724 8B 5A 24                        	MOV	EBX,DWORD [36+EDX]
   786 00000727 68 [0000010C]                   	PUSH	LC2
   787 0000072C FF B3 000000B4                  	PUSH	DWORD [180+EBX]
   788 00000732 E8 [00000000]                   	CALL	_cons_putstr0
   789 00000737 E8 [00000000]                   	CALL	_io_cli
   790 0000073C 8D 43 30                        	LEA	EAX,DWORD [48+EBX]
   791 0000073F 89 43 54                        	MOV	DWORD [84+EBX],EAX
   792 00000742 C7 43 4C [00000000]             	MOV	DWORD [76+EBX],_asm_end_app
   793 00000749 E8 [00000000]                   	CALL	_io_sti
   794 0000074E 6A 00                           	PUSH	0
   795 00000750 6A FF                           	PUSH	-1
   796 00000752 53                              	PUSH	EBX
   797 00000753 E8 [00000000]                   	CALL	_task_run
   798 00000758 83 C4 14                        	ADD	ESP,20
   799 0000075B E9 FFFFFC3E                     	JMP	L16
   800 00000760                                 L107:
   801 00000760 8B 5A 24                        	MOV	EBX,DWORD [36+EDX]
   802 00000763 6A FF                           	PUSH	-1
   803 00000765 52                              	PUSH	EDX
   804 00000766 E8 [00000000]                   	CALL	_sheet_updown
   805 0000076B 57                              	PUSH	EDI
   806 0000076C E8 00000460                     	CALL	_keywin_off
   807 00000771 8B 95 FFFFFBEC                  	MOV	EDX,DWORD [-1044+EBP]
   808 00000777 8B 42 10                        	MOV	EAX,DWORD [16+EDX]
   809 0000077A 8B 7C 82 10                     	MOV	EDI,DWORD [16+EDX+EAX*4]
   810 0000077E 57                              	PUSH	EDI
   811 0000077F E8 0000047B                     	CALL	_keywin_on
   812 00000784 E8 [00000000]                   	CALL	_io_cli
   813 00000789 8D 43 10                        	LEA	EAX,DWORD [16+EBX]
   814 0000078C 6A 04                           	PUSH	4
   815 0000078E 50                              	PUSH	EAX
   816 0000078F E8 [00000000]                   	CALL	_fifo32_put
   817 00000794 E8 [00000000]                   	CALL	_io_sti
   818 00000799 83 C4 18                        	ADD	ESP,24
   819 0000079C E9 FFFFFBFD                     	JMP	L16
   820 000007A1                                 L104:
   821 000007A1 C7 85 FFFFFBE4 00000000         	MOV	DWORD [-1052+EBP],0
   822 000007AB E9 FFFFFD61                     	JMP	L59
   823 000007B0                                 L103:
   824 000007B0 C7 85 FFFFFBE8 00000000         	MOV	DWORD [-1048+EBP],0
   825 000007BA E9 FFFFFD45                     	JMP	L58
   826 000007BF                                 L99:
   827 000007BF 81 FA 0000017F                  	CMP	EDX,383
   828 000007C5 0F 8F 000002FE                  	JG	L30
   829 000007CB 83 BD FFFFFBC4 00               	CMP	DWORD [-1084+EBP],0
   830 000007D2 0F 85 000002E6                  	JNE	L31
   831 000007D8 8A 82 [FFFFFF00]                	MOV	AL,BYTE [_keytable0.0-256+EDX]
   832 000007DE                                 L94:
   833 000007DE 88 45 C4                        	MOV	BYTE [-60+EBP],AL
   834 000007E1                                 L33:
   835 000007E1 8A 55 C4                        	MOV	DL,BYTE [-60+EBP]
   836 000007E4 8D 42 BF                        	LEA	EAX,DWORD [-65+EDX]
   837 000007E7 3C 19                           	CMP	AL,25
   838 000007E9 77 1D                           	JA	L34
   839 000007EB F7 85 FFFFFBC0 00000004         	TEST	DWORD [-1088+EBP],4
   840 000007F5 0F 85 000002B4                  	JNE	L89
   841 000007FB 83 BD FFFFFBC4 00               	CMP	DWORD [-1084+EBP],0
   842 00000802 0F 84 0000029C                  	JE	L36
   843 00000808                                 L34:
   844 00000808 8A 45 C4                        	MOV	AL,BYTE [-60+EBP]
   845 0000080B 84 C0                           	TEST	AL,AL
   846 0000080D 74 1B                           	JE	L38
   847 0000080F 85 FF                           	TEST	EDI,EDI
   848 00000811 74 17                           	JE	L38
   849 00000813 0F BE C0                        	MOVSX	EAX,AL
   850 00000816 05 00000100                     	ADD	EAX,256
   851 0000081B 50                              	PUSH	EAX
   852 0000081C 8B 47 24                        	MOV	EAX,DWORD [36+EDI]
   853 0000081F 83 C0 10                        	ADD	EAX,16
   854 00000822 50                              	PUSH	EAX
   855 00000823 E8 [00000000]                   	CALL	_fifo32_put
   856 00000828 58                              	POP	EAX
   857 00000829 5A                              	POP	EDX
   858 0000082A                                 L38:
   859 0000082A 81 BD FFFFFBF0 0000010F         	CMP	DWORD [-1040+EBP],271
   860 00000834 0F 84 00000235                  	JE	L108
   861 0000083A                                 L39:
   862 0000083A 8B 85 FFFFFBF0                  	MOV	EAX,DWORD [-1040+EBP]
   863 00000840 3D 0000012A                     	CMP	EAX,298
   864 00000845 0F 84 00000218                  	JE	L109
   865 0000084B                                 L41:
   866 0000084B 3D 00000136                     	CMP	EAX,310
   867 00000850 0F 84 00000201                  	JE	L110
   868 00000856                                 L42:
   869 00000856 3D 000001AA                     	CMP	EAX,426
   870 0000085B 0F 84 000001EA                  	JE	L111
   871 00000861                                 L43:
   872 00000861 3D 000001B6                     	CMP	EAX,438
   873 00000866 0F 84 000001D3                  	JE	L112
   874 0000086C                                 L44:
   875 0000086C 3D 0000013A                     	CMP	EAX,314
   876 00000871 0F 84 0000019F                  	JE	L113
   877 00000877                                 L45:
   878 00000877 81 BD FFFFFBF0 00000145         	CMP	DWORD [-1040+EBP],325
   879 00000881 0F 84 00000166                  	JE	L114
   880 00000887                                 L46:
   881 00000887 81 BD FFFFFBF0 00000146         	CMP	DWORD [-1040+EBP],326
   882 00000891 0F 84 0000012D                  	JE	L115
   883 00000897                                 L47:
   884 00000897 81 BD FFFFFBF0 0000013B         	CMP	DWORD [-1040+EBP],315
   885 000008A1 0F 84 000000BA                  	JE	L116
   886 000008A7                                 L48:
   887 000008A7 81 BD FFFFFBF0 0000013C         	CMP	DWORD [-1040+EBP],316
   888 000008B1 74 60                           	JE	L117
   889 000008B3                                 L50:
   890 000008B3 81 BD FFFFFBF0 00000157         	CMP	DWORD [-1040+EBP],343
   891 000008BD 74 3D                           	JE	L118
   892 000008BF                                 L52:
   893 000008BF 8B 85 FFFFFBF0                  	MOV	EAX,DWORD [-1040+EBP]
   894 000008C5 3D 000001FA                     	CMP	EAX,506
   895 000008CA 74 24                           	JE	L119
   896 000008CC                                 L53:
   897 000008CC 3D 000001FE                     	CMP	EAX,510
   898 000008D1 0F 85 FFFFFAC7                  	JNE	L16
   899 000008D7 E8 [00000000]                   	CALL	_wait_KBC_sendready
   900 000008DC FF B5 FFFFFBBC                  	PUSH	DWORD [-1092+EBP]
   901 000008E2 6A 60                           	PUSH	96
   902 000008E4 E8 [00000000]                   	CALL	_io_out8
   903 000008E9 5E                              	POP	ESI
   904 000008EA 58                              	POP	EAX
   905 000008EB E9 FFFFFAAE                     	JMP	L16
   906 000008F0                                 L119:
   907 000008F0 C7 85 FFFFFBBC FFFFFFFF         	MOV	DWORD [-1092+EBP],-1
   908 000008FA EB D0                           	JMP	L53
   909 000008FC                                 L118:
   910 000008FC 8B 95 FFFFFBEC                  	MOV	EDX,DWORD [-1044+EBP]
   911 00000902 8B 42 10                        	MOV	EAX,DWORD [16+EDX]
   912 00000905 48                              	DEC	EAX
   913 00000906 50                              	PUSH	EAX
   914 00000907 FF 72 18                        	PUSH	DWORD [24+EDX]
   915 0000090A E8 [00000000]                   	CALL	_sheet_updown
   916 0000090F 58                              	POP	EAX
   917 00000910 5A                              	POP	EDX
   918 00000911 EB AC                           	JMP	L52
   919 00000913                                 L117:
   920 00000913 83 BD FFFFFBC4 00               	CMP	DWORD [-1084+EBP],0
   921 0000091A 74 97                           	JE	L50
   922 0000091C 85 FF                           	TEST	EDI,EDI
   923 0000091E 74 07                           	JE	L51
   924 00000920 57                              	PUSH	EDI
   925 00000921 E8 000002AB                     	CALL	_keywin_off
   926 00000926 59                              	POP	ECX
   927 00000927                                 L51:
   928 00000927 FF B5 FFFFFBD0                  	PUSH	DWORD [-1072+EBP]
   929 0000092D FF B5 FFFFFBEC                  	PUSH	DWORD [-1044+EBP]
   930 00000933 E8 0000039B                     	CALL	_open_console
   931 00000938 6A 04                           	PUSH	4
   932 0000093A 6A 20                           	PUSH	32
   933 0000093C 89 C7                           	MOV	EDI,EAX
   934 0000093E 50                              	PUSH	EAX
   935 0000093F E8 [00000000]                   	CALL	_sheet_slide
   936 00000944 8B 85 FFFFFBEC                  	MOV	EAX,DWORD [-1044+EBP]
   937 0000094A FF 70 10                        	PUSH	DWORD [16+EAX]
   938 0000094D 57                              	PUSH	EDI
   939 0000094E E8 [00000000]                   	CALL	_sheet_updown
   940 00000953 57                              	PUSH	EDI
   941 00000954 E8 000002A6                     	CALL	_keywin_on
   942 00000959 83 C4 20                        	ADD	ESP,32
   943 0000095C E9 FFFFFF52                     	JMP	L50
   944 00000961                                 L116:
   945 00000961 83 BD FFFFFBC4 00               	CMP	DWORD [-1084+EBP],0
   946 00000968 0F 84 FFFFFF39                  	JE	L48
   947 0000096E 85 FF                           	TEST	EDI,EDI
   948 00000970 0F 84 FFFFFF31                  	JE	L48
   949 00000976 8B 5F 24                        	MOV	EBX,DWORD [36+EDI]
   950 00000979 85 DB                           	TEST	EBX,EBX
   951 0000097B 0F 84 FFFFFF26                  	JE	L48
   952 00000981 83 7B 34 00                     	CMP	DWORD [52+EBX],0
   953 00000985 0F 84 FFFFFF1C                  	JE	L48
   954 0000098B 68 [0000011D]                   	PUSH	LC1
   955 00000990 FF B3 000000B4                  	PUSH	DWORD [180+EBX]
   956 00000996 E8 [00000000]                   	CALL	_cons_putstr0
   957 0000099B E8 [00000000]                   	CALL	_io_cli
   958 000009A0 8D 43 30                        	LEA	EAX,DWORD [48+EBX]
   959 000009A3 89 43 54                        	MOV	DWORD [84+EBX],EAX
   960 000009A6 C7 43 4C [00000000]             	MOV	DWORD [76+EBX],_asm_end_app
   961 000009AD E8 [00000000]                   	CALL	_io_sti
   962 000009B2 6A 00                           	PUSH	0
   963 000009B4 6A FF                           	PUSH	-1
   964 000009B6 53                              	PUSH	EBX
   965 000009B7 E8 [00000000]                   	CALL	_task_run
   966 000009BC 83 C4 14                        	ADD	ESP,20
   967 000009BF E9 FFFFFEE3                     	JMP	L48
   968 000009C4                                 L115:
   969 000009C4 68 000000ED                     	PUSH	237
   970 000009C9 8D 5D 84                        	LEA	EBX,DWORD [-124+EBP]
   971 000009CC 53                              	PUSH	EBX
   972 000009CD 83 B5 FFFFFBC0 01               	XOR	DWORD [-1088+EBP],1
   973 000009D4 E8 [00000000]                   	CALL	_fifo32_put
   974 000009D9 FF B5 FFFFFBC0                  	PUSH	DWORD [-1088+EBP]
   975 000009DF 53                              	PUSH	EBX
   976 000009E0 E8 [00000000]                   	CALL	_fifo32_put
   977 000009E5 83 C4 10                        	ADD	ESP,16
   978 000009E8 E9 FFFFFEAA                     	JMP	L47
   979 000009ED                                 L114:
   980 000009ED 68 000000ED                     	PUSH	237
   981 000009F2 8D 5D 84                        	LEA	EBX,DWORD [-124+EBP]
   982 000009F5 53                              	PUSH	EBX
   983 000009F6 83 B5 FFFFFBC0 02               	XOR	DWORD [-1088+EBP],2
   984 000009FD E8 [00000000]                   	CALL	_fifo32_put
   985 00000A02 FF B5 FFFFFBC0                  	PUSH	DWORD [-1088+EBP]
   986 00000A08 53                              	PUSH	EBX
   987 00000A09 E8 [00000000]                   	CALL	_fifo32_put
   988 00000A0E 83 C4 10                        	ADD	ESP,16
   989 00000A11 E9 FFFFFE71                     	JMP	L46
   990 00000A16                                 L113:
   991 00000A16 68 000000ED                     	PUSH	237
   992 00000A1B 8D 5D 84                        	LEA	EBX,DWORD [-124+EBP]
   993 00000A1E 53                              	PUSH	EBX
   994 00000A1F 83 B5 FFFFFBC0 04               	XOR	DWORD [-1088+EBP],4
   995 00000A26 E8 [00000000]                   	CALL	_fifo32_put
   996 00000A2B FF B5 FFFFFBC0                  	PUSH	DWORD [-1088+EBP]
   997 00000A31 53                              	PUSH	EBX
   998 00000A32 E8 [00000000]                   	CALL	_fifo32_put
   999 00000A37 83 C4 10                        	ADD	ESP,16
  1000 00000A3A E9 FFFFFE38                     	JMP	L45
  1001 00000A3F                                 L112:
  1002 00000A3F 83 A5 FFFFFBC4 FD               	AND	DWORD [-1084+EBP],-3
  1003 00000A46 E9 FFFFFE21                     	JMP	L44
  1004 00000A4B                                 L111:
  1005 00000A4B 83 A5 FFFFFBC4 FE               	AND	DWORD [-1084+EBP],-2
  1006 00000A52 E9 FFFFFE0A                     	JMP	L43
  1007 00000A57                                 L110:
  1008 00000A57 83 8D FFFFFBC4 02               	OR	DWORD [-1084+EBP],2
  1009 00000A5E E9 FFFFFDF3                     	JMP	L42
  1010 00000A63                                 L109:
  1011 00000A63 83 8D FFFFFBC4 01               	OR	DWORD [-1084+EBP],1
  1012 00000A6A E9 FFFFFDDC                     	JMP	L41
  1013 00000A6F                                 L108:
  1014 00000A6F 85 FF                           	TEST	EDI,EDI
  1015 00000A71 0F 84 FFFFFDC3                  	JE	L39
  1016 00000A77 57                              	PUSH	EDI
  1017 00000A78 E8 00000154                     	CALL	_keywin_off
  1018 00000A7D 8B 4F 18                        	MOV	ECX,DWORD [24+EDI]
  1019 00000A80 49                              	DEC	ECX
  1020 00000A81 5E                              	POP	ESI
  1021 00000A82 75 0A                           	JNE	L40
  1022 00000A84 8B 85 FFFFFBEC                  	MOV	EAX,DWORD [-1044+EBP]
  1023 00000A8A 8B 48 10                        	MOV	ECX,DWORD [16+EAX]
  1024 00000A8D 49                              	DEC	ECX
  1025 00000A8E                                 L40:
  1026 00000A8E 8B 95 FFFFFBEC                  	MOV	EDX,DWORD [-1044+EBP]
  1027 00000A94 8B 7C 8A 14                     	MOV	EDI,DWORD [20+EDX+ECX*4]
  1028 00000A98 57                              	PUSH	EDI
  1029 00000A99 E8 00000161                     	CALL	_keywin_on
  1030 00000A9E 5B                              	POP	EBX
  1031 00000A9F E9 FFFFFD96                     	JMP	L39
  1032 00000AA4                                 L36:
  1033 00000AA4 8D 42 20                        	LEA	EAX,DWORD [32+EDX]
  1034 00000AA7 88 45 C4                        	MOV	BYTE [-60+EBP],AL
  1035 00000AAA E9 FFFFFD59                     	JMP	L34
  1036 00000AAF                                 L89:
  1037 00000AAF 83 BD FFFFFBC4 00               	CMP	DWORD [-1084+EBP],0
  1038 00000AB6 0F 84 FFFFFD4C                  	JE	L34
  1039 00000ABC EB E6                           	JMP	L36
  1040 00000ABE                                 L31:
  1041 00000ABE 8A 82 [FFFFFF80]                	MOV	AL,BYTE [_keytable1.1-256+EDX]
  1042 00000AC4 E9 FFFFFD15                     	JMP	L94
  1043 00000AC9                                 L30:
  1044 00000AC9 C6 45 C4 00                     	MOV	BYTE [-60+EBP],0
  1045 00000ACD E9 FFFFFD0F                     	JMP	L33
  1046 00000AD2                                 L98:
  1047 00000AD2 83 BD FFFFFBE0 00               	CMP	DWORD [-1056+EBP],0
  1048 00000AD9 79 2B                           	JNS	L120
  1049 00000ADB 81 BD FFFFFBD8 7FFFFFFF         	CMP	DWORD [-1064+EBP],2147483647
  1050 00000AE5 75 15                           	JNE	L121
  1051 00000AE7 FF B5 FFFFFBC8                  	PUSH	DWORD [-1080+EBP]
  1052 00000AED E8 [00000000]                   	CALL	_task_sleep
  1053 00000AF2 E8 [00000000]                   	CALL	_io_sti
  1054 00000AF7 E9 FFFFF9AE                     	JMP	L91
  1055 00000AFC                                 L121:
  1056 00000AFC E8 [00000000]                   	CALL	_io_sti
  1057 00000B01 E9 FFFFFA75                     	JMP	L93
  1058 00000B06                                 L120:
  1059 00000B06 E8 [00000000]                   	CALL	_io_sti
  1060 00000B0B FF B5 FFFFFBDC                  	PUSH	DWORD [-1060+EBP]
  1061 00000B11 FF B5 FFFFFBE0                  	PUSH	DWORD [-1056+EBP]
  1062 00000B17 FF B5 FFFFFBCC                  	PUSH	DWORD [-1076+EBP]
  1063 00000B1D E8 [00000000]                   	CALL	_sheet_slide
  1064 00000B22 C7 85 FFFFFBE0 FFFFFFFF         	MOV	DWORD [-1056+EBP],-1
  1065 00000B2C E9 FFFFF86A                     	JMP	L92
  1066 00000B31                                 L97:
  1067 00000B31 53                              	PUSH	EBX
  1068 00000B32 E8 [00000000]                   	CALL	_fifo32_get
  1069 00000B37 89 85 FFFFFBBC                  	MOV	DWORD [-1092+EBP],EAX
  1070 00000B3D E8 [00000000]                   	CALL	_wait_KBC_sendready
  1071 00000B42 FF B5 FFFFFBBC                  	PUSH	DWORD [-1092+EBP]
  1072 00000B48 6A 60                           	PUSH	96
  1073 00000B4A E8 [00000000]                   	CALL	_io_out8
  1074 00000B4F 83 C4 0C                        	ADD	ESP,12
  1075 00000B52 E9 FFFFF862                     	JMP	L19
  1076 00000B57                                 L4:
  1077 00000B57 68 00023840                     	PUSH	145472
  1078 00000B5C 68 003C0000                     	PUSH	3932160
  1079 00000B61 E8 [00000000]                   	CALL	_memman_alloc_4k
  1080 00000B66 31 D2                           	XOR	EDX,EDX
  1081 00000B68 5E                              	POP	ESI
  1082 00000B69 89 C1                           	MOV	ECX,EAX
  1083 00000B6B C7 85 FFFFFBF0 00000000         	MOV	DWORD [-1040+EBP],0
  1084 00000B75 58                              	POP	EAX
  1085 00000B76                                 L10:
  1086 00000B76 8A 82 [00000000]                	MOV	AL,BYTE [_hankaku+EDX]
  1087 00000B7C 88 04 0A                        	MOV	BYTE [EDX+ECX*1],AL
  1088 00000B7F 8B 85 FFFFFBF0                  	MOV	EAX,DWORD [-1040+EBP]
  1089 00000B85 40                              	INC	EAX
  1090 00000B86 89 85 FFFFFBF0                  	MOV	DWORD [-1040+EBP],EAX
  1091 00000B8C 89 C2                           	MOV	EDX,EAX
  1092 00000B8E 3D 00000FFF                     	CMP	EAX,4095
  1093 00000B93 7E E1                           	JLE	L10
  1094 00000B95 C7 85 FFFFFBF0 00001000         	MOV	DWORD [-1040+EBP],4096
  1095 00000B9F B8 00001000                     	MOV	EAX,4096
  1096 00000BA4                                 L15:
  1097 00000BA4 C6 04 08 FF                     	MOV	BYTE [EAX+ECX*1],-1
  1098 00000BA8 8B 85 FFFFFBF0                  	MOV	EAX,DWORD [-1040+EBP]
  1099 00000BAE 40                              	INC	EAX
  1100 00000BAF 89 85 FFFFFBF0                  	MOV	DWORD [-1040+EBP],EAX
  1101 00000BB5 3D 0002383F                     	CMP	EAX,145471
  1102 00000BBA 7E E8                           	JLE	L15
  1103 00000BBC E9 FFFFF7C4                     	JMP	L5
  1104 00000BC1                                 L96:
  1105 00000BC1 68 FEE00000                     	PUSH	-18874368
  1106 00000BC6 E8 [00000000]                   	CALL	_init_apic
  1107 00000BCB 58                              	POP	EAX
  1108 00000BCC E9 FFFFF4C8                     	JMP	L3
  1109 00000BD1                                 	GLOBAL	_keywin_off
  1110 00000BD1                                 _keywin_off:
  1111 00000BD1 55                              	PUSH	EBP
  1112 00000BD2 89 E5                           	MOV	EBP,ESP
  1113 00000BD4 53                              	PUSH	EBX
  1114 00000BD5 6A 00                           	PUSH	0
  1115 00000BD7 8B 5D 08                        	MOV	EBX,DWORD [8+EBP]
  1116 00000BDA 53                              	PUSH	EBX
  1117 00000BDB E8 [00000000]                   	CALL	_change_wtitle8
  1118 00000BE0 F6 43 1C 20                     	TEST	BYTE [28+EBX],32
  1119 00000BE4 59                              	POP	ECX
  1120 00000BE5 58                              	POP	EAX
  1121 00000BE6 75 05                           	JNE	L124
  1122 00000BE8                                 L122:
  1123 00000BE8 8B 5D FC                        	MOV	EBX,DWORD [-4+EBP]
  1124 00000BEB C9                              	LEAVE
  1125 00000BEC C3                              	RET
  1126 00000BED                                 L124:
  1127 00000BED 6A 03                           	PUSH	3
  1128 00000BEF 8B 43 24                        	MOV	EAX,DWORD [36+EBX]
  1129 00000BF2 83 C0 10                        	ADD	EAX,16
  1130 00000BF5 50                              	PUSH	EAX
  1131 00000BF6 E8 [00000000]                   	CALL	_fifo32_put
  1132 00000BFB 58                              	POP	EAX
  1133 00000BFC 5A                              	POP	EDX
  1134 00000BFD EB E9                           	JMP	L122
  1135 00000BFF                                 	GLOBAL	_keywin_on
  1136 00000BFF                                 _keywin_on:
  1137 00000BFF 55                              	PUSH	EBP
  1138 00000C00 89 E5                           	MOV	EBP,ESP
  1139 00000C02 53                              	PUSH	EBX
  1140 00000C03 6A 01                           	PUSH	1
  1141 00000C05 8B 5D 08                        	MOV	EBX,DWORD [8+EBP]
  1142 00000C08 53                              	PUSH	EBX
  1143 00000C09 E8 [00000000]                   	CALL	_change_wtitle8
  1144 00000C0E F6 43 1C 20                     	TEST	BYTE [28+EBX],32
  1145 00000C12 59                              	POP	ECX
  1146 00000C13 58                              	POP	EAX
  1147 00000C14 75 05                           	JNE	L127
  1148 00000C16                                 L125:
  1149 00000C16 8B 5D FC                        	MOV	EBX,DWORD [-4+EBP]
  1150 00000C19 C9                              	LEAVE
  1151 00000C1A C3                              	RET
  1152 00000C1B                                 L127:
  1153 00000C1B 6A 02                           	PUSH	2
  1154 00000C1D 8B 43 24                        	MOV	EAX,DWORD [36+EBX]
  1155 00000C20 83 C0 10                        	ADD	EAX,16
  1156 00000C23 50                              	PUSH	EAX
  1157 00000C24 E8 [00000000]                   	CALL	_fifo32_put
  1158 00000C29 58                              	POP	EAX
  1159 00000C2A 5A                              	POP	EDX
  1160 00000C2B EB E9                           	JMP	L125
  1161 00000C2D                                 	GLOBAL	_open_constask
  1162 00000C2D                                 _open_constask:
  1163 00000C2D 55                              	PUSH	EBP
  1164 00000C2E 89 E5                           	MOV	EBP,ESP
  1165 00000C30 56                              	PUSH	ESI
  1166 00000C31 53                              	PUSH	EBX
  1167 00000C32 E8 [00000000]                   	CALL	_task_alloc
  1168 00000C37 68 00000200                     	PUSH	512
  1169 00000C3C 68 003C0000                     	PUSH	3932160
  1170 00000C41 89 C3                           	MOV	EBX,EAX
  1171 00000C43 E8 [00000000]                   	CALL	_memman_alloc_4k
  1172 00000C48 68 00010000                     	PUSH	65536
  1173 00000C4D 68 003C0000                     	PUSH	3932160
  1174 00000C52 89 C6                           	MOV	ESI,EAX
  1175 00000C54 E8 [00000000]                   	CALL	_memman_alloc_4k
  1176 00000C59 8B 55 08                        	MOV	EDX,DWORD [8+EBP]
  1177 00000C5C C7 43 4C [00000000]             	MOV	DWORD [76+EBX],_console_task
  1178 00000C63 89 83 000000BC                  	MOV	DWORD [188+EBX],EAX
  1179 00000C69 05 0000FFF4                     	ADD	EAX,65524
  1180 00000C6E 89 43 64                        	MOV	DWORD [100+EBX],EAX
  1181 00000C71 C7 43 74 00000008               	MOV	DWORD [116+EBX],8
  1182 00000C78 C7 43 78 00000010               	MOV	DWORD [120+EBX],16
  1183 00000C7F C7 43 7C 00000008               	MOV	DWORD [124+EBX],8
  1184 00000C86 C7 83 00000080 00000008         	MOV	DWORD [128+EBX],8
  1185 00000C90 C7 83 00000084 00000008         	MOV	DWORD [132+EBX],8
  1186 00000C9A C7 83 00000088 00000008         	MOV	DWORD [136+EBX],8
  1187 00000CA4 89 50 04                        	MOV	DWORD [4+EAX],EDX
  1188 00000CA7 8B 53 64                        	MOV	EDX,DWORD [100+EBX]
  1189 00000CAA 8B 45 0C                        	MOV	EAX,DWORD [12+EBP]
  1190 00000CAD 89 42 08                        	MOV	DWORD [8+EDX],EAX
  1191 00000CB0 6A 02                           	PUSH	2
  1192 00000CB2 6A 02                           	PUSH	2
  1193 00000CB4 53                              	PUSH	EBX
  1194 00000CB5 E8 [00000000]                   	CALL	_task_run
  1195 00000CBA 8D 43 10                        	LEA	EAX,DWORD [16+EBX]
  1196 00000CBD 53                              	PUSH	EBX
  1197 00000CBE 56                              	PUSH	ESI
  1198 00000CBF 68 00000080                     	PUSH	128
  1199 00000CC4 50                              	PUSH	EAX
  1200 00000CC5 E8 [00000000]                   	CALL	_fifo32_init
  1201 00000CCA 8D 65 F8                        	LEA	ESP,DWORD [-8+EBP]
  1202 00000CCD 89 D8                           	MOV	EAX,EBX
  1203 00000CCF 5B                              	POP	EBX
  1204 00000CD0 5E                              	POP	ESI
  1205 00000CD1 5D                              	POP	EBP
  1206 00000CD2 C3                              	RET
  1207                                          [SECTION .data]
  1208 0000012C                                 LC3:
  1209 0000012C 63 6F 6E 73 6F 6C 65 00         	DB	"console",0x00
  1210                                          [SECTION .text]
  1211 00000CD3                                 	GLOBAL	_open_console
  1212 00000CD3                                 _open_console:
  1213 00000CD3 55                              	PUSH	EBP
  1214 00000CD4 89 E5                           	MOV	EBP,ESP
  1215 00000CD6 56                              	PUSH	ESI
  1216 00000CD7 53                              	PUSH	EBX
  1217 00000CD8 FF 75 08                        	PUSH	DWORD [8+EBP]
  1218 00000CDB E8 [00000000]                   	CALL	_sheet_alloc
  1219 00000CE0 68 0000A500                     	PUSH	42240
  1220 00000CE5 68 003C0000                     	PUSH	3932160
  1221 00000CEA 89 C3                           	MOV	EBX,EAX
  1222 00000CEC E8 [00000000]                   	CALL	_memman_alloc_4k
  1223 00000CF1 6A FF                           	PUSH	-1
  1224 00000CF3 68 000000A5                     	PUSH	165
  1225 00000CF8 89 C6                           	MOV	ESI,EAX
  1226 00000CFA 68 00000100                     	PUSH	256
  1227 00000CFF 50                              	PUSH	EAX
  1228 00000D00 53                              	PUSH	EBX
  1229 00000D01 E8 [00000000]                   	CALL	_sheet_setbuf
  1230 00000D06 83 C4 20                        	ADD	ESP,32
  1231 00000D09 6A 00                           	PUSH	0
  1232 00000D0B 68 [0000012C]                   	PUSH	LC3
  1233 00000D10 68 000000A5                     	PUSH	165
  1234 00000D15 68 00000100                     	PUSH	256
  1235 00000D1A 56                              	PUSH	ESI
  1236 00000D1B E8 [00000000]                   	CALL	_make_window8
  1237 00000D20 6A 00                           	PUSH	0
  1238 00000D22 68 00000080                     	PUSH	128
  1239 00000D27 68 000000F0                     	PUSH	240
  1240 00000D2C 6A 1C                           	PUSH	28
  1241 00000D2E 6A 08                           	PUSH	8
  1242 00000D30 53                              	PUSH	EBX
  1243 00000D31 E8 [00000000]                   	CALL	_make_textbox8
  1244 00000D36 83 C4 2C                        	ADD	ESP,44
  1245 00000D39 FF 75 0C                        	PUSH	DWORD [12+EBP]
  1246 00000D3C 53                              	PUSH	EBX
  1247 00000D3D E8 FFFFFEEB                     	CALL	_open_constask
  1248 00000D42 83 4B 1C 20                     	OR	DWORD [28+EBX],32
  1249 00000D46 89 43 24                        	MOV	DWORD [36+EBX],EAX
  1250 00000D49 8D 65 F8                        	LEA	ESP,DWORD [-8+EBP]
  1251 00000D4C 89 D8                           	MOV	EAX,EBX
  1252 00000D4E 5B                              	POP	EBX
  1253 00000D4F 5E                              	POP	ESI
  1254 00000D50 5D                              	POP	EBP
  1255 00000D51 C3                              	RET
  1256 00000D52                                 	GLOBAL	_close_constask
  1257 00000D52                                 _close_constask:
  1258 00000D52 55                              	PUSH	EBP
  1259 00000D53 89 E5                           	MOV	EBP,ESP
  1260 00000D55 53                              	PUSH	EBX
  1261 00000D56 8B 5D 08                        	MOV	EBX,DWORD [8+EBP]
  1262 00000D59 53                              	PUSH	EBX
  1263 00000D5A E8 [00000000]                   	CALL	_task_sleep
  1264 00000D5F 68 00010000                     	PUSH	65536
  1265 00000D64 FF B3 000000BC                  	PUSH	DWORD [188+EBX]
  1266 00000D6A 68 003C0000                     	PUSH	3932160
  1267 00000D6F E8 [00000000]                   	CALL	_memman_free_4k
  1268 00000D74 68 00000200                     	PUSH	512
  1269 00000D79 FF 73 10                        	PUSH	DWORD [16+EBX]
  1270 00000D7C 68 003C0000                     	PUSH	3932160
  1271 00000D81 E8 [00000000]                   	CALL	_memman_free_4k
  1272 00000D86 C7 43 04 00000000               	MOV	DWORD [4+EBX],0
  1273 00000D8D 8B 5D FC                        	MOV	EBX,DWORD [-4+EBP]
  1274 00000D90 C9                              	LEAVE
  1275 00000D91 C3                              	RET
  1276 00000D92                                 	GLOBAL	_close_console
  1277 00000D92                                 _close_console:
  1278 00000D92 55                              	PUSH	EBP
  1279 00000D93 89 E5                           	MOV	EBP,ESP
  1280 00000D95 56                              	PUSH	ESI
  1281 00000D96 53                              	PUSH	EBX
  1282 00000D97 8B 5D 08                        	MOV	EBX,DWORD [8+EBP]
  1283 00000D9A 8B 73 24                        	MOV	ESI,DWORD [36+EBX]
  1284 00000D9D 68 0000A500                     	PUSH	42240
  1285 00000DA2 FF 33                           	PUSH	DWORD [EBX]
  1286 00000DA4 68 003C0000                     	PUSH	3932160
  1287 00000DA9 E8 [00000000]                   	CALL	_memman_free_4k
  1288 00000DAE 53                              	PUSH	EBX
  1289 00000DAF E8 [00000000]                   	CALL	_sheet_free
  1290 00000DB4 89 75 08                        	MOV	DWORD [8+EBP],ESI
  1291 00000DB7 83 C4 10                        	ADD	ESP,16
  1292 00000DBA 8D 65 F8                        	LEA	ESP,DWORD [-8+EBP]
  1293 00000DBD 5B                              	POP	EBX
  1294 00000DBE 5E                              	POP	ESI
  1295 00000DBF 5D                              	POP	EBP
  1296 00000DC0 EB 90                           	JMP	_close_constask
