     1 00000000                                 [FORMAT "WCOFF"]
     2 00000000                                 [INSTRSET "i486p"]
     3 00000000                                 [OPTIMIZE 1]
     4 00000000                                 [OPTION 1]
     5 00000000                                 [BITS 32]
     6 00000000                                 	EXTERN	_task_now
     7 00000000                                 	EXTERN	_memman_alloc_4k
     8 00000000                                 	EXTERN	_pageman_link_page_32_m
     9 00000000                                 	EXTERN	_rdrand
    10 00000000                                 [FILE "drvier.c"]
    11 00000000                                 	GLOBAL	_List
    12                                          [SECTION .data]
    13 00000000                                 	ALIGNB	4
    14 00000000                                 _List:
    15 00000000 00000000                        	DD	0
    16 00000004                                 	GLOBAL	_StorageDeviceNumber
    17 00000004                                 	ALIGNB	4
    18 00000004                                 _StorageDeviceNumber:
    19 00000004 00000000                        	DD	0
    20                                          [SECTION .text]
    21 00000000                                 	GLOBAL	_device_init
    22 00000000                                 _device_init:
    23 00000000 55                              	PUSH	EBP
    24 00000001 89 E5                           	MOV	EBP,ESP
    25 00000003 53                              	PUSH	EBX
    26 00000004 8B 1D 0026F000                  	MOV	EBX,DWORD [2551808]
    27 0000000A E8 [00000000]                   	CALL	_task_now
    28 0000000F 68 00000300                     	PUSH	768
    29 00000014 68 003C0000                     	PUSH	3932160
    30 00000019 C7 05 [00000000] 00000000       	MOV	DWORD [_List],0
    31 00000023 C7 05 [00000004] 00000000       	MOV	DWORD [_StorageDeviceNumber],0
    32 0000002D E8 [00000000]                   	CALL	_memman_alloc_4k
    33 00000032 6A 00                           	PUSH	0
    34 00000034 6A 01                           	PUSH	1
    35 00000036 A3 [00000000]                   	MOV	DWORD [_List],EAX
    36 0000003B 6A 07                           	PUSH	7
    37 0000003D 50                              	PUSH	EAX
    38 0000003E 53                              	PUSH	EBX
    39 0000003F E8 [00000000]                   	CALL	_pageman_link_page_32_m
    40 00000044 BA 0000001F                     	MOV	EDX,31
    41 00000049 83 C4 1C                        	ADD	ESP,28
    42 0000004C 8B 0D [00000000]                	MOV	ECX,DWORD [_List]
    43 00000052 31 C0                           	XOR	EAX,EAX
    44 00000054                                 L6:
    45 00000054 C7 44 01 14 00000000            	MOV	DWORD [20+ECX+EAX*1],0
    46 0000005C C7 44 01 0C 00000000            	MOV	DWORD [12+ECX+EAX*1],0
    47 00000064 83 C0 18                        	ADD	EAX,24
    48 00000067 4A                              	DEC	EDX
    49 00000068 79 EA                           	JNS	L6
    50 0000006A 8B 5D FC                        	MOV	EBX,DWORD [-4+EBP]
    51 0000006D C9                              	LEAVE
    52 0000006E C3                              	RET
    53 0000006F                                 	GLOBAL	_device_add
    54 0000006F                                 _device_add:
    55 0000006F 55                              	PUSH	EBP
    56 00000070 89 E5                           	MOV	EBP,ESP
    57 00000072 57                              	PUSH	EDI
    58 00000073 56                              	PUSH	ESI
    59 00000074 31 FF                           	XOR	EDI,EDI
    60 00000076 53                              	PUSH	EBX
    61 00000077 31 F6                           	XOR	ESI,ESI
    62 00000079                                 L15:
    63 00000079 8B 1D [00000000]                	MOV	EBX,DWORD [_List]
    64 0000007F 83 7C 33 0C 00                  	CMP	DWORD [12+EBX+ESI*1],0
    65 00000084 74 11                           	JE	L18
    66 00000086 47                              	INC	EDI
    67 00000087 83 C6 18                        	ADD	ESI,24
    68 0000008A 83 FF 1F                        	CMP	EDI,31
    69 0000008D 7E EA                           	JLE	L15
    70 0000008F 83 C8 FF                        	OR	EAX,-1
    71 00000092                                 L9:
    72 00000092 5B                              	POP	EBX
    73 00000093 5E                              	POP	ESI
    74 00000094 5F                              	POP	EDI
    75 00000095 5D                              	POP	EBP
    76 00000096 C3                              	RET
    77 00000097                                 L18:
    78 00000097 8B 45 08                        	MOV	EAX,DWORD [8+EBP]
    79 0000009A 89 04 33                        	MOV	DWORD [EBX+ESI*1],EAX
    80 0000009D 8B 45 0C                        	MOV	EAX,DWORD [12+EBP]
    81 000000A0 89 44 33 04                     	MOV	DWORD [4+EBX+ESI*1],EAX
    82 000000A4 8B 45 10                        	MOV	EAX,DWORD [16+EBP]
    83 000000A7 89 44 33 08                     	MOV	DWORD [8+EBX+ESI*1],EAX
    84 000000AB 8B 45 14                        	MOV	EAX,DWORD [20+EBP]
    85 000000AE C7 44 33 0C 00000001            	MOV	DWORD [12+EBX+ESI*1],1
    86 000000B6 89 44 33 14                     	MOV	DWORD [20+EBX+ESI*1],EAX
    87 000000BA E8 [00000000]                   	CALL	_rdrand
    88 000000BF 89 44 33 10                     	MOV	DWORD [16+EBX+ESI*1],EAX
    89 000000C3 89 F8                           	MOV	EAX,EDI
    90 000000C5 EB CB                           	JMP	L9
    91 000000C7                                 	GLOBAL	_device_remove
    92 000000C7                                 _device_remove:
    93 000000C7 55                              	PUSH	EBP
    94 000000C8 83 C8 FF                        	OR	EAX,-1
    95 000000CB 89 E5                           	MOV	EBP,ESP
    96 000000CD 56                              	PUSH	ESI
    97 000000CE 53                              	PUSH	EBX
    98 000000CF 8B 55 08                        	MOV	EDX,DWORD [8+EBP]
    99 000000D2 83 FA 20                        	CMP	EDX,32
   100 000000D5 76 04                           	JBE	L22
   101 000000D7                                 L19:
   102 000000D7 5B                              	POP	EBX
   103 000000D8 5E                              	POP	ESI
   104 000000D9 5D                              	POP	EBP
   105 000000DA C3                              	RET
   106 000000DB                                 L22:
   107 000000DB 6B DA 18                        	IMUL	EBX,EDX,24
   108 000000DE 8B 35 [00000000]                	MOV	ESI,DWORD [_List]
   109 000000E4 C7 44 1E 0C 00000000            	MOV	DWORD [12+ESI+EBX*1],0
   110 000000EC E8 [00000000]                   	CALL	_rdrand
   111 000000F1 89 44 1E 10                     	MOV	DWORD [16+ESI+EBX*1],EAX
   112 000000F5 EB E0                           	JMP	L19
   113 000000F7                                 	GLOBAL	_device_get_list
   114 000000F7                                 _device_get_list:
   115 000000F7 55                              	PUSH	EBP
   116 000000F8 A1 [00000000]                   	MOV	EAX,DWORD [_List]
   117 000000FD 89 E5                           	MOV	EBP,ESP
   118 000000FF 5D                              	POP	EBP
   119 00000100 C3                              	RET
   120 00000101                                 	GLOBAL	_device_open
   121 00000101                                 _device_open:
   122 00000101 55                              	PUSH	EBP
   123 00000102 83 C8 FF                        	OR	EAX,-1
   124 00000105 89 E5                           	MOV	EBP,ESP
   125 00000107 57                              	PUSH	EDI
   126 00000108 56                              	PUSH	ESI
   127 00000109 8B 55 08                        	MOV	EDX,DWORD [8+EBP]
   128 0000010C 53                              	PUSH	EBX
   129 0000010D 83 FA 20                        	CMP	EDX,32
   130 00000110 77 13                           	JA	L24
   131 00000112 6B DA 18                        	IMUL	EBX,EDX,24
   132 00000115 8B 0D [00000000]                	MOV	ECX,DWORD [_List]
   133 0000011B 83 7C 19 0C 00                  	CMP	DWORD [12+ECX+EBX*1],0
   134 00000120 75 0B                           	JNE	L27
   135 00000122 83 C8 FF                        	OR	EAX,-1
   136 00000125                                 L24:
   137 00000125 8D 65 F4                        	LEA	ESP,DWORD [-12+EBP]
   138 00000128 5B                              	POP	EBX
   139 00000129 5E                              	POP	ESI
   140 0000012A 5F                              	POP	EDI
   141 0000012B 5D                              	POP	EBP
   142 0000012C C3                              	RET
   143 0000012D                                 L27:
   144 0000012D 8B 45 0C                        	MOV	EAX,DWORD [12+EBP]
   145 00000130 8B 54 19 10                     	MOV	EDX,DWORD [16+ECX+EBX*1]
   146 00000134 89 10                           	MOV	DWORD [EAX],EDX
   147 00000136 8D 04 0B                        	LEA	EAX,DWORD [EBX+ECX*1]
   148 00000139 8B 54 19 14                     	MOV	EDX,DWORD [20+ECX+EBX*1]
   149 0000013D FF 75 18                        	PUSH	DWORD [24+EBP]
   150 00000140 FF 75 14                        	PUSH	DWORD [20+EBP]
   151 00000143 FF 75 10                        	PUSH	DWORD [16+EBP]
   152 00000146 50                              	PUSH	EAX
   153 00000147 FF 12                           	CALL	DWORD [EDX]
   154 00000149 8B 35 [00000000]                	MOV	ESI,DWORD [_List]
   155 0000014F 89 C7                           	MOV	EDI,EAX
   156 00000151 83 C4 10                        	ADD	ESP,16
   157 00000154 83 7C 1E 0C 00                  	CMP	DWORD [12+ESI+EBX*1],0
   158 00000159 74 04                           	JE	L30
   159 0000015B                                 L29:
   160 0000015B 89 F8                           	MOV	EAX,EDI
   161 0000015D EB C6                           	JMP	L24
   162 0000015F                                 L30:
   163 0000015F E8 [00000000]                   	CALL	_rdrand
   164 00000164 89 44 1E 10                     	MOV	DWORD [16+ESI+EBX*1],EAX
   165 00000168 EB F1                           	JMP	L29
   166 0000016A                                 	GLOBAL	_device_read
   167 0000016A                                 _device_read:
   168 0000016A 55                              	PUSH	EBP
   169 0000016B 83 C8 FF                        	OR	EAX,-1
   170 0000016E 89 E5                           	MOV	EBP,ESP
   171 00000170 57                              	PUSH	EDI
   172 00000171 56                              	PUSH	ESI
   173 00000172 8B 55 08                        	MOV	EDX,DWORD [8+EBP]
   174 00000175 53                              	PUSH	EBX
   175 00000176 83 FA 20                        	CMP	EDX,32
   176 00000179 77 1C                           	JA	L31
   177 0000017B 6B DA 18                        	IMUL	EBX,EDX,24
   178 0000017E 8B 0D [00000000]                	MOV	ECX,DWORD [_List]
   179 00000184 83 7C 19 0C 00                  	CMP	DWORD [12+ECX+EBX*1],0
   180 00000189 74 09                           	JE	L39
   181 0000018B 8B 45 0C                        	MOV	EAX,DWORD [12+EBP]
   182 0000018E 39 44 19 10                     	CMP	DWORD [16+ECX+EBX*1],EAX
   183 00000192 74 0B                           	JE	L36
   184 00000194                                 L39:
   185 00000194 83 C8 FF                        	OR	EAX,-1
   186 00000197                                 L31:
   187 00000197 8D 65 F4                        	LEA	ESP,DWORD [-12+EBP]
   188 0000019A 5B                              	POP	EBX
   189 0000019B 5E                              	POP	ESI
   190 0000019C 5F                              	POP	EDI
   191 0000019D 5D                              	POP	EBP
   192 0000019E C3                              	RET
   193 0000019F                                 L36:
   194 0000019F 8B 54 19 14                     	MOV	EDX,DWORD [20+ECX+EBX*1]
   195 000001A3 8D 04 0B                        	LEA	EAX,DWORD [EBX+ECX*1]
   196 000001A6 FF 75 18                        	PUSH	DWORD [24+EBP]
   197 000001A9 FF 75 14                        	PUSH	DWORD [20+EBP]
   198 000001AC FF 75 10                        	PUSH	DWORD [16+EBP]
   199 000001AF 50                              	PUSH	EAX
   200 000001B0 FF 52 04                        	CALL	DWORD [4+EDX]
   201 000001B3 8B 35 [00000000]                	MOV	ESI,DWORD [_List]
   202 000001B9 89 C7                           	MOV	EDI,EAX
   203 000001BB 83 C4 10                        	ADD	ESP,16
   204 000001BE 83 7C 1E 0C 00                  	CMP	DWORD [12+ESI+EBX*1],0
   205 000001C3 74 04                           	JE	L40
   206 000001C5                                 L38:
   207 000001C5 89 F8                           	MOV	EAX,EDI
   208 000001C7 EB CE                           	JMP	L31
   209 000001C9                                 L40:
   210 000001C9 E8 [00000000]                   	CALL	_rdrand
   211 000001CE 89 44 1E 10                     	MOV	DWORD [16+ESI+EBX*1],EAX
   212 000001D2 EB F1                           	JMP	L38
   213 000001D4                                 	GLOBAL	_device_write
   214 000001D4                                 _device_write:
   215 000001D4 55                              	PUSH	EBP
   216 000001D5 83 C8 FF                        	OR	EAX,-1
   217 000001D8 89 E5                           	MOV	EBP,ESP
   218 000001DA 57                              	PUSH	EDI
   219 000001DB 56                              	PUSH	ESI
   220 000001DC 8B 55 08                        	MOV	EDX,DWORD [8+EBP]
   221 000001DF 53                              	PUSH	EBX
   222 000001E0 83 FA 20                        	CMP	EDX,32
   223 000001E3 77 1C                           	JA	L41
   224 000001E5 6B DA 18                        	IMUL	EBX,EDX,24
   225 000001E8 8B 0D [00000000]                	MOV	ECX,DWORD [_List]
   226 000001EE 83 7C 19 0C 00                  	CMP	DWORD [12+ECX+EBX*1],0
   227 000001F3 74 09                           	JE	L49
   228 000001F5 8B 45 0C                        	MOV	EAX,DWORD [12+EBP]
   229 000001F8 39 44 19 10                     	CMP	DWORD [16+ECX+EBX*1],EAX
   230 000001FC 74 0B                           	JE	L46
   231 000001FE                                 L49:
   232 000001FE 83 C8 FF                        	OR	EAX,-1
   233 00000201                                 L41:
   234 00000201 8D 65 F4                        	LEA	ESP,DWORD [-12+EBP]
   235 00000204 5B                              	POP	EBX
   236 00000205 5E                              	POP	ESI
   237 00000206 5F                              	POP	EDI
   238 00000207 5D                              	POP	EBP
   239 00000208 C3                              	RET
   240 00000209                                 L46:
   241 00000209 8B 54 19 14                     	MOV	EDX,DWORD [20+ECX+EBX*1]
   242 0000020D 8D 04 0B                        	LEA	EAX,DWORD [EBX+ECX*1]
   243 00000210 FF 75 18                        	PUSH	DWORD [24+EBP]
   244 00000213 FF 75 14                        	PUSH	DWORD [20+EBP]
   245 00000216 FF 75 10                        	PUSH	DWORD [16+EBP]
   246 00000219 50                              	PUSH	EAX
   247 0000021A FF 52 08                        	CALL	DWORD [8+EDX]
   248 0000021D 8B 35 [00000000]                	MOV	ESI,DWORD [_List]
   249 00000223 89 C7                           	MOV	EDI,EAX
   250 00000225 83 C4 10                        	ADD	ESP,16
   251 00000228 83 7C 1E 0C 00                  	CMP	DWORD [12+ESI+EBX*1],0
   252 0000022D 74 04                           	JE	L50
   253 0000022F                                 L48:
   254 0000022F 89 F8                           	MOV	EAX,EDI
   255 00000231 EB CE                           	JMP	L41
   256 00000233                                 L50:
   257 00000233 E8 [00000000]                   	CALL	_rdrand
   258 00000238 89 44 1E 10                     	MOV	DWORD [16+ESI+EBX*1],EAX
   259 0000023C EB F1                           	JMP	L48
   260 0000023E                                 	GLOBAL	_device_seek
   261 0000023E                                 _device_seek:
   262 0000023E 55                              	PUSH	EBP
   263 0000023F 83 C8 FF                        	OR	EAX,-1
   264 00000242 89 E5                           	MOV	EBP,ESP
   265 00000244 57                              	PUSH	EDI
   266 00000245 56                              	PUSH	ESI
   267 00000246 8B 55 08                        	MOV	EDX,DWORD [8+EBP]
   268 00000249 53                              	PUSH	EBX
   269 0000024A 83 FA 20                        	CMP	EDX,32
   270 0000024D 77 1C                           	JA	L51
   271 0000024F 6B DA 18                        	IMUL	EBX,EDX,24
   272 00000252 8B 0D [00000000]                	MOV	ECX,DWORD [_List]
   273 00000258 83 7C 19 0C 00                  	CMP	DWORD [12+ECX+EBX*1],0
   274 0000025D 74 09                           	JE	L59
   275 0000025F 8B 45 0C                        	MOV	EAX,DWORD [12+EBP]
   276 00000262 39 44 19 10                     	CMP	DWORD [16+ECX+EBX*1],EAX
   277 00000266 74 0B                           	JE	L56
   278 00000268                                 L59:
   279 00000268 83 C8 FF                        	OR	EAX,-1
   280 0000026B                                 L51:
   281 0000026B 8D 65 F4                        	LEA	ESP,DWORD [-12+EBP]
   282 0000026E 5B                              	POP	EBX
   283 0000026F 5E                              	POP	ESI
   284 00000270 5F                              	POP	EDI
   285 00000271 5D                              	POP	EBP
   286 00000272 C3                              	RET
   287 00000273                                 L56:
   288 00000273 8B 54 19 14                     	MOV	EDX,DWORD [20+ECX+EBX*1]
   289 00000277 8D 04 0B                        	LEA	EAX,DWORD [EBX+ECX*1]
   290 0000027A FF 75 14                        	PUSH	DWORD [20+EBP]
   291 0000027D FF 75 10                        	PUSH	DWORD [16+EBP]
   292 00000280 50                              	PUSH	EAX
   293 00000281 FF 52 10                        	CALL	DWORD [16+EDX]
   294 00000284 8B 35 [00000000]                	MOV	ESI,DWORD [_List]
   295 0000028A 89 C7                           	MOV	EDI,EAX
   296 0000028C 83 C4 0C                        	ADD	ESP,12
   297 0000028F 83 7C 1E 0C 00                  	CMP	DWORD [12+ESI+EBX*1],0
   298 00000294 74 04                           	JE	L60
   299 00000296                                 L58:
   300 00000296 89 F8                           	MOV	EAX,EDI
   301 00000298 EB D1                           	JMP	L51
   302 0000029A                                 L60:
   303 0000029A E8 [00000000]                   	CALL	_rdrand
   304 0000029F 89 44 1E 10                     	MOV	DWORD [16+ESI+EBX*1],EAX
   305 000002A3 EB F1                           	JMP	L58
