     1 00000000                                 [FORMAT "WCOFF"]
     2 00000000                                 [INSTRSET "i486p"]
     3 00000000                                 [OPTIMIZE 1]
     4 00000000                                 [OPTION 1]
     5 00000000                                 [BITS 32]
     6 00000000                                 	EXTERN	_get_sys_table_addr
     7 00000000                                 	EXTERN	_get_var_guid
     8 00000000                                 	EXTERN	_load_gdtr
     9 00000000                                 	EXTERN	_load_idtr
    10 00000000                                 	EXTERN	_asm_inthandler0c
    11 00000000                                 	EXTERN	_asm_inthandler0d
    12 00000000                                 	EXTERN	_asm_inthandler20
    13 00000000                                 	EXTERN	_asm_inthandler21
    14 00000000                                 	EXTERN	_asm_inthandler2c
    15 00000000                                 	EXTERN	_asm_hrb_api
    16 00000000                                 [FILE "dsctbl.c"]
    17                                          [SECTION .text]
    18 00000000                                 	GLOBAL	_init_gdtidt
    19 00000000                                 _init_gdtidt:
    20 00000000 55                              	PUSH	EBP
    21 00000001 89 E5                           	MOV	EBP,ESP
    22 00000003 57                              	PUSH	EDI
    23 00000004 56                              	PUSH	ESI
    24 00000005 BE 00270000                     	MOV	ESI,2555904
    25 0000000A 53                              	PUSH	EBX
    26 0000000B 8B 7D 08                        	MOV	EDI,DWORD [8+EBP]
    27 0000000E BB 00001FFF                     	MOV	EBX,8191
    28 00000013 E8 [00000000]                   	CALL	_get_sys_table_addr
    29 00000018 E8 [00000000]                   	CALL	_get_var_guid
    30 0000001D                                 L6:
    31 0000001D 6A 00                           	PUSH	0
    32 0000001F 6A 00                           	PUSH	0
    33 00000021 6A 00                           	PUSH	0
    34 00000023 56                              	PUSH	ESI
    35 00000024 83 C6 08                        	ADD	ESI,8
    36 00000027 E8 0000010C                     	CALL	_set_segmdesc
    37 0000002C 83 C4 10                        	ADD	ESP,16
    38 0000002F 4B                              	DEC	EBX
    39 00000030 79 EB                           	JNS	L6
    40 00000032 68 00004092                     	PUSH	16530
    41 00000037 BE 0026F800                     	MOV	ESI,2553856
    42 0000003C 6A 00                           	PUSH	0
    43 0000003E BB 000000FF                     	MOV	EBX,255
    44 00000043 6A FF                           	PUSH	-1
    45 00000045 68 00270008                     	PUSH	2555912
    46 0000004A E8 000000E9                     	CALL	_set_segmdesc
    47 0000004F 68 0000409A                     	PUSH	16538
    48 00000054 6A 00                           	PUSH	0
    49 00000056 6A FF                           	PUSH	-1
    50 00000058 68 00270010                     	PUSH	2555920
    51 0000005D E8 000000D6                     	CALL	_set_segmdesc
    52 00000062 83 C4 20                        	ADD	ESP,32
    53 00000065 68 00270000                     	PUSH	2555904
    54 0000006A 68 0000FFFF                     	PUSH	65535
    55 0000006F E8 [00000000]                   	CALL	_load_gdtr
    56 00000074 58                              	POP	EAX
    57 00000075 5A                              	POP	EDX
    58 00000076                                 L11:
    59 00000076 6A 00                           	PUSH	0
    60 00000078 6A 00                           	PUSH	0
    61 0000007A 6A 00                           	PUSH	0
    62 0000007C 56                              	PUSH	ESI
    63 0000007D 83 C6 08                        	ADD	ESI,8
    64 00000080 E8 000000FD                     	CALL	_set_gatedesc
    65 00000085 83 C4 10                        	ADD	ESP,16
    66 00000088 4B                              	DEC	EBX
    67 00000089 79 EB                           	JNS	L11
    68 0000008B 68 0026F800                     	PUSH	2553856
    69 00000090 68 000007FF                     	PUSH	2047
    70 00000095 E8 [00000000]                   	CALL	_load_idtr
    71 0000009A 8D 87 [00000000]                	LEA	EAX,DWORD [_asm_inthandler0c+EDI]
    72 000000A0 68 0000008E                     	PUSH	142
    73 000000A5 6A 10                           	PUSH	16
    74 000000A7 50                              	PUSH	EAX
    75 000000A8 68 0026F860                     	PUSH	2553952
    76 000000AD E8 000000D0                     	CALL	_set_gatedesc
    77 000000B2 8D 87 [00000000]                	LEA	EAX,DWORD [_asm_inthandler0d+EDI]
    78 000000B8 68 0000008E                     	PUSH	142
    79 000000BD 6A 10                           	PUSH	16
    80 000000BF 50                              	PUSH	EAX
    81 000000C0 68 0026F868                     	PUSH	2553960
    82 000000C5 E8 000000B8                     	CALL	_set_gatedesc
    83 000000CA 8D 87 [00000000]                	LEA	EAX,DWORD [_asm_inthandler20+EDI]
    84 000000D0 83 C4 28                        	ADD	ESP,40
    85 000000D3 68 0000008E                     	PUSH	142
    86 000000D8 6A 10                           	PUSH	16
    87 000000DA 50                              	PUSH	EAX
    88 000000DB 68 0026F900                     	PUSH	2554112
    89 000000E0 E8 0000009D                     	CALL	_set_gatedesc
    90 000000E5 8D 87 [00000000]                	LEA	EAX,DWORD [_asm_inthandler21+EDI]
    91 000000EB 68 0000008E                     	PUSH	142
    92 000000F0 6A 10                           	PUSH	16
    93 000000F2 50                              	PUSH	EAX
    94 000000F3 68 0026F908                     	PUSH	2554120
    95 000000F8 E8 00000085                     	CALL	_set_gatedesc
    96 000000FD 8D 87 [00000000]                	LEA	EAX,DWORD [_asm_inthandler2c+EDI]
    97 00000103 83 C4 20                        	ADD	ESP,32
    98 00000106 68 0000008E                     	PUSH	142
    99 0000010B 6A 10                           	PUSH	16
   100 0000010D 50                              	PUSH	EAX
   101 0000010E 68 0026F960                     	PUSH	2554208
   102 00000113 E8 0000006A                     	CALL	_set_gatedesc
   103 00000118 8D 87 [00000000]                	LEA	EAX,DWORD [_asm_hrb_api+EDI]
   104 0000011E 68 000000EE                     	PUSH	238
   105 00000123 6A 10                           	PUSH	16
   106 00000125 50                              	PUSH	EAX
   107 00000126 68 0026FA00                     	PUSH	2554368
   108 0000012B E8 00000052                     	CALL	_set_gatedesc
   109 00000130 8D 65 F4                        	LEA	ESP,DWORD [-12+EBP]
   110 00000133 5B                              	POP	EBX
   111 00000134 5E                              	POP	ESI
   112 00000135 5F                              	POP	EDI
   113 00000136 5D                              	POP	EBP
   114 00000137 C3                              	RET
   115 00000138                                 	GLOBAL	_set_segmdesc
   116 00000138                                 _set_segmdesc:
   117 00000138 55                              	PUSH	EBP
   118 00000139 89 E5                           	MOV	EBP,ESP
   119 0000013B 53                              	PUSH	EBX
   120 0000013C 8B 55 0C                        	MOV	EDX,DWORD [12+EBP]
   121 0000013F 8B 4D 10                        	MOV	ECX,DWORD [16+EBP]
   122 00000142 8B 5D 08                        	MOV	EBX,DWORD [8+EBP]
   123 00000145 8B 45 14                        	MOV	EAX,DWORD [20+EBP]
   124 00000148 81 FA 000FFFFF                  	CMP	EDX,1048575
   125 0000014E 76 08                           	JBE	L17
   126 00000150 C1 EA 0C                        	SHR	EDX,12
   127 00000153 0D 00008000                     	OR	EAX,32768
   128 00000158                                 L17:
   129 00000158 66 89 13                        	MOV	WORD [EBX],DX
   130 0000015B 88 43 05                        	MOV	BYTE [5+EBX],AL
   131 0000015E C1 EA 10                        	SHR	EDX,16
   132 00000161 C1 F8 08                        	SAR	EAX,8
   133 00000164 83 E2 0F                        	AND	EDX,15
   134 00000167 66 89 4B 02                     	MOV	WORD [2+EBX],CX
   135 0000016B 83 E0 F0                        	AND	EAX,-16
   136 0000016E C1 F9 10                        	SAR	ECX,16
   137 00000171 09 C2                           	OR	EDX,EAX
   138 00000173 88 4B 04                        	MOV	BYTE [4+EBX],CL
   139 00000176 88 53 06                        	MOV	BYTE [6+EBX],DL
   140 00000179 C1 F9 08                        	SAR	ECX,8
   141 0000017C 88 4B 07                        	MOV	BYTE [7+EBX],CL
   142 0000017F 5B                              	POP	EBX
   143 00000180 5D                              	POP	EBP
   144 00000181 C3                              	RET
   145 00000182                                 	GLOBAL	_set_gatedesc
   146 00000182                                 _set_gatedesc:
   147 00000182 55                              	PUSH	EBP
   148 00000183 89 E5                           	MOV	EBP,ESP
   149 00000185 53                              	PUSH	EBX
   150 00000186 8B 55 08                        	MOV	EDX,DWORD [8+EBP]
   151 00000189 8B 45 10                        	MOV	EAX,DWORD [16+EBP]
   152 0000018C 8B 5D 14                        	MOV	EBX,DWORD [20+EBP]
   153 0000018F 8B 4D 0C                        	MOV	ECX,DWORD [12+EBP]
   154 00000192 66 89 42 02                     	MOV	WORD [2+EDX],AX
   155 00000196 88 5A 05                        	MOV	BYTE [5+EDX],BL
   156 00000199 66 89 0A                        	MOV	WORD [EDX],CX
   157 0000019C 89 D8                           	MOV	EAX,EBX
   158 0000019E C1 F8 08                        	SAR	EAX,8
   159 000001A1 C1 F9 10                        	SAR	ECX,16
   160 000001A4 88 42 04                        	MOV	BYTE [4+EDX],AL
   161 000001A7 66 89 4A 06                     	MOV	WORD [6+EDX],CX
   162 000001AB 5B                              	POP	EBX
   163 000001AC 5D                              	POP	EBP
   164 000001AD C3                              	RET
