     1 00000000                                 [FORMAT "WCOFF"]
     2 00000000                                 [INSTRSET "i486p"]
     3 00000000                                 [OPTIMIZE 1]
     4 00000000                                 [OPTION 1]
     5 00000000                                 [BITS 32]
     6 00000000                                 	EXTERN	_memman_alloc_4k
     7 00000000                                 	EXTERN	_memmam_link_page_32_m
     8 00000000                                 	EXTERN	_tek_getsize
     9 00000000                                 	EXTERN	_tek_decomp
    10 00000000                                 	EXTERN	_memman_unlink_page_32
    11 00000000                                 	EXTERN	_memman_free_page_32
    12 00000000                                 	EXTERN	_memman_free_4k
    13 00000000                                 	EXTERN	_task_now
    14 00000000                                 [FILE "file.c"]
    15                                          [SECTION .text]
    16 00000000                                 	GLOBAL	_file_readfat
    17 00000000                                 _file_readfat:
    18 00000000 55                              	PUSH	EBP
    19 00000001 31 C9                           	XOR	ECX,ECX
    20 00000003 89 E5                           	MOV	EBP,ESP
    21 00000005 57                              	PUSH	EDI
    22 00000006 56                              	PUSH	ESI
    23 00000007 53                              	PUSH	EBX
    24 00000008 8B 7D 08                        	MOV	EDI,DWORD [8+EBP]
    25 0000000B 8B 75 0C                        	MOV	ESI,DWORD [12+EBP]
    26 0000000E 31 DB                           	XOR	EBX,EBX
    27 00000010                                 L6:
    28 00000010 0F B6 44 31 01                  	MOVZX	EAX,BYTE [1+ECX+ESI*1]
    29 00000015 0F B6 14 31                     	MOVZX	EDX,BYTE [ECX+ESI*1]
    30 00000019 C1 E0 08                        	SAL	EAX,8
    31 0000001C 09 C2                           	OR	EDX,EAX
    32 0000001E 81 E2 00000FFF                  	AND	EDX,4095
    33 00000024 89 14 9F                        	MOV	DWORD [EDI+EBX*4],EDX
    34 00000027 8A 44 31 01                     	MOV	AL,BYTE [1+ECX+ESI*1]
    35 0000002B 0F B6 54 31 02                  	MOVZX	EDX,BYTE [2+ECX+ESI*1]
    36 00000030 C0 E8 04                        	SHR	AL,4
    37 00000033 83 C1 03                        	ADD	ECX,3
    38 00000036 C1 E2 04                        	SAL	EDX,4
    39 00000039 0F B6 C0                        	MOVZX	EAX,AL
    40 0000003C 09 D0                           	OR	EAX,EDX
    41 0000003E 89 44 9F 04                     	MOV	DWORD [4+EDI+EBX*4],EAX
    42 00000042 83 C3 02                        	ADD	EBX,2
    43 00000045 81 FB 00000B3F                  	CMP	EBX,2879
    44 0000004B 7E C3                           	JLE	L6
    45 0000004D 5B                              	POP	EBX
    46 0000004E 5E                              	POP	ESI
    47 0000004F 5F                              	POP	EDI
    48 00000050 5D                              	POP	EBP
    49 00000051 C3                              	RET
    50 00000052                                 	GLOBAL	_file_loadfile
    51 00000052                                 _file_loadfile:
    52 00000052 55                              	PUSH	EBP
    53 00000053 89 E5                           	MOV	EBP,ESP
    54 00000055 57                              	PUSH	EDI
    55 00000056 56                              	PUSH	ESI
    56 00000057 53                              	PUSH	EBX
    57 00000058 8B 4D 0C                        	MOV	ECX,DWORD [12+EBP]
    58 0000005B 8B 75 08                        	MOV	ESI,DWORD [8+EBP]
    59 0000005E 8B 5D 10                        	MOV	EBX,DWORD [16+EBP]
    60 00000061                                 L10:
    61 00000061 81 F9 00000200                  	CMP	ECX,512
    62 00000067 7E 2F                           	JLE	L27
    63 00000069 31 D2                           	XOR	EDX,EDX
    64 0000006B                                 L23:
    65 0000006B 89 F0                           	MOV	EAX,ESI
    66 0000006D 8B 7D 18                        	MOV	EDI,DWORD [24+EBP]
    67 00000070 C1 E0 09                        	SAL	EAX,9
    68 00000073 01 D0                           	ADD	EAX,EDX
    69 00000075 8A 04 38                        	MOV	AL,BYTE [EAX+EDI*1]
    70 00000078 88 04 1A                        	MOV	BYTE [EDX+EBX*1],AL
    71 0000007B 42                              	INC	EDX
    72 0000007C 81 FA 000001FF                  	CMP	EDX,511
    73 00000082 7E E7                           	JLE	L23
    74 00000084 8B 45 14                        	MOV	EAX,DWORD [20+EBP]
    75 00000087 81 E9 00000200                  	SUB	ECX,512
    76 0000008D 81 C3 00000200                  	ADD	EBX,512
    77 00000093 8B 34 B0                        	MOV	ESI,DWORD [EAX+ESI*4]
    78 00000096 EB C9                           	JMP	L10
    79 00000098                                 L27:
    80 00000098 31 D2                           	XOR	EDX,EDX
    81 0000009A 39 CA                           	CMP	EDX,ECX
    82 0000009C 7D 15                           	JGE	L9
    83 0000009E                                 L18:
    84 0000009E 89 F0                           	MOV	EAX,ESI
    85 000000A0 8B 7D 18                        	MOV	EDI,DWORD [24+EBP]
    86 000000A3 C1 E0 09                        	SAL	EAX,9
    87 000000A6 01 D0                           	ADD	EAX,EDX
    88 000000A8 8A 04 38                        	MOV	AL,BYTE [EAX+EDI*1]
    89 000000AB 88 04 1A                        	MOV	BYTE [EDX+EBX*1],AL
    90 000000AE 42                              	INC	EDX
    91 000000AF 39 CA                           	CMP	EDX,ECX
    92 000000B1 7C EB                           	JL	L18
    93 000000B3                                 L9:
    94 000000B3 5B                              	POP	EBX
    95 000000B4 5E                              	POP	ESI
    96 000000B5 5F                              	POP	EDI
    97 000000B6 5D                              	POP	EBP
    98 000000B7 C3                              	RET
    99 000000B8                                 	GLOBAL	_file_search
   100 000000B8                                 _file_search:
   101 000000B8 55                              	PUSH	EBP
   102 000000B9 31 C9                           	XOR	ECX,ECX
   103 000000BB 89 E5                           	MOV	EBP,ESP
   104 000000BD 57                              	PUSH	EDI
   105 000000BE 56                              	PUSH	ESI
   106 000000BF 53                              	PUSH	EBX
   107 000000C0 83 EC 14                        	SUB	ESP,20
   108 000000C3 8B 5D 08                        	MOV	EBX,DWORD [8+EBP]
   109 000000C6                                 L33:
   110 000000C6 C6 44 0D E4 20                  	MOV	BYTE [-28+EBP+ECX*1],32
   111 000000CB 41                              	INC	ECX
   112 000000CC 83 F9 0A                        	CMP	ECX,10
   113 000000CF 7E F5                           	JLE	L33
   114 000000D1 31 C9                           	XOR	ECX,ECX
   115 000000D3 31 FF                           	XOR	EDI,EDI
   116 000000D5 80 3B 00                        	CMP	BYTE [EBX],0
   117 000000D8 74 29                           	JE	L60
   118 000000DA                                 L42:
   119 000000DA 31 C0                           	XOR	EAX,EAX
   120 000000DC 83 F9 0A                        	CMP	ECX,10
   121 000000DF 7F 5D                           	JG	L28
   122 000000E1 8A 14 1F                        	MOV	DL,BYTE [EDI+EBX*1]
   123 000000E4 80 FA 2E                        	CMP	DL,46
   124 000000E7 74 6E                           	JE	L64
   125 000000E9                                 L39:
   126 000000E9 8D 42 9F                        	LEA	EAX,DWORD [-97+EDX]
   127 000000EC 88 54 0D E4                     	MOV	BYTE [-28+EBP+ECX*1],DL
   128 000000F0 3C 19                           	CMP	AL,25
   129 000000F2 77 07                           	JA	L41
   130 000000F4 8D 42 E0                        	LEA	EAX,DWORD [-32+EDX]
   131 000000F7 88 44 0D E4                     	MOV	BYTE [-28+EBP+ECX*1],AL
   132 000000FB                                 L41:
   133 000000FB 41                              	INC	ECX
   134 000000FC                                 L36:
   135 000000FC 47                              	INC	EDI
   136 000000FD 80 3C 1F 00                     	CMP	BYTE [EDI+EBX*1],0
   137 00000101 75 D7                           	JNE	L42
   138 00000103                                 L60:
   139 00000103 31 FF                           	XOR	EDI,EDI
   140 00000105 3B 7D 10                        	CMP	EDI,DWORD [16+EBP]
   141 00000108 7D 49                           	JGE	L44
   142 0000010A 8B 75 0C                        	MOV	ESI,DWORD [12+EBP]
   143 0000010D C7 45 E0 00000000               	MOV	DWORD [-32+EBP],0
   144 00000114                                 L56:
   145 00000114 8B 45 0C                        	MOV	EAX,DWORD [12+EBP]
   146 00000117 80 38 00                        	CMP	BYTE [EAX],0
   147 0000011A 74 37                           	JE	L44
   148 0000011C F6 46 0B 18                     	TEST	BYTE [11+ESI],24
   149 00000120 75 24                           	JNE	L54
   150 00000122 89 C3                           	MOV	EBX,EAX
   151 00000124 31 C9                           	XOR	ECX,ECX
   152 00000126 03 5D E0                        	ADD	EBX,DWORD [-32+EBP]
   153 00000129                                 L55:
   154 00000129 0F B6 13                        	MOVZX	EDX,BYTE [EBX]
   155 0000012C 0F BE 44 0D E4                  	MOVSX	EAX,BYTE [-28+EBP+ECX*1]
   156 00000131 39 C2                           	CMP	EDX,EAX
   157 00000133 75 11                           	JNE	L54
   158 00000135 41                              	INC	ECX
   159 00000136 43                              	INC	EBX
   160 00000137 89 F0                           	MOV	EAX,ESI
   161 00000139 83 F9 0A                        	CMP	ECX,10
   162 0000013C 7E EB                           	JLE	L55
   163 0000013E                                 L28:
   164 0000013E 83 C4 14                        	ADD	ESP,20
   165 00000141 5B                              	POP	EBX
   166 00000142 5E                              	POP	ESI
   167 00000143 5F                              	POP	EDI
   168 00000144 5D                              	POP	EBP
   169 00000145 C3                              	RET
   170 00000146                                 L54:
   171 00000146 47                              	INC	EDI
   172 00000147 83 C6 20                        	ADD	ESI,32
   173 0000014A 83 45 E0 20                     	ADD	DWORD [-32+EBP],32
   174 0000014E 3B 7D 10                        	CMP	EDI,DWORD [16+EBP]
   175 00000151 7C C1                           	JL	L56
   176 00000153                                 L44:
   177 00000153 31 C0                           	XOR	EAX,EAX
   178 00000155 EB E7                           	JMP	L28
   179 00000157                                 L64:
   180 00000157 83 F9 08                        	CMP	ECX,8
   181 0000015A 7F 8D                           	JG	L39
   182 0000015C B9 00000008                     	MOV	ECX,8
   183 00000161 EB 99                           	JMP	L36
   184 00000163                                 	GLOBAL	_file_loadfile2
   185 00000163                                 _file_loadfile2:
   186 00000163 55                              	PUSH	EBP
   187 00000164 89 E5                           	MOV	EBP,ESP
   188 00000166 57                              	PUSH	EDI
   189 00000167 56                              	PUSH	ESI
   190 00000168 53                              	PUSH	EBX
   191 00000169 83 EC 10                        	SUB	ESP,16
   192 0000016C 8B 45 0C                        	MOV	EAX,DWORD [12+EBP]
   193 0000016F 8B 00                           	MOV	EAX,DWORD [EAX]
   194 00000171 89 45 F0                        	MOV	DWORD [-16+EBP],EAX
   195 00000174 A1 0026F000                     	MOV	EAX,DWORD [2551808]
   196 00000179 FF 75 F0                        	PUSH	DWORD [-16+EBP]
   197 0000017C 68 003C0000                     	PUSH	3932160
   198 00000181 89 45 EC                        	MOV	DWORD [-20+EBP],EAX
   199 00000184 E8 [00000000]                   	CALL	_memman_alloc_4k
   200 00000189 8B 5D F0                        	MOV	EBX,DWORD [-16+EBP]
   201 0000018C 81 C3 00000FFF                  	ADD	EBX,4095
   202 00000192 6A 00                           	PUSH	0
   203 00000194 C1 FB 0C                        	SAR	EBX,12
   204 00000197 89 C6                           	MOV	ESI,EAX
   205 00000199 53                              	PUSH	EBX
   206 0000019A 6A 07                           	PUSH	7
   207 0000019C 50                              	PUSH	EAX
   208 0000019D 68 00268000                     	PUSH	2523136
   209 000001A2 FF 75 EC                        	PUSH	DWORD [-20+EBP]
   210 000001A5 E8 [00000000]                   	CALL	_memmam_link_page_32_m
   211 000001AA 83 C4 20                        	ADD	ESP,32
   212 000001AD 68 00103E00                     	PUSH	1064448
   213 000001B2 FF 75 10                        	PUSH	DWORD [16+EBP]
   214 000001B5 56                              	PUSH	ESI
   215 000001B6 FF 75 F0                        	PUSH	DWORD [-16+EBP]
   216 000001B9 FF 75 08                        	PUSH	DWORD [8+EBP]
   217 000001BC E8 FFFFFE91                     	CALL	_file_loadfile
   218 000001C1 83 C4 14                        	ADD	ESP,20
   219 000001C4 83 7D F0 10                     	CMP	DWORD [-16+EBP],16
   220 000001C8 7F 0A                           	JG	L75
   221 000001CA                                 L66:
   222 000001CA 8D 65 F4                        	LEA	ESP,DWORD [-12+EBP]
   223 000001CD 89 F0                           	MOV	EAX,ESI
   224 000001CF 5B                              	POP	EBX
   225 000001D0 5E                              	POP	ESI
   226 000001D1 5F                              	POP	EDI
   227 000001D2 5D                              	POP	EBP
   228 000001D3 C3                              	RET
   229 000001D4                                 L75:
   230 000001D4 56                              	PUSH	ESI
   231 000001D5 E8 [00000000]                   	CALL	_tek_getsize
   232 000001DA 89 C7                           	MOV	EDI,EAX
   233 000001DC 58                              	POP	EAX
   234 000001DD 85 FF                           	TEST	EDI,EDI
   235 000001DF 7E E9                           	JLE	L66
   236 000001E1 57                              	PUSH	EDI
   237 000001E2 68 003C0000                     	PUSH	3932160
   238 000001E7 E8 [00000000]                   	CALL	_memman_alloc_4k
   239 000001EC 6A 00                           	PUSH	0
   240 000001EE 89 45 E8                        	MOV	DWORD [-24+EBP],EAX
   241 000001F1 8D 87 00000FFF                  	LEA	EAX,DWORD [4095+EDI]
   242 000001F7 C1 F8 0C                        	SAR	EAX,12
   243 000001FA 50                              	PUSH	EAX
   244 000001FB 6A 07                           	PUSH	7
   245 000001FD FF 75 E8                        	PUSH	DWORD [-24+EBP]
   246 00000200 68 00268000                     	PUSH	2523136
   247 00000205 FF 75 EC                        	PUSH	DWORD [-20+EBP]
   248 00000208 E8 [00000000]                   	CALL	_memmam_link_page_32_m
   249 0000020D 83 C4 20                        	ADD	ESP,32
   250 00000210 57                              	PUSH	EDI
   251 00000211 FF 75 E8                        	PUSH	DWORD [-24+EBP]
   252 00000214 56                              	PUSH	ESI
   253 00000215 E8 [00000000]                   	CALL	_tek_decomp
   254 0000021A 83 C4 0C                        	ADD	ESP,12
   255 0000021D C7 45 E4 00000000               	MOV	DWORD [-28+EBP],0
   256 00000224 39 5D E4                        	CMP	DWORD [-28+EBP],EBX
   257 00000227 7D 35                           	JGE	L74
   258 00000229 89 F3                           	MOV	EBX,ESI
   259 0000022B                                 L72:
   260 0000022B 53                              	PUSH	EBX
   261 0000022C 81 C3 00001000                  	ADD	EBX,4096
   262 00000232 68 00268000                     	PUSH	2523136
   263 00000237 FF 75 EC                        	PUSH	DWORD [-20+EBP]
   264 0000023A E8 [00000000]                   	CALL	_memman_unlink_page_32
   265 0000023F 50                              	PUSH	EAX
   266 00000240 FF 75 EC                        	PUSH	DWORD [-20+EBP]
   267 00000243 E8 [00000000]                   	CALL	_memman_free_page_32
   268 00000248 8B 45 F0                        	MOV	EAX,DWORD [-16+EBP]
   269 0000024B 05 00000FFF                     	ADD	EAX,4095
   270 00000250 FF 45 E4                        	INC	DWORD [-28+EBP]
   271 00000253 C1 F8 0C                        	SAR	EAX,12
   272 00000256 83 C4 14                        	ADD	ESP,20
   273 00000259 39 45 E4                        	CMP	DWORD [-28+EBP],EAX
   274 0000025C 7C CD                           	JL	L72
   275 0000025E                                 L74:
   276 0000025E FF 75 F0                        	PUSH	DWORD [-16+EBP]
   277 00000261 56                              	PUSH	ESI
   278 00000262 68 003C0000                     	PUSH	3932160
   279 00000267 E8 [00000000]                   	CALL	_memman_free_4k
   280 0000026C 83 C4 0C                        	ADD	ESP,12
   281 0000026F 8B 45 0C                        	MOV	EAX,DWORD [12+EBP]
   282 00000272 8B 75 E8                        	MOV	ESI,DWORD [-24+EBP]
   283 00000275 89 38                           	MOV	DWORD [EAX],EDI
   284 00000277 E9 FFFFFF4E                     	JMP	L66
   285 0000027C                                 	GLOBAL	_task_vfs
   286 0000027C                                 _task_vfs:
   287 0000027C 55                              	PUSH	EBP
   288 0000027D 89 E5                           	MOV	EBP,ESP
   289 0000027F E8 [00000000]                   	CALL	_task_now
   290 00000284 5D                              	POP	EBP
   291 00000285 31 C0                           	XOR	EAX,EAX
   292 00000287 C3                              	RET
