     1 00000000                                 [FORMAT "WCOFF"]
     2 00000000                                 [INSTRSET "i486p"]
     3 00000000                                 [OPTIMIZE 1]
     4 00000000                                 [OPTION 1]
     5 00000000                                 [BITS 32]
     6 00000000                                 	EXTERN	_io_in8
     7 00000000                                 	EXTERN	_fifo32_put
     8 00000000                                 	EXTERN	_io_out8
     9 00000000                                 [FILE "keyboard.c"]
    10                                          [SECTION .text]
    11 00000000                                 	GLOBAL	_inthandler21
    12 00000000                                 _inthandler21:
    13 00000000 55                              	PUSH	EBP
    14 00000001 89 E5                           	MOV	EBP,ESP
    15 00000003 C7 05 FEC00040 00000000         	MOV	DWORD [-20971456],0
    16 0000000D C7 05 FEE000B0 00000000         	MOV	DWORD [-18874192],0
    17 00000017 6A 60                           	PUSH	96
    18 00000019 E8 [00000000]                   	CALL	_io_in8
    19 0000001E 03 05 [00000004]                	ADD	EAX,DWORD [_keydata0]
    20 00000024 50                              	PUSH	EAX
    21 00000025 FF 35 [00000000]                	PUSH	DWORD [_keyfifo]
    22 0000002B E8 [00000000]                   	CALL	_fifo32_put
    23 00000030 C9                              	LEAVE
    24 00000031 C3                              	RET
    25 00000032                                 	GLOBAL	_wait_KBC_sendready
    26 00000032                                 _wait_KBC_sendready:
    27 00000032 55                              	PUSH	EBP
    28 00000033 89 E5                           	MOV	EBP,ESP
    29 00000035                                 L3:
    30 00000035 6A 64                           	PUSH	100
    31 00000037 E8 [00000000]                   	CALL	_io_in8
    32 0000003C 5A                              	POP	EDX
    33 0000003D 83 E0 02                        	AND	EAX,2
    34 00000040 75 F3                           	JNE	L3
    35 00000042 C9                              	LEAVE
    36 00000043 C3                              	RET
    37 00000044                                 	GLOBAL	_init_keyboard
    38 00000044                                 _init_keyboard:
    39 00000044 55                              	PUSH	EBP
    40 00000045 89 E5                           	MOV	EBP,ESP
    41 00000047 8B 45 08                        	MOV	EAX,DWORD [8+EBP]
    42 0000004A A3 [00000000]                   	MOV	DWORD [_keyfifo],EAX
    43 0000004F 8B 45 0C                        	MOV	EAX,DWORD [12+EBP]
    44 00000052 A3 [00000004]                   	MOV	DWORD [_keydata0],EAX
    45 00000057 E8 FFFFFFD6                     	CALL	_wait_KBC_sendready
    46 0000005C 6A 60                           	PUSH	96
    47 0000005E 6A 64                           	PUSH	100
    48 00000060 E8 [00000000]                   	CALL	_io_out8
    49 00000065 E8 FFFFFFC8                     	CALL	_wait_KBC_sendready
    50 0000006A 59                              	POP	ECX
    51 0000006B 58                              	POP	EAX
    52 0000006C C7 45 0C 00000047               	MOV	DWORD [12+EBP],71
    53 00000073 C7 45 08 00000060               	MOV	DWORD [8+EBP],96
    54 0000007A C9                              	LEAVE
    55 0000007B E9 [00000000]                   	JMP	_io_out8
    56 00000080                                 	GLOBAL	_keyfifo
    57                                          [SECTION .data]
    58 00000000                                 	ALIGNB	4
    59 00000000                                 _keyfifo:
    60 00000000 00 00 00 00                     	RESB	4
    61 00000004                                 	GLOBAL	_keydata0
    62                                          [SECTION .data]
    63 00000004                                 	ALIGNB	4
    64 00000004                                 _keydata0:
    65 00000004 00 00 00 00                     	RESB	4
