     1 00000000                                 [FORMAT "WCOFF"]
     2 00000000                                 [INSTRSET "i486p"]
     3 00000000                                 [OPTIMIZE 1]
     4 00000000                                 [OPTION 1]
     5 00000000                                 [BITS 32]
     6 00000000                                 	EXTERN	_io_load_eflags
     7 00000000                                 	EXTERN	_io_store_eflags
     8 00000000                                 	EXTERN	_memtest_sub
     9 00000000                                 	EXTERN	_load_cr0
    10 00000000                                 	EXTERN	_store_cr0
    11 00000000                                 [FILE "memory.c"]
    12                                          [SECTION .text]
    13 00000000                                 	GLOBAL	_memtest
    14 00000000                                 _memtest:
    15 00000000 55                              	PUSH	EBP
    16 00000001 89 E5                           	MOV	EBP,ESP
    17 00000003 56                              	PUSH	ESI
    18 00000004 53                              	PUSH	EBX
    19 00000005 31 F6                           	XOR	ESI,ESI
    20 00000007 E8 [00000000]                   	CALL	_io_load_eflags
    21 0000000C 0D 00040000                     	OR	EAX,262144
    22 00000011 50                              	PUSH	EAX
    23 00000012 E8 [00000000]                   	CALL	_io_store_eflags
    24 00000017 E8 [00000000]                   	CALL	_io_load_eflags
    25 0000001C 5A                              	POP	EDX
    26 0000001D A9 00040000                     	TEST	EAX,262144
    27 00000022 74 05                           	JE	L2
    28 00000024 BE 00000001                     	MOV	ESI,1
    29 00000029                                 L2:
    30 00000029 25 FFFBFFFF                     	AND	EAX,-262145
    31 0000002E 50                              	PUSH	EAX
    32 0000002F E8 [00000000]                   	CALL	_io_store_eflags
    33 00000034 58                              	POP	EAX
    34 00000035 89 F0                           	MOV	EAX,ESI
    35 00000037 84 C0                           	TEST	AL,AL
    36 00000039 75 31                           	JNE	L5
    37 0000003B                                 L3:
    38 0000003B FF 75 0C                        	PUSH	DWORD [12+EBP]
    39 0000003E FF 75 08                        	PUSH	DWORD [8+EBP]
    40 00000041 E8 [00000000]                   	CALL	_memtest_sub
    41 00000046 5A                              	POP	EDX
    42 00000047 89 C3                           	MOV	EBX,EAX
    43 00000049 59                              	POP	ECX
    44 0000004A 89 F0                           	MOV	EAX,ESI
    45 0000004C 84 C0                           	TEST	AL,AL
    46 0000004E 75 09                           	JNE	L6
    47 00000050                                 L4:
    48 00000050 8D 65 F8                        	LEA	ESP,DWORD [-8+EBP]
    49 00000053 89 D8                           	MOV	EAX,EBX
    50 00000055 5B                              	POP	EBX
    51 00000056 5E                              	POP	ESI
    52 00000057 5D                              	POP	EBP
    53 00000058 C3                              	RET
    54 00000059                                 L6:
    55 00000059 E8 [00000000]                   	CALL	_load_cr0
    56 0000005E 25 9FFFFFFF                     	AND	EAX,-1610612737
    57 00000063 50                              	PUSH	EAX
    58 00000064 E8 [00000000]                   	CALL	_store_cr0
    59 00000069 58                              	POP	EAX
    60 0000006A EB E4                           	JMP	L4
    61 0000006C                                 L5:
    62 0000006C E8 [00000000]                   	CALL	_load_cr0
    63 00000071 0D 60000000                     	OR	EAX,1610612736
    64 00000076 50                              	PUSH	EAX
    65 00000077 E8 [00000000]                   	CALL	_store_cr0
    66 0000007C 5B                              	POP	EBX
    67 0000007D EB BC                           	JMP	L3
    68 0000007F                                 	GLOBAL	_memman_init
    69 0000007F                                 _memman_init:
    70 0000007F 55                              	PUSH	EBP
    71 00000080 89 E5                           	MOV	EBP,ESP
    72 00000082 8B 45 08                        	MOV	EAX,DWORD [8+EBP]
    73 00000085 C7 00 00000000                  	MOV	DWORD [EAX],0
    74 0000008B C7 40 04 00000000               	MOV	DWORD [4+EAX],0
    75 00000092 C7 40 08 00000000               	MOV	DWORD [8+EAX],0
    76 00000099 C7 40 0C 00000000               	MOV	DWORD [12+EAX],0
    77 000000A0 5D                              	POP	EBP
    78 000000A1 C3                              	RET
    79 000000A2                                 	GLOBAL	_memman_total
    80 000000A2                                 _memman_total:
    81 000000A2 55                              	PUSH	EBP
    82 000000A3 31 C0                           	XOR	EAX,EAX
    83 000000A5 89 E5                           	MOV	EBP,ESP
    84 000000A7 31 D2                           	XOR	EDX,EDX
    85 000000A9 53                              	PUSH	EBX
    86 000000AA 8B 5D 08                        	MOV	EBX,DWORD [8+EBP]
    87 000000AD 8B 0B                           	MOV	ECX,DWORD [EBX]
    88 000000AF 39 C8                           	CMP	EAX,ECX
    89 000000B1 73 09                           	JAE	L15
    90 000000B3                                 L13:
    91 000000B3 03 44 D3 14                     	ADD	EAX,DWORD [20+EBX+EDX*8]
    92 000000B7 42                              	INC	EDX
    93 000000B8 39 CA                           	CMP	EDX,ECX
    94 000000BA 72 F7                           	JB	L13
    95 000000BC                                 L15:
    96 000000BC 5B                              	POP	EBX
    97 000000BD 5D                              	POP	EBP
    98 000000BE C3                              	RET
    99 000000BF                                 	GLOBAL	_memman_alloc
   100 000000BF                                 _memman_alloc:
   101 000000BF 55                              	PUSH	EBP
   102 000000C0 31 C9                           	XOR	ECX,ECX
   103 000000C2 89 E5                           	MOV	EBP,ESP
   104 000000C4 57                              	PUSH	EDI
   105 000000C5 56                              	PUSH	ESI
   106 000000C6 53                              	PUSH	EBX
   107 000000C7 8B 75 0C                        	MOV	ESI,DWORD [12+EBP]
   108 000000CA 8B 5D 08                        	MOV	EBX,DWORD [8+EBP]
   109 000000CD 8B 03                           	MOV	EAX,DWORD [EBX]
   110 000000CF 39 C1                           	CMP	ECX,EAX
   111 000000D1 73 0D                           	JAE	L30
   112 000000D3                                 L28:
   113 000000D3 8B 54 CB 14                     	MOV	EDX,DWORD [20+EBX+ECX*8]
   114 000000D7 39 F2                           	CMP	EDX,ESI
   115 000000D9 73 0C                           	JAE	L32
   116 000000DB 41                              	INC	ECX
   117 000000DC 39 C1                           	CMP	ECX,EAX
   118 000000DE 72 F3                           	JB	L28
   119 000000E0                                 L30:
   120 000000E0 31 C0                           	XOR	EAX,EAX
   121 000000E2                                 L16:
   122 000000E2 5B                              	POP	EBX
   123 000000E3 5E                              	POP	ESI
   124 000000E4 5F                              	POP	EDI
   125 000000E5 5D                              	POP	EBP
   126 000000E6 C3                              	RET
   127 000000E7                                 L32:
   128 000000E7 8B 7C CB 10                     	MOV	EDI,DWORD [16+EBX+ECX*8]
   129 000000EB 8D 04 3E                        	LEA	EAX,DWORD [ESI+EDI*1]
   130 000000EE 89 44 CB 10                     	MOV	DWORD [16+EBX+ECX*8],EAX
   131 000000F2 89 D0                           	MOV	EAX,EDX
   132 000000F4 29 F0                           	SUB	EAX,ESI
   133 000000F6 89 44 CB 14                     	MOV	DWORD [20+EBX+ECX*8],EAX
   134 000000FA 85 C0                           	TEST	EAX,EAX
   135 000000FC 75 20                           	JNE	L22
   136 000000FE 8B 03                           	MOV	EAX,DWORD [EBX]
   137 00000100 48                              	DEC	EAX
   138 00000101 89 03                           	MOV	DWORD [EBX],EAX
   139 00000103 39 C1                           	CMP	ECX,EAX
   140 00000105 73 17                           	JAE	L22
   141 00000107 89 C6                           	MOV	ESI,EAX
   142 00000109                                 L27:
   143 00000109 8B 44 CB 18                     	MOV	EAX,DWORD [24+EBX+ECX*8]
   144 0000010D 8B 54 CB 1C                     	MOV	EDX,DWORD [28+EBX+ECX*8]
   145 00000111 89 44 CB 10                     	MOV	DWORD [16+EBX+ECX*8],EAX
   146 00000115 89 54 CB 14                     	MOV	DWORD [20+EBX+ECX*8],EDX
   147 00000119 41                              	INC	ECX
   148 0000011A 39 F1                           	CMP	ECX,ESI
   149 0000011C 72 EB                           	JB	L27
   150 0000011E                                 L22:
   151 0000011E 89 F8                           	MOV	EAX,EDI
   152 00000120 EB C0                           	JMP	L16
   153 00000122                                 	GLOBAL	_memman_free
   154 00000122                                 _memman_free:
   155 00000122 55                              	PUSH	EBP
   156 00000123 89 E5                           	MOV	EBP,ESP
   157 00000125 57                              	PUSH	EDI
   158 00000126 56                              	PUSH	ESI
   159 00000127 8B 75 08                        	MOV	ESI,DWORD [8+EBP]
   160 0000012A 53                              	PUSH	EBX
   161 0000012B 31 DB                           	XOR	EBX,EBX
   162 0000012D 8B 3E                           	MOV	EDI,DWORD [ESI]
   163 0000012F 39 FB                           	CMP	EBX,EDI
   164 00000131 7D 0E                           	JGE	L35
   165 00000133                                 L39:
   166 00000133 8B 45 0C                        	MOV	EAX,DWORD [12+EBP]
   167 00000136 39 44 DE 10                     	CMP	DWORD [16+ESI+EBX*8],EAX
   168 0000013A 77 05                           	JA	L35
   169 0000013C 43                              	INC	EBX
   170 0000013D 39 FB                           	CMP	EBX,EDI
   171 0000013F 7C F2                           	JL	L39
   172 00000141                                 L35:
   173 00000141 85 DB                           	TEST	EBX,EBX
   174 00000143 7E 0F                           	JLE	L40
   175 00000145 8B 54 DE 0C                     	MOV	EDX,DWORD [12+ESI+EBX*8]
   176 00000149 8B 44 DE 08                     	MOV	EAX,DWORD [8+ESI+EBX*8]
   177 0000014D 01 D0                           	ADD	EAX,EDX
   178 0000014F 3B 45 0C                        	CMP	EAX,DWORD [12+EBP]
   179 00000152 74 73                           	JE	L63
   180 00000154                                 L40:
   181 00000154 39 FB                           	CMP	EBX,EDI
   182 00000156 7D 0C                           	JGE	L49
   183 00000158 8B 45 0C                        	MOV	EAX,DWORD [12+EBP]
   184 0000015B 03 45 10                        	ADD	EAX,DWORD [16+EBP]
   185 0000015E 3B 44 DE 10                     	CMP	EAX,DWORD [16+ESI+EBX*8]
   186 00000162 74 53                           	JE	L64
   187 00000164                                 L49:
   188 00000164 81 FF 00000FF9                  	CMP	EDI,4089
   189 0000016A 7F 3D                           	JG	L51
   190 0000016C 89 F9                           	MOV	ECX,EDI
   191 0000016E 39 DF                           	CMP	EDI,EBX
   192 00000170 7E 15                           	JLE	L61
   193 00000172                                 L56:
   194 00000172 8B 44 CE 08                     	MOV	EAX,DWORD [8+ESI+ECX*8]
   195 00000176 8B 54 CE 0C                     	MOV	EDX,DWORD [12+ESI+ECX*8]
   196 0000017A 89 44 CE 10                     	MOV	DWORD [16+ESI+ECX*8],EAX
   197 0000017E 89 54 CE 14                     	MOV	DWORD [20+ESI+ECX*8],EDX
   198 00000182 49                              	DEC	ECX
   199 00000183 39 D9                           	CMP	ECX,EBX
   200 00000185 7F EB                           	JG	L56
   201 00000187                                 L61:
   202 00000187 8D 47 01                        	LEA	EAX,DWORD [1+EDI]
   203 0000018A 89 06                           	MOV	DWORD [ESI],EAX
   204 0000018C 39 46 04                        	CMP	DWORD [4+ESI],EAX
   205 0000018F 7D 03                           	JGE	L57
   206 00000191 89 46 04                        	MOV	DWORD [4+ESI],EAX
   207 00000194                                 L57:
   208 00000194 8B 45 0C                        	MOV	EAX,DWORD [12+EBP]
   209 00000197 89 44 DE 10                     	MOV	DWORD [16+ESI+EBX*8],EAX
   210 0000019B 8B 45 10                        	MOV	EAX,DWORD [16+EBP]
   211 0000019E 89 44 DE 14                     	MOV	DWORD [20+ESI+EBX*8],EAX
   212 000001A2                                 L62:
   213 000001A2 31 C0                           	XOR	EAX,EAX
   214 000001A4                                 L33:
   215 000001A4 5B                              	POP	EBX
   216 000001A5 5E                              	POP	ESI
   217 000001A6 5F                              	POP	EDI
   218 000001A7 5D                              	POP	EBP
   219 000001A8 C3                              	RET
   220 000001A9                                 L51:
   221 000001A9 8B 45 10                        	MOV	EAX,DWORD [16+EBP]
   222 000001AC FF 46 0C                        	INC	DWORD [12+ESI]
   223 000001AF 01 46 08                        	ADD	DWORD [8+ESI],EAX
   224 000001B2 83 C8 FF                        	OR	EAX,-1
   225 000001B5 EB ED                           	JMP	L33
   226 000001B7                                 L64:
   227 000001B7 8B 45 0C                        	MOV	EAX,DWORD [12+EBP]
   228 000001BA 89 44 DE 10                     	MOV	DWORD [16+ESI+EBX*8],EAX
   229 000001BE 8B 45 10                        	MOV	EAX,DWORD [16+EBP]
   230 000001C1 01 44 DE 14                     	ADD	DWORD [20+ESI+EBX*8],EAX
   231 000001C5 EB DB                           	JMP	L62
   232 000001C7                                 L63:
   233 000001C7 03 55 10                        	ADD	EDX,DWORD [16+EBP]
   234 000001CA 89 54 DE 0C                     	MOV	DWORD [12+ESI+EBX*8],EDX
   235 000001CE 3B 1E                           	CMP	EBX,DWORD [ESI]
   236 000001D0 7D D0                           	JGE	L62
   237 000001D2 8B 45 0C                        	MOV	EAX,DWORD [12+EBP]
   238 000001D5 03 45 10                        	ADD	EAX,DWORD [16+EBP]
   239 000001D8 3B 44 DE 10                     	CMP	EAX,DWORD [16+ESI+EBX*8]
   240 000001DC 75 C4                           	JNE	L62
   241 000001DE 03 54 DE 14                     	ADD	EDX,DWORD [20+ESI+EBX*8]
   242 000001E2 89 54 DE 0C                     	MOV	DWORD [12+ESI+EBX*8],EDX
   243 000001E6 8B 06                           	MOV	EAX,DWORD [ESI]
   244 000001E8 48                              	DEC	EAX
   245 000001E9 89 06                           	MOV	DWORD [ESI],EAX
   246 000001EB 39 C3                           	CMP	EBX,EAX
   247 000001ED 7D B3                           	JGE	L62
   248 000001EF 89 C1                           	MOV	ECX,EAX
   249 000001F1                                 L48:
   250 000001F1 8B 44 DE 18                     	MOV	EAX,DWORD [24+ESI+EBX*8]
   251 000001F5 8B 54 DE 1C                     	MOV	EDX,DWORD [28+ESI+EBX*8]
   252 000001F9 89 44 DE 10                     	MOV	DWORD [16+ESI+EBX*8],EAX
   253 000001FD 89 54 DE 14                     	MOV	DWORD [20+ESI+EBX*8],EDX
   254 00000201 43                              	INC	EBX
   255 00000202 39 CB                           	CMP	EBX,ECX
   256 00000204 7C EB                           	JL	L48
   257 00000206 EB 9A                           	JMP	L62
   258 00000208                                 	GLOBAL	_memman_alloc_4k
   259 00000208                                 _memman_alloc_4k:
   260 00000208 55                              	PUSH	EBP
   261 00000209 89 E5                           	MOV	EBP,ESP
   262 0000020B 8B 45 0C                        	MOV	EAX,DWORD [12+EBP]
   263 0000020E 05 00000FFF                     	ADD	EAX,4095
   264 00000213 25 FFFFF000                     	AND	EAX,-4096
   265 00000218 89 45 0C                        	MOV	DWORD [12+EBP],EAX
   266 0000021B 5D                              	POP	EBP
   267 0000021C E9 FFFFFE9E                     	JMP	_memman_alloc
   268 00000221                                 	GLOBAL	_memman_free_4k
   269 00000221                                 _memman_free_4k:
   270 00000221 55                              	PUSH	EBP
   271 00000222 89 E5                           	MOV	EBP,ESP
   272 00000224 8B 45 10                        	MOV	EAX,DWORD [16+EBP]
   273 00000227 05 00000FFF                     	ADD	EAX,4095
   274 0000022C 25 FFFFF000                     	AND	EAX,-4096
   275 00000231 89 45 10                        	MOV	DWORD [16+EBP],EAX
   276 00000234 5D                              	POP	EBP
   277 00000235 E9 FFFFFEE8                     	JMP	_memman_free
   278 0000023A                                 	GLOBAL	_init_page
   279 0000023A                                 _init_page:
   280 0000023A 55                              	PUSH	EBP
   281 0000023B 31 D2                           	XOR	EDX,EDX
   282 0000023D 89 E5                           	MOV	EBP,ESP
   283 0000023F 57                              	PUSH	EDI
   284 00000240 56                              	PUSH	ESI
   285 00000241 53                              	PUSH	EBX
   286 00000242 BB 00400000                     	MOV	EBX,4194304
   287 00000247 56                              	PUSH	ESI
   288 00000248 56                              	PUSH	ESI
   289 00000249                                 L72:
   290 00000249 89 D0                           	MOV	EAX,EDX
   291 0000024B 81 C2 00001000                  	ADD	EDX,4096
   292 00000251 83 C8 07                        	OR	EAX,7
   293 00000254 89 03                           	MOV	DWORD [EBX],EAX
   294 00000256 83 C3 04                        	ADD	EBX,4
   295 00000259 81 FB 007FFFFF                  	CMP	EBX,8388607
   296 0000025F 7E E8                           	JLE	L72
   297 00000261 BB 00268000                     	MOV	EBX,2523136
   298 00000266 BA 00400000                     	MOV	EDX,4194304
   299 0000026B                                 L77:
   300 0000026B 89 D0                           	MOV	EAX,EDX
   301 0000026D 81 C2 00001000                  	ADD	EDX,4096
   302 00000273 83 C8 07                        	OR	EAX,7
   303 00000276 89 03                           	MOV	DWORD [EBX],EAX
   304 00000278 83 C3 04                        	ADD	EBX,4
   305 0000027B 81 FB 00268FFF                  	CMP	EBX,2527231
   306 00000281 7E E8                           	JLE	L77
   307 00000283 BB 00269000                     	MOV	EBX,2527232
   308 00000288 31 D2                           	XOR	EDX,EDX
   309 0000028A                                 L82:
   310 0000028A 89 D0                           	MOV	EAX,EDX
   311 0000028C 81 C2 00400000                  	ADD	EDX,4194304
   312 00000292 0D 00000187                     	OR	EAX,391
   313 00000297 89 03                           	MOV	DWORD [EBX],EAX
   314 00000299 83 C3 04                        	ADD	EBX,4
   315 0000029C 81 FB 00269FFF                  	CMP	EBX,2531327
   316 000002A2 7E E6                           	JLE	L82
   317 000002A4 8B 45 08                        	MOV	EAX,DWORD [8+EBP]
   318 000002A7 31 DB                           	XOR	EBX,EBX
   319 000002A9 C7 40 08 00800000               	MOV	DWORD [8+EAX],8388608
   320 000002B0                                 L87:
   321 000002B0 8B 55 08                        	MOV	EDX,DWORD [8+EBP]
   322 000002B3 8B 42 08                        	MOV	EAX,DWORD [8+EDX]
   323 000002B6 C6 04 03 FF                     	MOV	BYTE [EBX+EAX*1],-1
   324 000002BA 43                              	INC	EBX
   325 000002BB 81 FB 000FFFFF                  	CMP	EBX,1048575
   326 000002C1 7E ED                           	JLE	L87
   327 000002C3 C7 42 04 00000000               	MOV	DWORD [4+EDX],0
   328 000002CA C7 02 00000000                  	MOV	DWORD [EDX],0
   329 000002D0 31 DB                           	XOR	EBX,EBX
   330 000002D2 31 FF                           	XOR	EDI,EDI
   331 000002D4                                 L105:
   332 000002D4 39 9F 0026A014                  	CMP	DWORD [2531348+EDI],EBX
   333 000002DA 75 12                           	JNE	L67
   334 000002DC 83 BF 0026A004 00               	CMP	DWORD [2531332+EDI],0
   335 000002E3 7E 10                           	JLE	L117
   336 000002E5                                 L90:
   337 000002E5 43                              	INC	EBX
   338 000002E6 83 C7 20                        	ADD	EDI,32
   339 000002E9 83 FB 7F                        	CMP	EBX,127
   340 000002EC 7E E6                           	JLE	L105
   341 000002EE                                 L67:
   342 000002EE 59                              	POP	ECX
   343 000002EF 5B                              	POP	EBX
   344 000002F0 5B                              	POP	EBX
   345 000002F1 5E                              	POP	ESI
   346 000002F2 5F                              	POP	EDI
   347 000002F3 5D                              	POP	EBP
   348 000002F4 C3                              	RET
   349 000002F5                                 L117:
   350 000002F5 8B 97 0026A000                  	MOV	EDX,DWORD [2531328+EDI]
   351 000002FB 89 D0                           	MOV	EAX,EDX
   352 000002FD 03 87 0026A008                  	ADD	EAX,DWORD [2531336+EDI]
   353 00000303 83 BF 0026A010 00               	CMP	DWORD [2531344+EDI],0
   354 0000030A 89 87 0026A000                  	MOV	DWORD [2531328+EDI],EAX
   355 00000310 89 C1                           	MOV	ECX,EAX
   356 00000312 74 53                           	JE	L94
   357 00000314 81 E2 00000FFF                  	AND	EDX,4095
   358 0000031A 81 C1 00000FFF                  	ADD	ECX,4095
   359 00000320                                 L116:
   360 00000320 81 E1 00000FFF                  	AND	ECX,4095
   361 00000326 31 C0                           	XOR	EAX,EAX
   362 00000328 C1 F9 0C                        	SAR	ECX,12
   363 0000032B 83 BF 0026A010 00               	CMP	DWORD [2531344+EDI],0
   364 00000332 0F 94 C0                        	SETE	AL
   365 00000335 C1 FA 0C                        	SAR	EDX,12
   366 00000338 48                              	DEC	EAX
   367 00000339 89 45 EC                        	MOV	DWORD [-20+EBP],EAX
   368 0000033C 39 CA                           	CMP	EDX,ECX
   369 0000033E 7F A5                           	JG	L90
   370 00000340                                 L103:
   371 00000340 8B 75 08                        	MOV	ESI,DWORD [8+EBP]
   372 00000343 8A 45 EC                        	MOV	AL,BYTE [-20+EBP]
   373 00000346 8B 76 08                        	MOV	ESI,DWORD [8+ESI]
   374 00000349 88 04 32                        	MOV	BYTE [EDX+ESI*1],AL
   375 0000034C 83 7D EC 00                     	CMP	DWORD [-20+EBP],0
   376 00000350 75 05                           	JNE	L102
   377 00000352 8B 75 08                        	MOV	ESI,DWORD [8+EBP]
   378 00000355 FF 06                           	INC	DWORD [ESI]
   379 00000357                                 L102:
   380 00000357 8B 45 08                        	MOV	EAX,DWORD [8+EBP]
   381 0000035A 42                              	INC	EDX
   382 0000035B FF 40 04                        	INC	DWORD [4+EAX]
   383 0000035E 39 CA                           	CMP	EDX,ECX
   384 00000360 7E DE                           	JLE	L103
   385 00000362 E9 FFFFFF7E                     	JMP	L90
   386 00000367                                 L94:
   387 00000367 8D 90 00000FFF                  	LEA	EDX,DWORD [4095+EAX]
   388 0000036D 81 E2 00000FFF                  	AND	EDX,4095
   389 00000373 EB AB                           	JMP	L116
   390 00000375                                 	GLOBAL	_memmam_link_page_32_m
   391 00000375                                 _memmam_link_page_32_m:
   392 00000375 55                              	PUSH	EBP
   393 00000376 89 E5                           	MOV	EBP,ESP
   394 00000378 57                              	PUSH	EDI
   395 00000379 56                              	PUSH	ESI
   396 0000037A 8B 7D 14                        	MOV	EDI,DWORD [20+EBP]
   397 0000037D 53                              	PUSH	EBX
   398 0000037E 81 FF 00000FFF                  	CMP	EDI,4095
   399 00000384 77 30                           	JA	L119
   400 00000386 31 F6                           	XOR	ESI,ESI
   401 00000388 3B 75 18                        	CMP	ESI,DWORD [24+EBP]
   402 0000038B 7D 1F                           	JGE	L125
   403 0000038D 8B 5D 10                        	MOV	EBX,DWORD [16+EBP]
   404 00000390                                 L124:
   405 00000390 57                              	PUSH	EDI
   406 00000391 46                              	INC	ESI
   407 00000392 53                              	PUSH	EBX
   408 00000393 81 C3 00001000                  	ADD	EBX,4096
   409 00000399 FF 75 0C                        	PUSH	DWORD [12+EBP]
   410 0000039C FF 75 08                        	PUSH	DWORD [8+EBP]
   411 0000039F E8 00000040                     	CALL	_memman_link_page_32
   412 000003A4 83 C4 10                        	ADD	ESP,16
   413 000003A7 3B 75 18                        	CMP	ESI,DWORD [24+EBP]
   414 000003AA 7C E4                           	JL	L124
   415 000003AC                                 L125:
   416 000003AC 8D 65 F4                        	LEA	ESP,DWORD [-12+EBP]
   417 000003AF 89 F8                           	MOV	EAX,EDI
   418 000003B1 5B                              	POP	EBX
   419 000003B2 5E                              	POP	ESI
   420 000003B3 5F                              	POP	EDI
   421 000003B4 5D                              	POP	EBP
   422 000003B5 C3                              	RET
   423 000003B6                                 L119:
   424 000003B6 83 7D 18 00                     	CMP	DWORD [24+EBP],0
   425 000003BA 7E F0                           	JLE	L125
   426 000003BC 31 DB                           	XOR	EBX,EBX
   427 000003BE 8B 75 18                        	MOV	ESI,DWORD [24+EBP]
   428 000003C1                                 L130:
   429 000003C1 8D 04 3B                        	LEA	EAX,DWORD [EBX+EDI*1]
   430 000003C4 50                              	PUSH	EAX
   431 000003C5 8B 45 10                        	MOV	EAX,DWORD [16+EBP]
   432 000003C8 01 D8                           	ADD	EAX,EBX
   433 000003CA 81 C3 00001000                  	ADD	EBX,4096
   434 000003D0 50                              	PUSH	EAX
   435 000003D1 FF 75 0C                        	PUSH	DWORD [12+EBP]
   436 000003D4 FF 75 08                        	PUSH	DWORD [8+EBP]
   437 000003D7 E8 00000008                     	CALL	_memman_link_page_32
   438 000003DC 83 C4 10                        	ADD	ESP,16
   439 000003DF 4E                              	DEC	ESI
   440 000003E0 75 DF                           	JNE	L130
   441 000003E2 EB C8                           	JMP	L125
   442 000003E4                                 	GLOBAL	_memman_link_page_32
   443 000003E4                                 _memman_link_page_32:
   444 000003E4 55                              	PUSH	EBP
   445 000003E5 89 E5                           	MOV	EBP,ESP
   446 000003E7 56                              	PUSH	ESI
   447 000003E8 53                              	PUSH	EBX
   448 000003E9 8B 45 10                        	MOV	EAX,DWORD [16+EBP]
   449 000003EC 8B 55 14                        	MOV	EDX,DWORD [20+EBP]
   450 000003EF 89 C6                           	MOV	ESI,EAX
   451 000003F1 C1 E8 0A                        	SHR	EAX,10
   452 000003F4 C1 EE 14                        	SHR	ESI,20
   453 000003F7 25 00000FFC                     	AND	EAX,4092
   454 000003FC 81 E6 00000FFC                  	AND	ESI,4092
   455 00000402 03 75 0C                        	ADD	ESI,DWORD [12+EBP]
   456 00000405 8B 36                           	MOV	ESI,DWORD [ESI]
   457 00000407 81 E6 FFFFF000                  	AND	ESI,-4096
   458 0000040D 01 C6                           	ADD	ESI,EAX
   459 0000040F 81 FA 00000FFF                  	CMP	EDX,4095
   460 00000415 76 0B                           	JBE	L136
   461 00000417                                 L135:
   462 00000417 89 16                           	MOV	DWORD [ESI],EDX
   463 00000419 89 D0                           	MOV	EAX,EDX
   464 0000041B 8D 65 F8                        	LEA	ESP,DWORD [-8+EBP]
   465 0000041E 5B                              	POP	EBX
   466 0000041F 5E                              	POP	ESI
   467 00000420 5D                              	POP	EBP
   468 00000421 C3                              	RET
   469 00000422                                 L136:
   470 00000422 FF 75 08                        	PUSH	DWORD [8+EBP]
   471 00000425 89 D3                           	MOV	EBX,EDX
   472 00000427 E8 0000000C                     	CALL	_memman_alloc_page_32
   473 0000042C 81 E3 00000FFF                  	AND	EBX,4095
   474 00000432 89 C2                           	MOV	EDX,EAX
   475 00000434 09 DA                           	OR	EDX,EBX
   476 00000436 EB DF                           	JMP	L135
   477 00000438                                 	GLOBAL	_memman_alloc_page_32
   478 00000438                                 _memman_alloc_page_32:
   479 00000438 55                              	PUSH	EBP
   480 00000439 89 E5                           	MOV	EBP,ESP
   481 0000043B 53                              	PUSH	EBX
   482 0000043C 8B 4D 08                        	MOV	ECX,DWORD [8+EBP]
   483 0000043F 83 39 00                        	CMP	DWORD [ECX],0
   484 00000442 75 06                           	JNE	L138
   485 00000444                                 L146:
   486 00000444 83 C8 FF                        	OR	EAX,-1
   487 00000447                                 L137:
   488 00000447 5B                              	POP	EBX
   489 00000448 5D                              	POP	EBP
   490 00000449 C3                              	RET
   491 0000044A                                 L138:
   492 0000044A 31 C0                           	XOR	EAX,EAX
   493 0000044C 8B 59 04                        	MOV	EBX,DWORD [4+ECX]
   494 0000044F 39 D8                           	CMP	EAX,EBX
   495 00000451 73 F1                           	JAE	L146
   496 00000453                                 L144:
   497 00000453 8B 51 08                        	MOV	EDX,DWORD [8+ECX]
   498 00000456 80 3C 10 00                     	CMP	BYTE [EAX+EDX*1],0
   499 0000045A 74 07                           	JE	L147
   500 0000045C 40                              	INC	EAX
   501 0000045D 39 D8                           	CMP	EAX,EBX
   502 0000045F 72 F2                           	JB	L144
   503 00000461 EB E1                           	JMP	L146
   504 00000463                                 L147:
   505 00000463 C6 04 10 01                     	MOV	BYTE [EAX+EDX*1],1
   506 00000467 C1 E0 0C                        	SAL	EAX,12
   507 0000046A FF 09                           	DEC	DWORD [ECX]
   508 0000046C EB D9                           	JMP	L137
   509 0000046E                                 	GLOBAL	_memman_free_page_32_m
   510 0000046E                                 _memman_free_page_32_m:
   511 0000046E 55                              	PUSH	EBP
   512 0000046F 31 C9                           	XOR	ECX,ECX
   513 00000471 89 E5                           	MOV	EBP,ESP
   514 00000473 57                              	PUSH	EDI
   515 00000474 56                              	PUSH	ESI
   516 00000475 53                              	PUSH	EBX
   517 00000476 8B 7D 10                        	MOV	EDI,DWORD [16+EBP]
   518 00000479 8B 5D 0C                        	MOV	EBX,DWORD [12+EBP]
   519 0000047C 8B 75 08                        	MOV	ESI,DWORD [8+EBP]
   520 0000047F C1 EB 0C                        	SHR	EBX,12
   521 00000482 39 F9                           	CMP	ECX,EDI
   522 00000484 7D 15                           	JGE	L156
   523 00000486                                 L154:
   524 00000486 8B 56 08                        	MOV	EDX,DWORD [8+ESI]
   525 00000489 8D 04 19                        	LEA	EAX,DWORD [ECX+EBX*1]
   526 0000048C 80 3C 10 01                     	CMP	BYTE [EAX+EDX*1],1
   527 00000490 74 10                           	JE	L157
   528 00000492                                 L153:
   529 00000492 41                              	INC	ECX
   530 00000493 C6 04 10 00                     	MOV	BYTE [EAX+EDX*1],0
   531 00000497 39 F9                           	CMP	ECX,EDI
   532 00000499 7C EB                           	JL	L154
   533 0000049B                                 L156:
   534 0000049B 5B                              	POP	EBX
   535 0000049C 31 C0                           	XOR	EAX,EAX
   536 0000049E 5E                              	POP	ESI
   537 0000049F 5F                              	POP	EDI
   538 000004A0 5D                              	POP	EBP
   539 000004A1 C3                              	RET
   540 000004A2                                 L157:
   541 000004A2 FF 06                           	INC	DWORD [ESI]
   542 000004A4 EB EC                           	JMP	L153
   543 000004A6                                 	GLOBAL	_memman_free_page_32
   544 000004A6                                 _memman_free_page_32:
   545 000004A6 55                              	PUSH	EBP
   546 000004A7 89 E5                           	MOV	EBP,ESP
   547 000004A9 8B 4D 08                        	MOV	ECX,DWORD [8+EBP]
   548 000004AC 8B 45 0C                        	MOV	EAX,DWORD [12+EBP]
   549 000004AF C1 E8 0C                        	SHR	EAX,12
   550 000004B2 8B 51 08                        	MOV	EDX,DWORD [8+ECX]
   551 000004B5 80 3C 10 01                     	CMP	BYTE [EAX+EDX*1],1
   552 000004B9 74 08                           	JE	L160
   553 000004BB                                 L159:
   554 000004BB C6 04 10 00                     	MOV	BYTE [EAX+EDX*1],0
   555 000004BF 31 C0                           	XOR	EAX,EAX
   556 000004C1 5D                              	POP	EBP
   557 000004C2 C3                              	RET
   558 000004C3                                 L160:
   559 000004C3 FF 01                           	INC	DWORD [ECX]
   560 000004C5 EB F4                           	JMP	L159
