     1 00000000                                 [FORMAT "WCOFF"]
     2 00000000                                 [INSTRSET "i486p"]
     3 00000000                                 [OPTIMIZE 1]
     4 00000000                                 [OPTION 1]
     5 00000000                                 [BITS 32]
     6 00000000                                 	EXTERN	_io_in8
     7 00000000                                 	EXTERN	_fifo32_put
     8 00000000                                 	EXTERN	_wait_KBC_sendready
     9 00000000                                 	EXTERN	_io_out8
    10 00000000                                 [FILE "mouse.c"]
    11                                          [SECTION .text]
    12 00000000                                 	GLOBAL	_inthandler2c
    13 00000000                                 _inthandler2c:
    14 00000000 55                              	PUSH	EBP
    15 00000001 89 E5                           	MOV	EBP,ESP
    16 00000003 C7 05 FEC00040 00000000         	MOV	DWORD [-20971456],0
    17 0000000D C7 05 FEE000B0 00000000         	MOV	DWORD [-18874192],0
    18 00000017 6A 60                           	PUSH	96
    19 00000019 E8 [00000000]                   	CALL	_io_in8
    20 0000001E 03 05 [00000004]                	ADD	EAX,DWORD [_mousedata0]
    21 00000024 50                              	PUSH	EAX
    22 00000025 FF 35 [00000000]                	PUSH	DWORD [_mousefifo]
    23 0000002B E8 [00000000]                   	CALL	_fifo32_put
    24 00000030 C9                              	LEAVE
    25 00000031 C3                              	RET
    26 00000032                                 	GLOBAL	_enable_mouse
    27 00000032                                 _enable_mouse:
    28 00000032 55                              	PUSH	EBP
    29 00000033 89 E5                           	MOV	EBP,ESP
    30 00000035 8B 45 08                        	MOV	EAX,DWORD [8+EBP]
    31 00000038 A3 [00000000]                   	MOV	DWORD [_mousefifo],EAX
    32 0000003D 8B 45 0C                        	MOV	EAX,DWORD [12+EBP]
    33 00000040 A3 [00000004]                   	MOV	DWORD [_mousedata0],EAX
    34 00000045 E8 [00000000]                   	CALL	_wait_KBC_sendready
    35 0000004A 68 000000D4                     	PUSH	212
    36 0000004F 6A 64                           	PUSH	100
    37 00000051 E8 [00000000]                   	CALL	_io_out8
    38 00000056 E8 [00000000]                   	CALL	_wait_KBC_sendready
    39 0000005B 68 000000F4                     	PUSH	244
    40 00000060 6A 60                           	PUSH	96
    41 00000062 E8 [00000000]                   	CALL	_io_out8
    42 00000067 8B 45 10                        	MOV	EAX,DWORD [16+EBP]
    43 0000006A C6 40 03 00                     	MOV	BYTE [3+EAX],0
    44 0000006E C9                              	LEAVE
    45 0000006F C3                              	RET
    46 00000070                                 	GLOBAL	_mouse_decode
    47 00000070                                 _mouse_decode:
    48 00000070 55                              	PUSH	EBP
    49 00000071 89 E5                           	MOV	EBP,ESP
    50 00000073 56                              	PUSH	ESI
    51 00000074 53                              	PUSH	EBX
    52 00000075 8B 55 08                        	MOV	EDX,DWORD [8+EBP]
    53 00000078 8B 4D 0C                        	MOV	ECX,DWORD [12+EBP]
    54 0000007B 89 CE                           	MOV	ESI,ECX
    55 0000007D 8A 42 03                        	MOV	AL,BYTE [3+EDX]
    56 00000080 84 C0                           	TEST	AL,AL
    57 00000082 75 11                           	JNE	L4
    58 00000084 80 F9 FA                        	CMP	CL,-6
    59 00000087 74 06                           	JE	L13
    60 00000089                                 L12:
    61 00000089 31 C0                           	XOR	EAX,EAX
    62 0000008B                                 L3:
    63 0000008B 5B                              	POP	EBX
    64 0000008C 5E                              	POP	ESI
    65 0000008D 5D                              	POP	EBP
    66 0000008E C3                              	RET
    67 0000008F                                 L13:
    68 0000008F C6 42 03 01                     	MOV	BYTE [3+EDX],1
    69 00000093 EB F4                           	JMP	L12
    70 00000095                                 L4:
    71 00000095 3C 01                           	CMP	AL,1
    72 00000097 74 61                           	JE	L14
    73 00000099 3C 02                           	CMP	AL,2
    74 0000009B 74 54                           	JE	L15
    75 0000009D 3C 03                           	CMP	AL,3
    76 0000009F 74 05                           	JE	L16
    77 000000A1 83 C8 FF                        	OR	EAX,-1
    78 000000A4 EB E5                           	JMP	L3
    79 000000A6                                 L16:
    80 000000A6 8A 1A                           	MOV	BL,BYTE [EDX]
    81 000000A8 81 E6 000000FF                  	AND	ESI,255
    82 000000AE 89 D8                           	MOV	EAX,EBX
    83 000000B0 88 4A 02                        	MOV	BYTE [2+EDX],CL
    84 000000B3 83 E0 07                        	AND	EAX,7
    85 000000B6 89 72 08                        	MOV	DWORD [8+EDX],ESI
    86 000000B9 89 42 0C                        	MOV	DWORD [12+EDX],EAX
    87 000000BC 88 D8                           	MOV	AL,BL
    88 000000BE 0F B6 4A 01                     	MOVZX	ECX,BYTE [1+EDX]
    89 000000C2 83 E0 10                        	AND	EAX,16
    90 000000C5 89 4A 04                        	MOV	DWORD [4+EDX],ECX
    91 000000C8 C6 42 03 01                     	MOV	BYTE [3+EDX],1
    92 000000CC 84 C0                           	TEST	AL,AL
    93 000000CE 74 09                           	JE	L10
    94 000000D0 81 C9 FFFFFF00                  	OR	ECX,-256
    95 000000D6 89 4A 04                        	MOV	DWORD [4+EDX],ECX
    96 000000D9                                 L10:
    97 000000D9 83 E3 20                        	AND	EBX,32
    98 000000DC 84 DB                           	TEST	BL,BL
    99 000000DE 74 07                           	JE	L11
   100 000000E0 81 4A 08 FFFFFF00               	OR	DWORD [8+EDX],-256
   101 000000E7                                 L11:
   102 000000E7 F7 5A 08                        	NEG	DWORD [8+EDX]
   103 000000EA B8 00000001                     	MOV	EAX,1
   104 000000EF EB 9A                           	JMP	L3
   105 000000F1                                 L15:
   106 000000F1 88 4A 01                        	MOV	BYTE [1+EDX],CL
   107 000000F4 C6 42 03 03                     	MOV	BYTE [3+EDX],3
   108 000000F8 EB 8F                           	JMP	L12
   109 000000FA                                 L14:
   110 000000FA 83 E6 C8                        	AND	ESI,-56
   111 000000FD 89 F0                           	MOV	EAX,ESI
   112 000000FF 3C 08                           	CMP	AL,8
   113 00000101 75 86                           	JNE	L12
   114 00000103 88 0A                           	MOV	BYTE [EDX],CL
   115 00000105 C6 42 03 02                     	MOV	BYTE [3+EDX],2
   116 00000109 E9 FFFFFF7B                     	JMP	L12
   117 0000010E                                 	GLOBAL	_mousefifo
   118                                          [SECTION .data]
   119 00000000                                 	ALIGNB	4
   120 00000000                                 _mousefifo:
   121 00000000 00 00 00 00                     	RESB	4
   122 00000004                                 	GLOBAL	_mousedata0
   123                                          [SECTION .data]
   124 00000004                                 	ALIGNB	4
   125 00000004                                 _mousedata0:
   126 00000004 00 00 00 00                     	RESB	4
