     1 00000000                                 [FORMAT "WCOFF"]
     2 00000000                                 [INSTRSET "i486p"]
     3 00000000                                 [OPTIMIZE 1]
     4 00000000                                 [OPTION 1]
     5 00000000                                 [BITS 32]
     6 00000000                                 	EXTERN	_memman_alloc_4k
     7 00000000                                 	EXTERN	_memmam_link_page_32_m
     8 00000000                                 	EXTERN	_memman_free_4k
     9 00000000                                 [FILE "sheet.c"]
    10                                          [SECTION .text]
    11 00000000                                 	GLOBAL	_shtctl_init
    12 00000000                                 _shtctl_init:
    13 00000000 55                              	PUSH	EBP
    14 00000001 89 E5                           	MOV	EBP,ESP
    15 00000003 57                              	PUSH	EDI
    16 00000004 56                              	PUSH	ESI
    17 00000005 53                              	PUSH	EBX
    18 00000006 8B 7D 08                        	MOV	EDI,DWORD [8+EBP]
    19 00000009 68 00000828                     	PUSH	2088
    20 0000000E 57                              	PUSH	EDI
    21 0000000F E8 [00000000]                   	CALL	_memman_alloc_4k
    22 00000014 6A 00                           	PUSH	0
    23 00000016 6A 01                           	PUSH	1
    24 00000018 89 C6                           	MOV	ESI,EAX
    25 0000001A 6A 07                           	PUSH	7
    26 0000001C 50                              	PUSH	EAX
    27 0000001D 68 00268000                     	PUSH	2523136
    28 00000022 FF 75 0C                        	PUSH	DWORD [12+EBP]
    29 00000025 E8 [00000000]                   	CALL	_memmam_link_page_32_m
    30 0000002A 83 C4 20                        	ADD	ESP,32
    31 0000002D 85 F6                           	TEST	ESI,ESI
    32 0000002F 0F 84 00000080                  	JE	L3
    33 00000035 8B 5D 14                        	MOV	EBX,DWORD [20+EBP]
    34 00000038 0F AF 5D 18                     	IMUL	EBX,DWORD [24+EBP]
    35 0000003C C1 E3 02                        	SAL	EBX,2
    36 0000003F 53                              	PUSH	EBX
    37 00000040 81 C3 00000FFF                  	ADD	EBX,4095
    38 00000046 C1 FB 0C                        	SAR	EBX,12
    39 00000049 57                              	PUSH	EDI
    40 0000004A E8 [00000000]                   	CALL	_memman_alloc_4k
    41 0000004F 89 46 04                        	MOV	DWORD [4+ESI],EAX
    42 00000052 6A 00                           	PUSH	0
    43 00000054 53                              	PUSH	EBX
    44 00000055 6A 07                           	PUSH	7
    45 00000057 50                              	PUSH	EAX
    46 00000058 68 00268000                     	PUSH	2523136
    47 0000005D FF 75 0C                        	PUSH	DWORD [12+EBP]
    48 00000060 E8 [00000000]                   	CALL	_memmam_link_page_32_m
    49 00000065 83 C4 20                        	ADD	ESP,32
    50 00000068 83 7E 04 00                     	CMP	DWORD [4+ESI],0
    51 0000006C 74 51                           	JE	L12
    52 0000006E 31 C0                           	XOR	EAX,EAX
    53 00000070                                 L9:
    54 00000070 C7 44 86 08 00000000            	MOV	DWORD [8+ESI+EAX*4],0
    55 00000078 40                              	INC	EAX
    56 00000079 3D 000000FF                     	CMP	EAX,255
    57 0000007E 7E F0                           	JLE	L9
    58 00000080 8B 45 10                        	MOV	EAX,DWORD [16+EBP]
    59 00000083 89 06                           	MOV	DWORD [ESI],EAX
    60 00000085 8B 45 14                        	MOV	EAX,DWORD [20+EBP]
    61 00000088 89 86 0000040C                  	MOV	DWORD [1036+ESI],EAX
    62 0000008E 8B 45 18                        	MOV	EAX,DWORD [24+EBP]
    63 00000091 89 86 00000410                  	MOV	DWORD [1040+ESI],EAX
    64 00000097 C7 86 00000414 FFFFFFFF         	MOV	DWORD [1044+ESI],-1
    65 000000A1 C7 86 00000820 00000000         	MOV	DWORD [2080+ESI],0
    66 000000AB C7 86 00000824 [000008C9]       	MOV	DWORD [2084+ESI],_sheet_refreshsub24
    67 000000B5                                 L3:
    68 000000B5 8D 65 F4                        	LEA	ESP,DWORD [-12+EBP]
    69 000000B8 89 F0                           	MOV	EAX,ESI
    70 000000BA 5B                              	POP	EBX
    71 000000BB 5E                              	POP	ESI
    72 000000BC 5F                              	POP	EDI
    73 000000BD 5D                              	POP	EBP
    74 000000BE C3                              	RET
    75 000000BF                                 L12:
    76 000000BF 68 00000828                     	PUSH	2088
    77 000000C4 56                              	PUSH	ESI
    78 000000C5 57                              	PUSH	EDI
    79 000000C6 E8 [00000000]                   	CALL	_memman_free_4k
    80 000000CB 83 C4 0C                        	ADD	ESP,12
    81 000000CE EB E5                           	JMP	L3
    82 000000D0                                 	GLOBAL	_sheet_alloc
    83 000000D0                                 _sheet_alloc:
    84 000000D0 55                              	PUSH	EBP
    85 000000D1 31 C9                           	XOR	ECX,ECX
    86 000000D3 89 E5                           	MOV	EBP,ESP
    87 000000D5 56                              	PUSH	ESI
    88 000000D6 53                              	PUSH	EBX
    89 000000D7 8B 75 08                        	MOV	ESI,DWORD [8+EBP]
    90 000000DA 8B 9E 00000418                  	MOV	EBX,DWORD [1048+ESI]
    91 000000E0 39 D9                           	CMP	ECX,EBX
    92 000000E2 7D 18                           	JGE	L21
    93 000000E4 31 D2                           	XOR	EDX,EDX
    94 000000E6                                 L19:
    95 000000E6 8B 86 0000081C                  	MOV	EAX,DWORD [2076+ESI]
    96 000000EC 01 D0                           	ADD	EAX,EDX
    97 000000EE 83 78 20 00                     	CMP	DWORD [32+EAX],0
    98 000000F2 74 0E                           	JE	L22
    99 000000F4 41                              	INC	ECX
   100 000000F5 83 C2 48                        	ADD	EDX,72
   101 000000F8 39 D9                           	CMP	ECX,EBX
   102 000000FA 7C EA                           	JL	L19
   103 000000FC                                 L21:
   104 000000FC 31 C0                           	XOR	EAX,EAX
   105 000000FE                                 L13:
   106 000000FE 5B                              	POP	EBX
   107 000000FF 5E                              	POP	ESI
   108 00000100 5D                              	POP	EBP
   109 00000101 C3                              	RET
   110 00000102                                 L22:
   111 00000102 C7 40 20 00000001               	MOV	DWORD [32+EAX],1
   112 00000109 C7 40 1C FFFFFFFF               	MOV	DWORD [28+EAX],-1
   113 00000110 C7 40 30 00000000               	MOV	DWORD [48+EAX],0
   114 00000117 89 70 28                        	MOV	DWORD [40+EAX],ESI
   115 0000011A C7 40 2C 00000000               	MOV	DWORD [44+EAX],0
   116 00000121 EB DB                           	JMP	L13
   117 00000123                                 	GLOBAL	_sheet_setbuf
   118 00000123                                 _sheet_setbuf:
   119 00000123 55                              	PUSH	EBP
   120 00000124 89 E5                           	MOV	EBP,ESP
   121 00000126 8B 55 08                        	MOV	EDX,DWORD [8+EBP]
   122 00000129 8B 45 0C                        	MOV	EAX,DWORD [12+EBP]
   123 0000012C 89 02                           	MOV	DWORD [EDX],EAX
   124 0000012E 8B 45 10                        	MOV	EAX,DWORD [16+EBP]
   125 00000131 89 42 08                        	MOV	DWORD [8+EDX],EAX
   126 00000134 8B 45 14                        	MOV	EAX,DWORD [20+EBP]
   127 00000137 89 42 0C                        	MOV	DWORD [12+EDX],EAX
   128 0000013A 8B 45 18                        	MOV	EAX,DWORD [24+EBP]
   129 0000013D 89 42 18                        	MOV	DWORD [24+EDX],EAX
   130 00000140 5D                              	POP	EBP
   131 00000141 C3                              	RET
   132 00000142                                 	GLOBAL	_sheet_refreshmap
   133 00000142                                 _sheet_refreshmap:
   134 00000142 55                              	PUSH	EBP
   135 00000143 89 E5                           	MOV	EBP,ESP
   136 00000145 57                              	PUSH	EDI
   137 00000146 56                              	PUSH	ESI
   138 00000147 53                              	PUSH	EBX
   139 00000148 83 EC 30                        	SUB	ESP,48
   140 0000014B 8B 45 08                        	MOV	EAX,DWORD [8+EBP]
   141 0000014E 83 7D 0C 00                     	CMP	DWORD [12+EBP],0
   142 00000152 8B 40 04                        	MOV	EAX,DWORD [4+EAX]
   143 00000155 89 45 D4                        	MOV	DWORD [-44+EBP],EAX
   144 00000158 0F 88 00000210                  	JS	L84
   145 0000015E                                 L25:
   146 0000015E 83 7D 10 00                     	CMP	DWORD [16+EBP],0
   147 00000162 0F 88 000001FA                  	JS	L85
   148 00000168                                 L26:
   149 00000168 8B 55 08                        	MOV	EDX,DWORD [8+EBP]
   150 0000016B 8B 82 0000040C                  	MOV	EAX,DWORD [1036+EDX]
   151 00000171 39 45 14                        	CMP	DWORD [20+EBP],EAX
   152 00000174 7E 03                           	JLE	L27
   153 00000176 89 45 14                        	MOV	DWORD [20+EBP],EAX
   154 00000179                                 L27:
   155 00000179 8B 4D 08                        	MOV	ECX,DWORD [8+EBP]
   156 0000017C 8B 81 00000410                  	MOV	EAX,DWORD [1040+ECX]
   157 00000182 39 45 18                        	CMP	DWORD [24+EBP],EAX
   158 00000185 7E 03                           	JLE	L28
   159 00000187 89 45 18                        	MOV	DWORD [24+EBP],EAX
   160 0000018A                                 L28:
   161 0000018A 8B 7D 08                        	MOV	EDI,DWORD [8+EBP]
   162 0000018D 8B 5D 1C                        	MOV	EBX,DWORD [28+EBP]
   163 00000190 89 5D F0                        	MOV	DWORD [-16+EBP],EBX
   164 00000193 3B 9F 00000414                  	CMP	EBX,DWORD [1044+EDI]
   165 00000199 0F 8F 000000D4                  	JG	L74
   166 0000019F                                 L72:
   167 0000019F 8B 45 F0                        	MOV	EAX,DWORD [-16+EBP]
   168 000001A2 8B 55 08                        	MOV	EDX,DWORD [8+EBP]
   169 000001A5 8B 7D 14                        	MOV	EDI,DWORD [20+EBP]
   170 000001A8 8B B4 82 0000041C               	MOV	ESI,DWORD [1052+EDX+EAX*4]
   171 000001AF 8A 4E 24                        	MOV	CL,BYTE [36+ESI]
   172 000001B2 8B 56 10                        	MOV	EDX,DWORD [16+ESI]
   173 000001B5 88 4D DB                        	MOV	BYTE [-37+EBP],CL
   174 000001B8 29 D7                           	SUB	EDI,EDX
   175 000001BA 8B 1E                           	MOV	EBX,DWORD [ESI]
   176 000001BC 8B 46 14                        	MOV	EAX,DWORD [20+ESI]
   177 000001BF 89 5D DC                        	MOV	DWORD [-36+EBP],EBX
   178 000001C2 8B 4D 10                        	MOV	ECX,DWORD [16+EBP]
   179 000001C5 89 7D E8                        	MOV	DWORD [-24+EBP],EDI
   180 000001C8 8B 5D 18                        	MOV	EBX,DWORD [24+EBP]
   181 000001CB 8B 7D 0C                        	MOV	EDI,DWORD [12+EBP]
   182 000001CE 29 C3                           	SUB	EBX,EAX
   183 000001D0 29 C1                           	SUB	ECX,EAX
   184 000001D2 89 5D E4                        	MOV	DWORD [-28+EBP],EBX
   185 000001D5 29 D7                           	SUB	EDI,EDX
   186 000001D7 89 7D EC                        	MOV	DWORD [-20+EBP],EDI
   187 000001DA 0F 88 00000176                  	JS	L86
   188 000001E0                                 L33:
   189 000001E0 85 C9                           	TEST	ECX,ECX
   190 000001E2 0F 88 00000167                  	JS	L87
   191 000001E8                                 L34:
   192 000001E8 8B 46 08                        	MOV	EAX,DWORD [8+ESI]
   193 000001EB 39 45 E8                        	CMP	DWORD [-24+EBP],EAX
   194 000001EE 7E 03                           	JLE	L35
   195 000001F0 89 45 E8                        	MOV	DWORD [-24+EBP],EAX
   196 000001F3                                 L35:
   197 000001F3 8B 46 0C                        	MOV	EAX,DWORD [12+ESI]
   198 000001F6 39 45 E4                        	CMP	DWORD [-28+EBP],EAX
   199 000001F9 7E 03                           	JLE	L36
   200 000001FB 89 45 E4                        	MOV	DWORD [-28+EBP],EAX
   201 000001FE                                 L36:
   202 000001FE 83 7E 18 FF                     	CMP	DWORD [24+ESI],-1
   203 00000202 74 77                           	JE	L88
   204 00000204 89 CA                           	MOV	EDX,ECX
   205 00000206 3B 4D E4                        	CMP	ECX,DWORD [-28+EBP]
   206 00000209 7D 53                           	JGE	L31
   207 0000020B                                 L71:
   208 0000020B 8B 46 14                        	MOV	EAX,DWORD [20+ESI]
   209 0000020E 8B 4D EC                        	MOV	ECX,DWORD [-20+EBP]
   210 00000211 01 D0                           	ADD	EAX,EDX
   211 00000213 3B 4D E8                        	CMP	ECX,DWORD [-24+EBP]
   212 00000216 89 45 C4                        	MOV	DWORD [-60+EBP],EAX
   213 00000219 7D 3D                           	JGE	L83
   214 0000021B                                 L70:
   215 0000021B 89 D0                           	MOV	EAX,EDX
   216 0000021D 8B 5E 10                        	MOV	EBX,DWORD [16+ESI]
   217 00000220 0F AF 46 08                     	IMUL	EAX,DWORD [8+ESI]
   218 00000224 01 CB                           	ADD	EBX,ECX
   219 00000226 8B 7D DC                        	MOV	EDI,DWORD [-36+EBP]
   220 00000229 01 C8                           	ADD	EAX,ECX
   221 0000022B 89 5D C8                        	MOV	DWORD [-56+EBP],EBX
   222 0000022E 0F B6 3C 38                     	MOVZX	EDI,BYTE [EAX+EDI*1]
   223 00000232 3B 7E 18                        	CMP	EDI,DWORD [24+ESI]
   224 00000235 74 1B                           	JE	L67
   225 00000237 8B 45 08                        	MOV	EAX,DWORD [8+EBP]
   226 0000023A 8B 5D C4                        	MOV	EBX,DWORD [-60+EBP]
   227 0000023D 8B 7D C8                        	MOV	EDI,DWORD [-56+EBP]
   228 00000240 0F AF 98 0000040C               	IMUL	EBX,DWORD [1036+EAX]
   229 00000247 01 DF                           	ADD	EDI,EBX
   230 00000249 8A 45 DB                        	MOV	AL,BYTE [-37+EBP]
   231 0000024C 8B 5D D4                        	MOV	EBX,DWORD [-44+EBP]
   232 0000024F 88 04 1F                        	MOV	BYTE [EDI+EBX*1],AL
   233 00000252                                 L67:
   234 00000252 41                              	INC	ECX
   235 00000253 3B 4D E8                        	CMP	ECX,DWORD [-24+EBP]
   236 00000256 7C C3                           	JL	L70
   237 00000258                                 L83:
   238 00000258 42                              	INC	EDX
   239 00000259 3B 55 E4                        	CMP	EDX,DWORD [-28+EBP]
   240 0000025C 7C AD                           	JL	L71
   241 0000025E                                 L31:
   242 0000025E 8B 45 08                        	MOV	EAX,DWORD [8+EBP]
   243 00000261 FF 45 F0                        	INC	DWORD [-16+EBP]
   244 00000264 8B 7D F0                        	MOV	EDI,DWORD [-16+EBP]
   245 00000267 3B B8 00000414                  	CMP	EDI,DWORD [1044+EAX]
   246 0000026D 0F 8E FFFFFF2C                  	JLE	L72
   247 00000273                                 L74:
   248 00000273 83 C4 30                        	ADD	ESP,48
   249 00000276 5B                              	POP	EBX
   250 00000277 5E                              	POP	ESI
   251 00000278 5F                              	POP	EDI
   252 00000279 5D                              	POP	EBP
   253 0000027A C3                              	RET
   254 0000027B                                 L88:
   255 0000027B 83 E2 03                        	AND	EDX,3
   256 0000027E 0F 85 00000082                  	JNE	L38
   257 00000284 F7 45 EC 00000003               	TEST	DWORD [-20+EBP],3
   258 0000028B 75 79                           	JNE	L38
   259 0000028D F7 45 E8 00000003               	TEST	DWORD [-24+EBP],3
   260 00000294 75 70                           	JNE	L38
   261 00000296 8B 45 EC                        	MOV	EAX,DWORD [-20+EBP]
   262 00000299 BA 00000004                     	MOV	EDX,4
   263 0000029E 29 45 E8                        	SUB	DWORD [-24+EBP],EAX
   264 000002A1 89 D3                           	MOV	EBX,EDX
   265 000002A3 8B 45 E8                        	MOV	EAX,DWORD [-24+EBP]
   266 000002A6 99                              	CDQ
   267 000002A7 F7 FB                           	IDIV	EBX
   268 000002A9 89 45 D0                        	MOV	DWORD [-48+EBP],EAX
   269 000002AC 89 CA                           	MOV	EDX,ECX
   270 000002AE 0F B6 45 DB                     	MOVZX	EAX,BYTE [-37+EBP]
   271 000002B2 89 C7                           	MOV	EDI,EAX
   272 000002B4 C1 E7 08                        	SAL	EDI,8
   273 000002B7 09 C7                           	OR	EDI,EAX
   274 000002B9 C1 E0 10                        	SAL	EAX,16
   275 000002BC 09 C7                           	OR	EDI,EAX
   276 000002BE C1 E0 08                        	SAL	EAX,8
   277 000002C1 09 C7                           	OR	EDI,EAX
   278 000002C3 3B 4D E4                        	CMP	ECX,DWORD [-28+EBP]
   279 000002C6 89 7D E0                        	MOV	DWORD [-32+EBP],EDI
   280 000002C9 7D 93                           	JGE	L31
   281 000002CB                                 L48:
   282 000002CB 8B 46 14                        	MOV	EAX,DWORD [20+ESI]
   283 000002CE 8B 5D 08                        	MOV	EBX,DWORD [8+EBP]
   284 000002D1 01 D0                           	ADD	EAX,EDX
   285 000002D3 8B 4D EC                        	MOV	ECX,DWORD [-20+EBP]
   286 000002D6 0F AF 83 0000040C               	IMUL	EAX,DWORD [1036+EBX]
   287 000002DD 03 4E 10                        	ADD	ECX,DWORD [16+ESI]
   288 000002E0 89 45 C4                        	MOV	DWORD [-60+EBP],EAX
   289 000002E3 01 C8                           	ADD	EAX,ECX
   290 000002E5 31 C9                           	XOR	ECX,ECX
   291 000002E7 03 45 D4                        	ADD	EAX,DWORD [-44+EBP]
   292 000002EA 3B 4D D0                        	CMP	ECX,DWORD [-48+EBP]
   293 000002ED 7D 0C                           	JGE	L77
   294 000002EF                                 L47:
   295 000002EF 8B 7D E0                        	MOV	EDI,DWORD [-32+EBP]
   296 000002F2 89 3C 88                        	MOV	DWORD [EAX+ECX*4],EDI
   297 000002F5 41                              	INC	ECX
   298 000002F6 3B 4D D0                        	CMP	ECX,DWORD [-48+EBP]
   299 000002F9 7C F4                           	JL	L47
   300 000002FB                                 L77:
   301 000002FB 42                              	INC	EDX
   302 000002FC 3B 55 E4                        	CMP	EDX,DWORD [-28+EBP]
   303 000002FF 7C CA                           	JL	L48
   304 00000301 E9 FFFFFF58                     	JMP	L31
   305 00000306                                 L38:
   306 00000306 89 CA                           	MOV	EDX,ECX
   307 00000308 3B 4D E4                        	CMP	ECX,DWORD [-28+EBP]
   308 0000030B 0F 8D FFFFFF4D                  	JGE	L31
   309 00000311                                 L59:
   310 00000311 8B 46 14                        	MOV	EAX,DWORD [20+ESI]
   311 00000314 8B 4D EC                        	MOV	ECX,DWORD [-20+EBP]
   312 00000317 01 D0                           	ADD	EAX,EDX
   313 00000319 3B 4D E8                        	CMP	ECX,DWORD [-24+EBP]
   314 0000031C 89 45 C4                        	MOV	DWORD [-60+EBP],EAX
   315 0000031F 7D 23                           	JGE	L80
   316 00000321                                 L58:
   317 00000321 8B 7D 08                        	MOV	EDI,DWORD [8+EBP]
   318 00000324 8B 45 C4                        	MOV	EAX,DWORD [-60+EBP]
   319 00000327 8B 5E 10                        	MOV	EBX,DWORD [16+ESI]
   320 0000032A 0F AF 87 0000040C               	IMUL	EAX,DWORD [1036+EDI]
   321 00000331 01 CB                           	ADD	EBX,ECX
   322 00000333 8B 7D D4                        	MOV	EDI,DWORD [-44+EBP]
   323 00000336 01 C3                           	ADD	EBX,EAX
   324 00000338 41                              	INC	ECX
   325 00000339 8A 45 DB                        	MOV	AL,BYTE [-37+EBP]
   326 0000033C 88 04 3B                        	MOV	BYTE [EBX+EDI*1],AL
   327 0000033F 3B 4D E8                        	CMP	ECX,DWORD [-24+EBP]
   328 00000342 7C DD                           	JL	L58
   329 00000344                                 L80:
   330 00000344 42                              	INC	EDX
   331 00000345 3B 55 E4                        	CMP	EDX,DWORD [-28+EBP]
   332 00000348 7C C7                           	JL	L59
   333 0000034A E9 FFFFFF0F                     	JMP	L31
   334 0000034F                                 L87:
   335 0000034F 31 C9                           	XOR	ECX,ECX
   336 00000351 E9 FFFFFE92                     	JMP	L34
   337 00000356                                 L86:
   338 00000356 C7 45 EC 00000000               	MOV	DWORD [-20+EBP],0
   339 0000035D E9 FFFFFE7E                     	JMP	L33
   340 00000362                                 L85:
   341 00000362 C7 45 10 00000000               	MOV	DWORD [16+EBP],0
   342 00000369 E9 FFFFFDFA                     	JMP	L26
   343 0000036E                                 L84:
   344 0000036E C7 45 0C 00000000               	MOV	DWORD [12+EBP],0
   345 00000375 E9 FFFFFDE4                     	JMP	L25
   346 0000037A                                 	GLOBAL	_sheet_refreshmap32
   347 0000037A                                 _sheet_refreshmap32:
   348 0000037A 55                              	PUSH	EBP
   349 0000037B 89 E5                           	MOV	EBP,ESP
   350 0000037D 57                              	PUSH	EDI
   351 0000037E 56                              	PUSH	ESI
   352 0000037F 53                              	PUSH	EBX
   353 00000380 83 EC 28                        	SUB	ESP,40
   354 00000383 8B 45 08                        	MOV	EAX,DWORD [8+EBP]
   355 00000386 83 7D 0C 00                     	CMP	DWORD [12+EBP],0
   356 0000038A 8B 40 04                        	MOV	EAX,DWORD [4+EAX]
   357 0000038D 89 45 D4                        	MOV	DWORD [-44+EBP],EAX
   358 00000390 0F 88 00000133                  	JS	L120
   359 00000396                                 L90:
   360 00000396 83 7D 10 00                     	CMP	DWORD [16+EBP],0
   361 0000039A 0F 88 0000011D                  	JS	L121
   362 000003A0                                 L91:
   363 000003A0 8B 55 08                        	MOV	EDX,DWORD [8+EBP]
   364 000003A3 8B 82 0000040C                  	MOV	EAX,DWORD [1036+EDX]
   365 000003A9 39 45 14                        	CMP	DWORD [20+EBP],EAX
   366 000003AC 7E 03                           	JLE	L92
   367 000003AE 89 45 14                        	MOV	DWORD [20+EBP],EAX
   368 000003B1                                 L92:
   369 000003B1 8B 75 08                        	MOV	ESI,DWORD [8+EBP]
   370 000003B4 8B 86 00000410                  	MOV	EAX,DWORD [1040+ESI]
   371 000003BA 39 45 18                        	CMP	DWORD [24+EBP],EAX
   372 000003BD 7E 03                           	JLE	L93
   373 000003BF 89 45 18                        	MOV	DWORD [24+EBP],EAX
   374 000003C2                                 L93:
   375 000003C2 8B 45 08                        	MOV	EAX,DWORD [8+EBP]
   376 000003C5 8B 7D 1C                        	MOV	EDI,DWORD [28+EBP]
   377 000003C8 89 7D F0                        	MOV	DWORD [-16+EBP],EDI
   378 000003CB 3B B8 00000414                  	CMP	EDI,DWORD [1044+EAX]
   379 000003D1 0F 8F 000000CB                  	JG	L115
   380 000003D7                                 L113:
   381 000003D7 8B 55 F0                        	MOV	EDX,DWORD [-16+EBP]
   382 000003DA 8B 75 08                        	MOV	ESI,DWORD [8+EBP]
   383 000003DD 8B 4D 10                        	MOV	ECX,DWORD [16+EBP]
   384 000003E0 8B 9C 96 0000041C               	MOV	EBX,DWORD [1052+ESI+EDX*4]
   385 000003E7 8B 75 14                        	MOV	ESI,DWORD [20+EBP]
   386 000003EA 8B 7B 24                        	MOV	EDI,DWORD [36+EBX]
   387 000003ED 8B 53 14                        	MOV	EDX,DWORD [20+EBX]
   388 000003F0 89 7D D8                        	MOV	DWORD [-40+EBP],EDI
   389 000003F3 29 D1                           	SUB	ECX,EDX
   390 000003F5 8B 03                           	MOV	EAX,DWORD [EBX]
   391 000003F7 8B 7D 18                        	MOV	EDI,DWORD [24+EBP]
   392 000003FA 29 D7                           	SUB	EDI,EDX
   393 000003FC 89 45 DC                        	MOV	DWORD [-36+EBP],EAX
   394 000003FF 8B 55 0C                        	MOV	EDX,DWORD [12+EBP]
   395 00000402 8B 43 10                        	MOV	EAX,DWORD [16+EBX]
   396 00000405 29 C6                           	SUB	ESI,EAX
   397 00000407 89 7D CC                        	MOV	DWORD [-52+EBP],EDI
   398 0000040A 29 C2                           	SUB	EDX,EAX
   399 0000040C 89 75 E0                        	MOV	DWORD [-32+EBP],ESI
   400 0000040F 89 55 E4                        	MOV	DWORD [-28+EBP],EDX
   401 00000412 0F 88 00000099                  	JS	L122
   402 00000418                                 L98:
   403 00000418 85 C9                           	TEST	ECX,ECX
   404 0000041A 0F 88 0000008A                  	JS	L123
   405 00000420                                 L99:
   406 00000420 8B 43 08                        	MOV	EAX,DWORD [8+EBX]
   407 00000423 39 45 E0                        	CMP	DWORD [-32+EBP],EAX
   408 00000426 7E 03                           	JLE	L100
   409 00000428 89 45 E0                        	MOV	DWORD [-32+EBP],EAX
   410 0000042B                                 L100:
   411 0000042B 8B 43 0C                        	MOV	EAX,DWORD [12+EBX]
   412 0000042E 39 45 CC                        	CMP	DWORD [-52+EBP],EAX
   413 00000431 7E 03                           	JLE	L101
   414 00000433 89 45 CC                        	MOV	DWORD [-52+EBP],EAX
   415 00000436                                 L101:
   416 00000436 89 CE                           	MOV	ESI,ECX
   417 00000438 3B 4D CC                        	CMP	ECX,DWORD [-52+EBP]
   418 0000043B 7D 50                           	JGE	L117
   419 0000043D                                 L112:
   420 0000043D 8B 7B 14                        	MOV	EDI,DWORD [20+EBX]
   421 00000440 8B 4D E4                        	MOV	ECX,DWORD [-28+EBP]
   422 00000443 01 F7                           	ADD	EDI,ESI
   423 00000445 3B 4D E0                        	CMP	ECX,DWORD [-32+EBP]
   424 00000448 89 7D E8                        	MOV	DWORD [-24+EBP],EDI
   425 0000044B 7D 3A                           	JGE	L119
   426 0000044D                                 L111:
   427 0000044D 8B 43 10                        	MOV	EAX,DWORD [16+EBX]
   428 00000450 8B 55 DC                        	MOV	EDX,DWORD [-36+EBP]
   429 00000453 01 C8                           	ADD	EAX,ECX
   430 00000455 8B 7B 18                        	MOV	EDI,DWORD [24+EBX]
   431 00000458 89 45 EC                        	MOV	DWORD [-20+EBP],EAX
   432 0000045B 89 F0                           	MOV	EAX,ESI
   433 0000045D 0F AF 43 08                     	IMUL	EAX,DWORD [8+EBX]
   434 00000461 01 C8                           	ADD	EAX,ECX
   435 00000463 39 3C 82                        	CMP	DWORD [EDX+EAX*4],EDI
   436 00000466 74 19                           	JE	L108
   437 00000468 8B 55 08                        	MOV	EDX,DWORD [8+EBP]
   438 0000046B 8B 45 E8                        	MOV	EAX,DWORD [-24+EBP]
   439 0000046E 8B 7D D4                        	MOV	EDI,DWORD [-44+EBP]
   440 00000471 0F AF 82 0000040C               	IMUL	EAX,DWORD [1036+EDX]
   441 00000478 03 45 EC                        	ADD	EAX,DWORD [-20+EBP]
   442 0000047B 8B 55 D8                        	MOV	EDX,DWORD [-40+EBP]
   443 0000047E 89 14 87                        	MOV	DWORD [EDI+EAX*4],EDX
   444 00000481                                 L108:
   445 00000481 41                              	INC	ECX
   446 00000482 3B 4D E0                        	CMP	ECX,DWORD [-32+EBP]
   447 00000485 7C C6                           	JL	L111
   448 00000487                                 L119:
   449 00000487 46                              	INC	ESI
   450 00000488 3B 75 CC                        	CMP	ESI,DWORD [-52+EBP]
   451 0000048B 7C B0                           	JL	L112
   452 0000048D                                 L117:
   453 0000048D 8B 7D 08                        	MOV	EDI,DWORD [8+EBP]
   454 00000490 FF 45 F0                        	INC	DWORD [-16+EBP]
   455 00000493 8B 75 F0                        	MOV	ESI,DWORD [-16+EBP]
   456 00000496 3B B7 00000414                  	CMP	ESI,DWORD [1044+EDI]
   457 0000049C 0F 8E FFFFFF35                  	JLE	L113
   458 000004A2                                 L115:
   459 000004A2 83 C4 28                        	ADD	ESP,40
   460 000004A5 5B                              	POP	EBX
   461 000004A6 5E                              	POP	ESI
   462 000004A7 5F                              	POP	EDI
   463 000004A8 5D                              	POP	EBP
   464 000004A9 C3                              	RET
   465 000004AA                                 L123:
   466 000004AA 31 C9                           	XOR	ECX,ECX
   467 000004AC E9 FFFFFF6F                     	JMP	L99
   468 000004B1                                 L122:
   469 000004B1 C7 45 E4 00000000               	MOV	DWORD [-28+EBP],0
   470 000004B8 E9 FFFFFF5B                     	JMP	L98
   471 000004BD                                 L121:
   472 000004BD C7 45 10 00000000               	MOV	DWORD [16+EBP],0
   473 000004C4 E9 FFFFFED7                     	JMP	L91
   474 000004C9                                 L120:
   475 000004C9 C7 45 0C 00000000               	MOV	DWORD [12+EBP],0
   476 000004D0 E9 FFFFFEC1                     	JMP	L90
   477 000004D5                                 	GLOBAL	_sheet_refreshsub
   478 000004D5                                 _sheet_refreshsub:
   479 000004D5 55                              	PUSH	EBP
   480 000004D6 89 E5                           	MOV	EBP,ESP
   481 000004D8 57                              	PUSH	EDI
   482 000004D9 56                              	PUSH	ESI
   483 000004DA 53                              	PUSH	EBX
   484 000004DB 83 EC 54                        	SUB	ESP,84
   485 000004DE 8B 45 08                        	MOV	EAX,DWORD [8+EBP]
   486 000004E1 8B 55 08                        	MOV	EDX,DWORD [8+EBP]
   487 000004E4 83 7D 0C 00                     	CMP	DWORD [12+EBP],0
   488 000004E8 8B 00                           	MOV	EAX,DWORD [EAX]
   489 000004EA 8B 52 04                        	MOV	EDX,DWORD [4+EDX]
   490 000004ED 89 45 C4                        	MOV	DWORD [-60+EBP],EAX
   491 000004F0 89 55 C0                        	MOV	DWORD [-64+EBP],EDX
   492 000004F3 0F 88 000003C4                  	JS	L191
   493 000004F9                                 L125:
   494 000004F9 83 7D 10 00                     	CMP	DWORD [16+EBP],0
   495 000004FD 0F 88 000003AE                  	JS	L192
   496 00000503                                 L126:
   497 00000503 8B 4D 08                        	MOV	ECX,DWORD [8+EBP]
   498 00000506 8B 81 0000040C                  	MOV	EAX,DWORD [1036+ECX]
   499 0000050C 39 45 14                        	CMP	DWORD [20+EBP],EAX
   500 0000050F 7E 03                           	JLE	L127
   501 00000511 89 45 14                        	MOV	DWORD [20+EBP],EAX
   502 00000514                                 L127:
   503 00000514 8B 5D 08                        	MOV	EBX,DWORD [8+EBP]
   504 00000517 8B 83 00000410                  	MOV	EAX,DWORD [1040+EBX]
   505 0000051D 39 45 18                        	CMP	DWORD [24+EBP],EAX
   506 00000520 7E 03                           	JLE	L128
   507 00000522 89 45 18                        	MOV	DWORD [24+EBP],EAX
   508 00000525                                 L128:
   509 00000525 8B 75 1C                        	MOV	ESI,DWORD [28+EBP]
   510 00000528 8B 45 20                        	MOV	EAX,DWORD [32+EBP]
   511 0000052B 89 75 F0                        	MOV	DWORD [-16+EBP],ESI
   512 0000052E 39 C6                           	CMP	ESI,EAX
   513 00000530 0F 8F 00000244                  	JG	L181
   514 00000536                                 L179:
   515 00000536 8B 55 F0                        	MOV	EDX,DWORD [-16+EBP]
   516 00000539 8B 4D 08                        	MOV	ECX,DWORD [8+EBP]
   517 0000053C 8B 75 18                        	MOV	ESI,DWORD [24+EBP]
   518 0000053F 8B BC 91 0000041C               	MOV	EDI,DWORD [1052+ECX+EDX*4]
   519 00000546 8B 4D 10                        	MOV	ECX,DWORD [16+EBP]
   520 00000549 8A 47 24                        	MOV	AL,BYTE [36+EDI]
   521 0000054C 8B 1F                           	MOV	EBX,DWORD [EDI]
   522 0000054E 88 45 BF                        	MOV	BYTE [-65+EBP],AL
   523 00000551 8B 57 10                        	MOV	EDX,DWORD [16+EDI]
   524 00000554 8B 47 14                        	MOV	EAX,DWORD [20+EDI]
   525 00000557 89 5D C8                        	MOV	DWORD [-56+EBP],EBX
   526 0000055A 29 C6                           	SUB	ESI,EAX
   527 0000055C 29 C1                           	SUB	ECX,EAX
   528 0000055E 8B 5D 14                        	MOV	EBX,DWORD [20+EBP]
   529 00000561 8B 45 0C                        	MOV	EAX,DWORD [12+EBP]
   530 00000564 29 D3                           	SUB	EBX,EDX
   531 00000566 89 75 E0                        	MOV	DWORD [-32+EBP],ESI
   532 00000569 29 D0                           	SUB	EAX,EDX
   533 0000056B 89 5D E4                        	MOV	DWORD [-28+EBP],EBX
   534 0000056E 89 45 E8                        	MOV	DWORD [-24+EBP],EAX
   535 00000571 0F 88 0000032E                  	JS	L193
   536 00000577                                 L133:
   537 00000577 85 C9                           	TEST	ECX,ECX
   538 00000579 0F 88 0000031F                  	JS	L194
   539 0000057F                                 L134:
   540 0000057F 8B 47 08                        	MOV	EAX,DWORD [8+EDI]
   541 00000582 39 45 E4                        	CMP	DWORD [-28+EBP],EAX
   542 00000585 7E 03                           	JLE	L135
   543 00000587 89 45 E4                        	MOV	DWORD [-28+EBP],EAX
   544 0000058A                                 L135:
   545 0000058A 8B 47 0C                        	MOV	EAX,DWORD [12+EDI]
   546 0000058D 39 45 E0                        	CMP	DWORD [-32+EBP],EAX
   547 00000590 7E 03                           	JLE	L136
   548 00000592 89 45 E0                        	MOV	DWORD [-32+EBP],EAX
   549 00000595                                 L136:
   550 00000595 83 E2 03                        	AND	EDX,3
   551 00000598 0F 85 0000029B                  	JNE	L137
   552 0000059E 8B 55 E8                        	MOV	EDX,DWORD [-24+EBP]
   553 000005A1 BB 00000004                     	MOV	EBX,4
   554 000005A6 83 C2 03                        	ADD	EDX,3
   555 000005A9 89 D0                           	MOV	EAX,EDX
   556 000005AB 99                              	CDQ
   557 000005AC F7 FB                           	IDIV	EBX
   558 000005AE 89 45 A4                        	MOV	DWORD [-92+EBP],EAX
   559 000005B1 8B 45 E4                        	MOV	EAX,DWORD [-28+EBP]
   560 000005B4 99                              	CDQ
   561 000005B5 F7 FB                           	IDIV	EBX
   562 000005B7 8B 55 A4                        	MOV	EDX,DWORD [-92+EBP]
   563 000005BA 29 D0                           	SUB	EAX,EDX
   564 000005BC 89 45 D8                        	MOV	DWORD [-40+EBP],EAX
   565 000005BF 0F B6 45 BF                     	MOVZX	EAX,BYTE [-65+EBP]
   566 000005C3 89 C3                           	MOV	EBX,EAX
   567 000005C5 C1 E3 08                        	SAL	EBX,8
   568 000005C8 09 C3                           	OR	EBX,EAX
   569 000005CA C1 E0 10                        	SAL	EAX,16
   570 000005CD 09 C3                           	OR	EBX,EAX
   571 000005CF C1 E0 08                        	SAL	EAX,8
   572 000005D2 09 C3                           	OR	EBX,EAX
   573 000005D4 3B 4D E0                        	CMP	ECX,DWORD [-32+EBP]
   574 000005D7 89 5D DC                        	MOV	DWORD [-36+EBP],EBX
   575 000005DA 89 CB                           	MOV	EBX,ECX
   576 000005DC 0F 8D 00000189                  	JGE	L131
   577 000005E2                                 L166:
   578 000005E2 8B 77 14                        	MOV	ESI,DWORD [20+EDI]
   579 000005E5 8B 55 E8                        	MOV	EDX,DWORD [-24+EBP]
   580 000005E8 01 DE                           	ADD	ESI,EBX
   581 000005EA 3B 55 E4                        	CMP	EDX,DWORD [-28+EBP]
   582 000005ED 89 75 EC                        	MOV	DWORD [-20+EBP],ESI
   583 000005F0 7D 40                           	JGE	L143
   584 000005F2 F7 C2 00000003                  	TEST	EDX,3
   585 000005F8 74 38                           	JE	L143
   586 000005FA                                 L148:
   587 000005FA 8B 47 10                        	MOV	EAX,DWORD [16+EDI]
   588 000005FD 8B 4D 08                        	MOV	ECX,DWORD [8+EBP]
   589 00000600 01 D0                           	ADD	EAX,EDX
   590 00000602 89 45 A8                        	MOV	DWORD [-88+EBP],EAX
   591 00000605 8B 45 EC                        	MOV	EAX,DWORD [-20+EBP]
   592 00000608 0F AF 81 0000040C               	IMUL	EAX,DWORD [1036+ECX]
   593 0000060F 8B 75 A8                        	MOV	ESI,DWORD [-88+EBP]
   594 00000612 8D 0C 06                        	LEA	ECX,DWORD [ESI+EAX*1]
   595 00000615 8B 75 C0                        	MOV	ESI,DWORD [-64+EBP]
   596 00000618 8A 45 BF                        	MOV	AL,BYTE [-65+EBP]
   597 0000061B 38 04 31                        	CMP	BYTE [ECX+ESI*1],AL
   598 0000061E 0F 84 000001FC                  	JE	L195
   599 00000624                                 L144:
   600 00000624 42                              	INC	EDX
   601 00000625 3B 55 E4                        	CMP	EDX,DWORD [-28+EBP]
   602 00000628 7D 08                           	JGE	L143
   603 0000062A F7 C2 00000003                  	TEST	EDX,3
   604 00000630 75 C8                           	JNE	L148
   605 00000632                                 L143:
   606 00000632 8B 47 10                        	MOV	EAX,DWORD [16+EDI]
   607 00000635 8B 4D 08                        	MOV	ECX,DWORD [8+EBP]
   608 00000638 01 D0                           	ADD	EAX,EDX
   609 0000063A 8B 75 C0                        	MOV	ESI,DWORD [-64+EBP]
   610 0000063D 89 45 A8                        	MOV	DWORD [-88+EBP],EAX
   611 00000640 8B 45 EC                        	MOV	EAX,DWORD [-20+EBP]
   612 00000643 0F AF 81 0000040C               	IMUL	EAX,DWORD [1036+ECX]
   613 0000064A 03 45 A8                        	ADD	EAX,DWORD [-88+EBP]
   614 0000064D 01 C6                           	ADD	ESI,EAX
   615 0000064F 03 45 C4                        	ADD	EAX,DWORD [-60+EBP]
   616 00000652 89 75 D4                        	MOV	DWORD [-44+EBP],ESI
   617 00000655 89 45 D0                        	MOV	DWORD [-48+EBP],EAX
   618 00000658 89 D8                           	MOV	EAX,EBX
   619 0000065A 0F AF 47 08                     	IMUL	EAX,DWORD [8+EDI]
   620 0000065E 01 D0                           	ADD	EAX,EDX
   621 00000660 03 45 C8                        	ADD	EAX,DWORD [-56+EBP]
   622 00000663 C7 45 A4 00000000               	MOV	DWORD [-92+EBP],0
   623 0000066A 89 45 CC                        	MOV	DWORD [-52+EBP],EAX
   624 0000066D 8B 45 D8                        	MOV	EAX,DWORD [-40+EBP]
   625 00000670 39 45 A4                        	CMP	DWORD [-92+EBP],EAX
   626 00000673 0F 8D 000000B7                  	JGE	L185
   627 00000679 89 55 AC                        	MOV	DWORD [-84+EBP],EDX
   628 0000067C                                 L159:
   629 0000067C 8B 4D A4                        	MOV	ECX,DWORD [-92+EBP]
   630 0000067F 8B 75 D4                        	MOV	ESI,DWORD [-44+EBP]
   631 00000682 8B 45 DC                        	MOV	EAX,DWORD [-36+EBP]
   632 00000685 39 04 8E                        	CMP	DWORD [ESI+ECX*4],EAX
   633 00000688 0F 84 00000181                  	JE	L196
   634 0000068E 8B 4D 08                        	MOV	ECX,DWORD [8+EBP]
   635 00000691 8B 75 EC                        	MOV	ESI,DWORD [-20+EBP]
   636 00000694 8B 45 AC                        	MOV	EAX,DWORD [-84+EBP]
   637 00000697 0F AF B1 0000040C               	IMUL	ESI,DWORD [1036+ECX]
   638 0000069E 03 47 10                        	ADD	EAX,DWORD [16+EDI]
   639 000006A1 8B 4D C0                        	MOV	ECX,DWORD [-64+EBP]
   640 000006A4 01 C6                           	ADD	ESI,EAX
   641 000006A6 89 45 A8                        	MOV	DWORD [-88+EBP],EAX
   642 000006A9 89 75 B8                        	MOV	DWORD [-72+EBP],ESI
   643 000006AC 8A 45 BF                        	MOV	AL,BYTE [-65+EBP]
   644 000006AF 38 04 0E                        	CMP	BYTE [ESI+ECX*1],AL
   645 000006B2 0F 84 0000013A                  	JE	L197
   646 000006B8                                 L155:
   647 000006B8 8B 4D 08                        	MOV	ECX,DWORD [8+EBP]
   648 000006BB 8B 45 EC                        	MOV	EAX,DWORD [-20+EBP]
   649 000006BE 8B 75 C0                        	MOV	ESI,DWORD [-64+EBP]
   650 000006C1 0F AF 81 0000040C               	IMUL	EAX,DWORD [1036+ECX]
   651 000006C8 03 45 A8                        	ADD	EAX,DWORD [-88+EBP]
   652 000006CB 8A 4D BF                        	MOV	CL,BYTE [-65+EBP]
   653 000006CE 89 45 B4                        	MOV	DWORD [-76+EBP],EAX
   654 000006D1 38 4C 30 01                     	CMP	BYTE [1+EAX+ESI*1],CL
   655 000006D5 0F 84 000000F8                  	JE	L198
   656 000006DB                                 L156:
   657 000006DB 8B 75 08                        	MOV	ESI,DWORD [8+EBP]
   658 000006DE 8B 45 EC                        	MOV	EAX,DWORD [-20+EBP]
   659 000006E1 8A 4D BF                        	MOV	CL,BYTE [-65+EBP]
   660 000006E4 0F AF 86 0000040C               	IMUL	EAX,DWORD [1036+ESI]
   661 000006EB 03 45 A8                        	ADD	EAX,DWORD [-88+EBP]
   662 000006EE 8B 75 C0                        	MOV	ESI,DWORD [-64+EBP]
   663 000006F1 89 45 B0                        	MOV	DWORD [-80+EBP],EAX
   664 000006F4 38 4C 30 02                     	CMP	BYTE [2+EAX+ESI*1],CL
   665 000006F8 0F 84 000000B6                  	JE	L199
   666 000006FE                                 L157:
   667 000006FE 8B 75 08                        	MOV	ESI,DWORD [8+EBP]
   668 00000701 8B 45 EC                        	MOV	EAX,DWORD [-20+EBP]
   669 00000704 0F AF 86 0000040C               	IMUL	EAX,DWORD [1036+ESI]
   670 0000070B 8B 75 A8                        	MOV	ESI,DWORD [-88+EBP]
   671 0000070E 8D 0C 06                        	LEA	ECX,DWORD [ESI+EAX*1]
   672 00000711 8B 75 C0                        	MOV	ESI,DWORD [-64+EBP]
   673 00000714 8A 45 BF                        	MOV	AL,BYTE [-65+EBP]
   674 00000717 38 44 31 03                     	CMP	BYTE [3+ECX+ESI*1],AL
   675 0000071B 74 7B                           	JE	L200
   676 0000071D                                 L151:
   677 0000071D 8B 45 D8                        	MOV	EAX,DWORD [-40+EBP]
   678 00000720 FF 45 A4                        	INC	DWORD [-92+EBP]
   679 00000723 83 45 AC 04                     	ADD	DWORD [-84+EBP],4
   680 00000727 39 45 A4                        	CMP	DWORD [-92+EBP],EAX
   681 0000072A 0F 8C FFFFFF4C                  	JL	L159
   682 00000730                                 L185:
   683 00000730 8B 4D D8                        	MOV	ECX,DWORD [-40+EBP]
   684 00000733 8D 14 8A                        	LEA	EDX,DWORD [EDX+ECX*4]
   685 00000736 3B 55 E4                        	CMP	EDX,DWORD [-28+EBP]
   686 00000739 7D 26                           	JGE	L187
   687 0000073B                                 L165:
   688 0000073B 8B 4D 08                        	MOV	ECX,DWORD [8+EBP]
   689 0000073E 8B 45 EC                        	MOV	EAX,DWORD [-20+EBP]
   690 00000741 8B 77 10                        	MOV	ESI,DWORD [16+EDI]
   691 00000744 0F AF 81 0000040C               	IMUL	EAX,DWORD [1036+ECX]
   692 0000074B 01 D6                           	ADD	ESI,EDX
   693 0000074D 8D 0C 06                        	LEA	ECX,DWORD [ESI+EAX*1]
   694 00000750 8B 75 C0                        	MOV	ESI,DWORD [-64+EBP]
   695 00000753 8A 45 BF                        	MOV	AL,BYTE [-65+EBP]
   696 00000756 38 04 31                        	CMP	BYTE [ECX+ESI*1],AL
   697 00000759 74 27                           	JE	L201
   698 0000075B                                 L162:
   699 0000075B 42                              	INC	EDX
   700 0000075C 3B 55 E4                        	CMP	EDX,DWORD [-28+EBP]
   701 0000075F 7C DA                           	JL	L165
   702 00000761                                 L187:
   703 00000761 43                              	INC	EBX
   704 00000762 3B 5D E0                        	CMP	EBX,DWORD [-32+EBP]
   705 00000765 0F 8C FFFFFE77                  	JL	L166
   706 0000076B                                 L131:
   707 0000076B 8B 45 20                        	MOV	EAX,DWORD [32+EBP]
   708 0000076E FF 45 F0                        	INC	DWORD [-16+EBP]
   709 00000771 39 45 F0                        	CMP	DWORD [-16+EBP],EAX
   710 00000774 0F 8E FFFFFDBC                  	JLE	L179
   711 0000077A                                 L181:
   712 0000077A 83 C4 54                        	ADD	ESP,84
   713 0000077D 5B                              	POP	EBX
   714 0000077E 5E                              	POP	ESI
   715 0000077F 5F                              	POP	EDI
   716 00000780 5D                              	POP	EBP
   717 00000781 C3                              	RET
   718 00000782                                 L201:
   719 00000782 89 D8                           	MOV	EAX,EBX
   720 00000784 8B 75 C8                        	MOV	ESI,DWORD [-56+EBP]
   721 00000787 0F AF 47 08                     	IMUL	EAX,DWORD [8+EDI]
   722 0000078B 01 D0                           	ADD	EAX,EDX
   723 0000078D 8A 04 30                        	MOV	AL,BYTE [EAX+ESI*1]
   724 00000790 8B 75 C4                        	MOV	ESI,DWORD [-60+EBP]
   725 00000793 88 04 31                        	MOV	BYTE [ECX+ESI*1],AL
   726 00000796 EB C3                           	JMP	L162
   727 00000798                                 L200:
   728 00000798 89 D8                           	MOV	EAX,EBX
   729 0000079A 8B 75 C8                        	MOV	ESI,DWORD [-56+EBP]
   730 0000079D 0F AF 47 08                     	IMUL	EAX,DWORD [8+EDI]
   731 000007A1 03 45 AC                        	ADD	EAX,DWORD [-84+EBP]
   732 000007A4 8A 44 30 03                     	MOV	AL,BYTE [3+EAX+ESI*1]
   733 000007A8 8B 75 C4                        	MOV	ESI,DWORD [-60+EBP]
   734 000007AB 88 44 31 03                     	MOV	BYTE [3+ECX+ESI*1],AL
   735 000007AF E9 FFFFFF69                     	JMP	L151
   736 000007B4                                 L199:
   737 000007B4 89 D8                           	MOV	EAX,EBX
   738 000007B6 8B 4D C8                        	MOV	ECX,DWORD [-56+EBP]
   739 000007B9 0F AF 47 08                     	IMUL	EAX,DWORD [8+EDI]
   740 000007BD 03 45 AC                        	ADD	EAX,DWORD [-84+EBP]
   741 000007C0 8B 75 C4                        	MOV	ESI,DWORD [-60+EBP]
   742 000007C3 8A 44 08 02                     	MOV	AL,BYTE [2+EAX+ECX*1]
   743 000007C7 8B 4D B0                        	MOV	ECX,DWORD [-80+EBP]
   744 000007CA 88 44 31 02                     	MOV	BYTE [2+ECX+ESI*1],AL
   745 000007CE E9 FFFFFF2B                     	JMP	L157
   746 000007D3                                 L198:
   747 000007D3 89 D8                           	MOV	EAX,EBX
   748 000007D5 8B 4D C8                        	MOV	ECX,DWORD [-56+EBP]
   749 000007D8 0F AF 47 08                     	IMUL	EAX,DWORD [8+EDI]
   750 000007DC 03 45 AC                        	ADD	EAX,DWORD [-84+EBP]
   751 000007DF 8B 75 C4                        	MOV	ESI,DWORD [-60+EBP]
   752 000007E2 8A 44 08 01                     	MOV	AL,BYTE [1+EAX+ECX*1]
   753 000007E6 8B 4D B4                        	MOV	ECX,DWORD [-76+EBP]
   754 000007E9 88 44 31 01                     	MOV	BYTE [1+ECX+ESI*1],AL
   755 000007ED E9 FFFFFEE9                     	JMP	L156
   756 000007F2                                 L197:
   757 000007F2 89 D8                           	MOV	EAX,EBX
   758 000007F4 8B 75 C8                        	MOV	ESI,DWORD [-56+EBP]
   759 000007F7 0F AF 47 08                     	IMUL	EAX,DWORD [8+EDI]
   760 000007FB 03 45 AC                        	ADD	EAX,DWORD [-84+EBP]
   761 000007FE 8B 4D C4                        	MOV	ECX,DWORD [-60+EBP]
   762 00000801 8A 04 30                        	MOV	AL,BYTE [EAX+ESI*1]
   763 00000804 8B 75 B8                        	MOV	ESI,DWORD [-72+EBP]
   764 00000807 88 04 0E                        	MOV	BYTE [ESI+ECX*1],AL
   765 0000080A E9 FFFFFEA9                     	JMP	L155
   766 0000080F                                 L196:
   767 0000080F 8B 75 CC                        	MOV	ESI,DWORD [-52+EBP]
   768 00000812 8B 04 8E                        	MOV	EAX,DWORD [ESI+ECX*4]
   769 00000815 8B 75 D0                        	MOV	ESI,DWORD [-48+EBP]
   770 00000818 89 04 8E                        	MOV	DWORD [ESI+ECX*4],EAX
   771 0000081B E9 FFFFFEFD                     	JMP	L151
   772 00000820                                 L195:
   773 00000820 89 D8                           	MOV	EAX,EBX
   774 00000822 8B 75 C8                        	MOV	ESI,DWORD [-56+EBP]
   775 00000825 0F AF 47 08                     	IMUL	EAX,DWORD [8+EDI]
   776 00000829 01 D0                           	ADD	EAX,EDX
   777 0000082B 8A 04 30                        	MOV	AL,BYTE [EAX+ESI*1]
   778 0000082E 8B 75 C4                        	MOV	ESI,DWORD [-60+EBP]
   779 00000831 88 04 31                        	MOV	BYTE [ECX+ESI*1],AL
   780 00000834 E9 FFFFFDEB                     	JMP	L144
   781 00000839                                 L137:
   782 00000839 89 CB                           	MOV	EBX,ECX
   783 0000083B 3B 4D E0                        	CMP	ECX,DWORD [-32+EBP]
   784 0000083E 0F 8D FFFFFF27                  	JGE	L131
   785 00000844                                 L178:
   786 00000844 8B 47 14                        	MOV	EAX,DWORD [20+EDI]
   787 00000847 8B 55 E8                        	MOV	EDX,DWORD [-24+EBP]
   788 0000084A 01 D8                           	ADD	EAX,EBX
   789 0000084C 3B 55 E4                        	CMP	EDX,DWORD [-28+EBP]
   790 0000084F 89 45 EC                        	MOV	DWORD [-20+EBP],EAX
   791 00000852 7D 29                           	JGE	L190
   792 00000854                                 L177:
   793 00000854 8B 75 08                        	MOV	ESI,DWORD [8+EBP]
   794 00000857 8B 45 EC                        	MOV	EAX,DWORD [-20+EBP]
   795 0000085A 8B 4F 10                        	MOV	ECX,DWORD [16+EDI]
   796 0000085D 0F AF 86 0000040C               	IMUL	EAX,DWORD [1036+ESI]
   797 00000864 01 D1                           	ADD	ECX,EDX
   798 00000866 8B 75 C0                        	MOV	ESI,DWORD [-64+EBP]
   799 00000869 89 4D A8                        	MOV	DWORD [-88+EBP],ECX
   800 0000086C 8D 0C 01                        	LEA	ECX,DWORD [ECX+EAX*1]
   801 0000086F 8A 45 BF                        	MOV	AL,BYTE [-65+EBP]
   802 00000872 38 04 31                        	CMP	BYTE [ECX+ESI*1],AL
   803 00000875 74 11                           	JE	L202
   804 00000877                                 L174:
   805 00000877 42                              	INC	EDX
   806 00000878 3B 55 E4                        	CMP	EDX,DWORD [-28+EBP]
   807 0000087B 7C D7                           	JL	L177
   808 0000087D                                 L190:
   809 0000087D 43                              	INC	EBX
   810 0000087E 3B 5D E0                        	CMP	EBX,DWORD [-32+EBP]
   811 00000881 7C C1                           	JL	L178
   812 00000883 E9 FFFFFEE3                     	JMP	L131
   813 00000888                                 L202:
   814 00000888 89 D8                           	MOV	EAX,EBX
   815 0000088A 8B 75 C8                        	MOV	ESI,DWORD [-56+EBP]
   816 0000088D 0F AF 47 08                     	IMUL	EAX,DWORD [8+EDI]
   817 00000891 01 D0                           	ADD	EAX,EDX
   818 00000893 8A 04 30                        	MOV	AL,BYTE [EAX+ESI*1]
   819 00000896 8B 75 C4                        	MOV	ESI,DWORD [-60+EBP]
   820 00000899 88 04 31                        	MOV	BYTE [ECX+ESI*1],AL
   821 0000089C EB D9                           	JMP	L174
   822 0000089E                                 L194:
   823 0000089E 31 C9                           	XOR	ECX,ECX
   824 000008A0 E9 FFFFFCDA                     	JMP	L134
   825 000008A5                                 L193:
   826 000008A5 C7 45 E8 00000000               	MOV	DWORD [-24+EBP],0
   827 000008AC E9 FFFFFCC6                     	JMP	L133
   828 000008B1                                 L192:
   829 000008B1 C7 45 10 00000000               	MOV	DWORD [16+EBP],0
   830 000008B8 E9 FFFFFC46                     	JMP	L126
   831 000008BD                                 L191:
   832 000008BD C7 45 0C 00000000               	MOV	DWORD [12+EBP],0
   833 000008C4 E9 FFFFFC30                     	JMP	L125
   834 000008C9                                 	GLOBAL	_sheet_refreshsub24
   835 000008C9                                 _sheet_refreshsub24:
   836 000008C9 55                              	PUSH	EBP
   837 000008CA 89 E5                           	MOV	EBP,ESP
   838 000008CC 57                              	PUSH	EDI
   839 000008CD 56                              	PUSH	ESI
   840 000008CE 53                              	PUSH	EBX
   841 000008CF 83 EC 58                        	SUB	ESP,88
   842 000008D2 8B 45 08                        	MOV	EAX,DWORD [8+EBP]
   843 000008D5 83 7D 0C 00                     	CMP	DWORD [12+EBP],0
   844 000008D9 8B 00                           	MOV	EAX,DWORD [EAX]
   845 000008DB 89 45 CC                        	MOV	DWORD [-52+EBP],EAX
   846 000008DE 0F 88 0000020F                  	JS	L234
   847 000008E4                                 L204:
   848 000008E4 83 7D 10 00                     	CMP	DWORD [16+EBP],0
   849 000008E8 0F 88 000001F9                  	JS	L235
   850 000008EE                                 L205:
   851 000008EE 8B 55 08                        	MOV	EDX,DWORD [8+EBP]
   852 000008F1 8B 82 0000040C                  	MOV	EAX,DWORD [1036+EDX]
   853 000008F7 39 45 14                        	CMP	DWORD [20+EBP],EAX
   854 000008FA 7E 03                           	JLE	L206
   855 000008FC 89 45 14                        	MOV	DWORD [20+EBP],EAX
   856 000008FF                                 L206:
   857 000008FF 8B 5D 08                        	MOV	EBX,DWORD [8+EBP]
   858 00000902 8B 83 00000410                  	MOV	EAX,DWORD [1040+EBX]
   859 00000908 39 45 18                        	CMP	DWORD [24+EBP],EAX
   860 0000090B 7E 03                           	JLE	L207
   861 0000090D 89 45 18                        	MOV	DWORD [24+EBP],EAX
   862 00000910                                 L207:
   863 00000910 8B 45 1C                        	MOV	EAX,DWORD [28+EBP]
   864 00000913 8B 55 20                        	MOV	EDX,DWORD [32+EBP]
   865 00000916 89 45 F0                        	MOV	DWORD [-16+EBP],EAX
   866 00000919 39 D0                           	CMP	EAX,EDX
   867 0000091B 0F 8F 000001AB                  	JG	L229
   868 00000921                                 L227:
   869 00000921 8B 45 08                        	MOV	EAX,DWORD [8+EBP]
   870 00000924 8B 5D F0                        	MOV	EBX,DWORD [-16+EBP]
   871 00000927 8B 9C 98 0000041C               	MOV	EBX,DWORD [1052+EAX+EBX*4]
   872 0000092E 89 5D C8                        	MOV	DWORD [-56+EBP],EBX
   873 00000931 8B 03                           	MOV	EAX,DWORD [EBX]
   874 00000933 8B 4B 10                        	MOV	ECX,DWORD [16+EBX]
   875 00000936 89 45 D0                        	MOV	DWORD [-48+EBP],EAX
   876 00000939 8B 53 14                        	MOV	EDX,DWORD [20+EBX]
   877 0000093C 8B 45 14                        	MOV	EAX,DWORD [20+EBP]
   878 0000093F 8B 5D 10                        	MOV	EBX,DWORD [16+EBP]
   879 00000942 29 C8                           	SUB	EAX,ECX
   880 00000944 29 D3                           	SUB	EBX,EDX
   881 00000946 89 45 D8                        	MOV	DWORD [-40+EBP],EAX
   882 00000949 8B 45 18                        	MOV	EAX,DWORD [24+EBP]
   883 0000094C 29 D0                           	SUB	EAX,EDX
   884 0000094E 8B 55 0C                        	MOV	EDX,DWORD [12+EBP]
   885 00000951 29 CA                           	SUB	EDX,ECX
   886 00000953 89 45 D4                        	MOV	DWORD [-44+EBP],EAX
   887 00000956 89 55 DC                        	MOV	DWORD [-36+EBP],EDX
   888 00000959 0F 88 0000017C                  	JS	L236
   889 0000095F                                 L212:
   890 0000095F 85 DB                           	TEST	EBX,EBX
   891 00000961 0F 88 0000016D                  	JS	L237
   892 00000967                                 L213:
   893 00000967 8B 55 C8                        	MOV	EDX,DWORD [-56+EBP]
   894 0000096A 8B 42 08                        	MOV	EAX,DWORD [8+EDX]
   895 0000096D 39 45 D8                        	CMP	DWORD [-40+EBP],EAX
   896 00000970 7E 03                           	JLE	L214
   897 00000972 89 45 D8                        	MOV	DWORD [-40+EBP],EAX
   898 00000975                                 L214:
   899 00000975 8B 55 C8                        	MOV	EDX,DWORD [-56+EBP]
   900 00000978 8B 42 0C                        	MOV	EAX,DWORD [12+EDX]
   901 0000097B 39 45 D4                        	CMP	DWORD [-44+EBP],EAX
   902 0000097E 7E 03                           	JLE	L215
   903 00000980 89 45 D4                        	MOV	DWORD [-44+EBP],EAX
   904 00000983                                 L215:
   905 00000983 8B 45 D4                        	MOV	EAX,DWORD [-44+EBP]
   906 00000986 89 5D E8                        	MOV	DWORD [-24+EBP],EBX
   907 00000989 39 C3                           	CMP	EBX,EAX
   908 0000098B 0F 8D 0000012C                  	JGE	L231
   909 00000991                                 L226:
   910 00000991 8B 55 C8                        	MOV	EDX,DWORD [-56+EBP]
   911 00000994 8B 5D E8                        	MOV	EBX,DWORD [-24+EBP]
   912 00000997 8B 45 DC                        	MOV	EAX,DWORD [-36+EBP]
   913 0000099A 03 5A 14                        	ADD	EBX,DWORD [20+EDX]
   914 0000099D 89 45 EC                        	MOV	DWORD [-20+EBP],EAX
   915 000009A0 8B 55 D8                        	MOV	EDX,DWORD [-40+EBP]
   916 000009A3 89 5D E0                        	MOV	DWORD [-32+EBP],EBX
   917 000009A6 39 D0                           	CMP	EAX,EDX
   918 000009A8 0F 8D 00000100                  	JGE	L233
   919 000009AE                                 L225:
   920 000009AE 8B 5D C8                        	MOV	EBX,DWORD [-56+EBP]
   921 000009B1 8B 55 E8                        	MOV	EDX,DWORD [-24+EBP]
   922 000009B4 8B 45 EC                        	MOV	EAX,DWORD [-20+EBP]
   923 000009B7 BF 000000FF                     	MOV	EDI,255
   924 000009BC 0F AF 53 08                     	IMUL	EDX,DWORD [8+EBX]
   925 000009C0 03 55 EC                        	ADD	EDX,DWORD [-20+EBP]
   926 000009C3 03 43 10                        	ADD	EAX,DWORD [16+EBX]
   927 000009C6 8B 5D D0                        	MOV	EBX,DWORD [-48+EBP]
   928 000009C9 89 45 E4                        	MOV	DWORD [-28+EBP],EAX
   929 000009CC 8B 0C 93                        	MOV	ECX,DWORD [EBX+EDX*4]
   930 000009CF 8B 5D 08                        	MOV	EBX,DWORD [8+EBP]
   931 000009D2 0F B6 D5                        	MOVZX	EDX,CH
   932 000009D5 89 55 C0                        	MOV	DWORD [-64+EBP],EDX
   933 000009D8 8B 55 E0                        	MOV	EDX,DWORD [-32+EBP]
   934 000009DB 0F AF 93 0000040C               	IMUL	EDX,DWORD [1036+EBX]
   935 000009E2 03 55 E4                        	ADD	EDX,DWORD [-28+EBP]
   936 000009E5 6B D2 03                        	IMUL	EDX,EDX,3
   937 000009E8 0F B6 C1                        	MOVZX	EAX,CL
   938 000009EB 89 45 C4                        	MOV	DWORD [-60+EBP],EAX
   939 000009EE 89 C8                           	MOV	EAX,ECX
   940 000009F0 C1 E8 10                        	SHR	EAX,16
   941 000009F3 0F B6 C0                        	MOVZX	EAX,AL
   942 000009F6 C1 E9 18                        	SHR	ECX,24
   943 000009F9 89 45 BC                        	MOV	DWORD [-68+EBP],EAX
   944 000009FC 8B 45 CC                        	MOV	EAX,DWORD [-52+EBP]
   945 000009FF 0F B6 34 10                     	MOVZX	ESI,BYTE [EAX+EDX*1]
   946 00000A03 01 C2                           	ADD	EDX,EAX
   947 00000A05 8B 45 C4                        	MOV	EAX,DWORD [-60+EBP]
   948 00000A08 89 55 9C                        	MOV	DWORD [-100+EBP],EDX
   949 00000A0B 0F B6 52 01                     	MOVZX	EDX,BYTE [1+EDX]
   950 00000A0F 8B 5D 9C                        	MOV	EBX,DWORD [-100+EBP]
   951 00000A12 89 55 B8                        	MOV	DWORD [-72+EBP],EDX
   952 00000A15 0F AF F1                        	IMUL	ESI,ECX
   953 00000A18 0F B6 5B 02                     	MOVZX	EBX,BYTE [2+EBX]
   954 00000A1C 89 5D B4                        	MOV	DWORD [-76+EBP],EBX
   955 00000A1F 31 D2                           	XOR	EDX,EDX
   956 00000A21 89 FB                           	MOV	EBX,EDI
   957 00000A23 29 CB                           	SUB	EBX,ECX
   958 00000A25 0F AF C3                        	IMUL	EAX,EBX
   959 00000A28 89 45 C4                        	MOV	DWORD [-60+EBP],EAX
   960 00000A2B 01 F0                           	ADD	EAX,ESI
   961 00000A2D F7 F7                           	DIV	EDI
   962 00000A2F 89 45 B0                        	MOV	DWORD [-80+EBP],EAX
   963 00000A32 8B 55 B8                        	MOV	EDX,DWORD [-72+EBP]
   964 00000A35 8B 45 C0                        	MOV	EAX,DWORD [-64+EBP]
   965 00000A38 0F AF C3                        	IMUL	EAX,EBX
   966 00000A3B 0F AF D1                        	IMUL	EDX,ECX
   967 00000A3E 89 C6                           	MOV	ESI,EAX
   968 00000A40 01 D6                           	ADD	ESI,EDX
   969 00000A42 31 D2                           	XOR	EDX,EDX
   970 00000A44 89 F0                           	MOV	EAX,ESI
   971 00000A46 F7 F7                           	DIV	EDI
   972 00000A48 0F AF 5D BC                     	IMUL	EBX,DWORD [-68+EBP]
   973 00000A4C 0F AF 4D B4                     	IMUL	ECX,DWORD [-76+EBP]
   974 00000A50 89 4D B4                        	MOV	DWORD [-76+EBP],ECX
   975 00000A53 89 45 A8                        	MOV	DWORD [-88+EBP],EAX
   976 00000A56 89 D9                           	MOV	ECX,EBX
   977 00000A58 31 D2                           	XOR	EDX,EDX
   978 00000A5A 03 4D B4                        	ADD	ECX,DWORD [-76+EBP]
   979 00000A5D 8A 5D B0                        	MOV	BL,BYTE [-80+EBP]
   980 00000A60 89 C8                           	MOV	EAX,ECX
   981 00000A62 F7 F7                           	DIV	EDI
   982 00000A64 89 C1                           	MOV	ECX,EAX
   983 00000A66 8B 45 9C                        	MOV	EAX,DWORD [-100+EBP]
   984 00000A69 88 18                           	MOV	BYTE [EAX],BL
   985 00000A6B 8A 45 A8                        	MOV	AL,BYTE [-88+EBP]
   986 00000A6E 8B 5D 08                        	MOV	EBX,DWORD [8+EBP]
   987 00000A71 8B 55 E0                        	MOV	EDX,DWORD [-32+EBP]
   988 00000A74 0F AF 93 0000040C               	IMUL	EDX,DWORD [1036+EBX]
   989 00000A7B 03 55 E4                        	ADD	EDX,DWORD [-28+EBP]
   990 00000A7E 8B 5D CC                        	MOV	EBX,DWORD [-52+EBP]
   991 00000A81 6B D2 03                        	IMUL	EDX,EDX,3
   992 00000A84 88 44 13 01                     	MOV	BYTE [1+EBX+EDX*1],AL
   993 00000A88 8B 45 08                        	MOV	EAX,DWORD [8+EBP]
   994 00000A8B 8B 55 E0                        	MOV	EDX,DWORD [-32+EBP]
   995 00000A8E 0F AF 90 0000040C               	IMUL	EDX,DWORD [1036+EAX]
   996 00000A95 03 55 E4                        	ADD	EDX,DWORD [-28+EBP]
   997 00000A98 6B D2 03                        	IMUL	EDX,EDX,3
   998 00000A9B 88 4C 13 02                     	MOV	BYTE [2+EBX+EDX*1],CL
   999 00000A9F 8B 55 D8                        	MOV	EDX,DWORD [-40+EBP]
  1000 00000AA2 FF 45 EC                        	INC	DWORD [-20+EBP]
  1001 00000AA5 39 55 EC                        	CMP	DWORD [-20+EBP],EDX
  1002 00000AA8 0F 8C FFFFFF00                  	JL	L225
  1003 00000AAE                                 L233:
  1004 00000AAE 8B 5D D4                        	MOV	EBX,DWORD [-44+EBP]
  1005 00000AB1 FF 45 E8                        	INC	DWORD [-24+EBP]
  1006 00000AB4 39 5D E8                        	CMP	DWORD [-24+EBP],EBX
  1007 00000AB7 0F 8C FFFFFED4                  	JL	L226
  1008 00000ABD                                 L231:
  1009 00000ABD 8B 45 20                        	MOV	EAX,DWORD [32+EBP]
  1010 00000AC0 FF 45 F0                        	INC	DWORD [-16+EBP]
  1011 00000AC3 39 45 F0                        	CMP	DWORD [-16+EBP],EAX
  1012 00000AC6 0F 8E FFFFFE55                  	JLE	L227
  1013 00000ACC                                 L229:
  1014 00000ACC 83 C4 58                        	ADD	ESP,88
  1015 00000ACF 5B                              	POP	EBX
  1016 00000AD0 5E                              	POP	ESI
  1017 00000AD1 5F                              	POP	EDI
  1018 00000AD2 5D                              	POP	EBP
  1019 00000AD3 C3                              	RET
  1020 00000AD4                                 L237:
  1021 00000AD4 31 DB                           	XOR	EBX,EBX
  1022 00000AD6 E9 FFFFFE8C                     	JMP	L213
  1023 00000ADB                                 L236:
  1024 00000ADB C7 45 DC 00000000               	MOV	DWORD [-36+EBP],0
  1025 00000AE2 E9 FFFFFE78                     	JMP	L212
  1026 00000AE7                                 L235:
  1027 00000AE7 C7 45 10 00000000               	MOV	DWORD [16+EBP],0
  1028 00000AEE E9 FFFFFDFB                     	JMP	L205
  1029 00000AF3                                 L234:
  1030 00000AF3 C7 45 0C 00000000               	MOV	DWORD [12+EBP],0
  1031 00000AFA E9 FFFFFDE5                     	JMP	L204
  1032 00000AFF                                 	GLOBAL	_sheet_refreshsub32
  1033 00000AFF                                 _sheet_refreshsub32:
  1034 00000AFF 55                              	PUSH	EBP
  1035 00000B00 89 E5                           	MOV	EBP,ESP
  1036 00000B02 57                              	PUSH	EDI
  1037 00000B03 56                              	PUSH	ESI
  1038 00000B04 53                              	PUSH	EBX
  1039 00000B05 83 EC 40                        	SUB	ESP,64
  1040 00000B08 8B 45 08                        	MOV	EAX,DWORD [8+EBP]
  1041 00000B0B 8B 55 08                        	MOV	EDX,DWORD [8+EBP]
  1042 00000B0E 83 7D 0C 00                     	CMP	DWORD [12+EBP],0
  1043 00000B12 8B 00                           	MOV	EAX,DWORD [EAX]
  1044 00000B14 8B 52 04                        	MOV	EDX,DWORD [4+EDX]
  1045 00000B17 89 45 D4                        	MOV	DWORD [-44+EBP],EAX
  1046 00000B1A 89 55 D0                        	MOV	DWORD [-48+EBP],EDX
  1047 00000B1D 0F 88 00000173                  	JS	L269
  1048 00000B23                                 L239:
  1049 00000B23 83 7D 10 00                     	CMP	DWORD [16+EBP],0
  1050 00000B27 0F 88 0000015D                  	JS	L270
  1051 00000B2D                                 L240:
  1052 00000B2D 8B 4D 08                        	MOV	ECX,DWORD [8+EBP]
  1053 00000B30 8B 81 0000040C                  	MOV	EAX,DWORD [1036+ECX]
  1054 00000B36 39 45 14                        	CMP	DWORD [20+EBP],EAX
  1055 00000B39 7E 03                           	JLE	L241
  1056 00000B3B 89 45 14                        	MOV	DWORD [20+EBP],EAX
  1057 00000B3E                                 L241:
  1058 00000B3E 8B 5D 08                        	MOV	EBX,DWORD [8+EBP]
  1059 00000B41 8B 83 00000410                  	MOV	EAX,DWORD [1040+EBX]
  1060 00000B47 39 45 18                        	CMP	DWORD [24+EBP],EAX
  1061 00000B4A 7E 03                           	JLE	L242
  1062 00000B4C 89 45 18                        	MOV	DWORD [24+EBP],EAX
  1063 00000B4F                                 L242:
  1064 00000B4F 8B 7D 1C                        	MOV	EDI,DWORD [28+EBP]
  1065 00000B52 8B 45 20                        	MOV	EAX,DWORD [32+EBP]
  1066 00000B55 89 7D F0                        	MOV	DWORD [-16+EBP],EDI
  1067 00000B58 39 C7                           	CMP	EDI,EAX
  1068 00000B5A 0F 8F 000000C0                  	JG	L264
  1069 00000B60                                 L262:
  1070 00000B60 8B 55 F0                        	MOV	EDX,DWORD [-16+EBP]
  1071 00000B63 8B 4D 08                        	MOV	ECX,DWORD [8+EBP]
  1072 00000B66 8B B4 91 0000041C               	MOV	ESI,DWORD [1052+ECX+EDX*4]
  1073 00000B6D 8B 4D 10                        	MOV	ECX,DWORD [16+EBP]
  1074 00000B70 8B 7E 24                        	MOV	EDI,DWORD [36+ESI]
  1075 00000B73 8B 1E                           	MOV	EBX,DWORD [ESI]
  1076 00000B75 8B 56 14                        	MOV	EDX,DWORD [20+ESI]
  1077 00000B78 89 7D CC                        	MOV	DWORD [-52+EBP],EDI
  1078 00000B7B 8B 7D 18                        	MOV	EDI,DWORD [24+EBP]
  1079 00000B7E 8B 46 10                        	MOV	EAX,DWORD [16+ESI]
  1080 00000B81 29 D7                           	SUB	EDI,EDX
  1081 00000B83 29 D1                           	SUB	ECX,EDX
  1082 00000B85 89 5D D8                        	MOV	DWORD [-40+EBP],EBX
  1083 00000B88 8B 55 0C                        	MOV	EDX,DWORD [12+EBP]
  1084 00000B8B 8B 5D 14                        	MOV	EBX,DWORD [20+EBP]
  1085 00000B8E 89 7D DC                        	MOV	DWORD [-36+EBP],EDI
  1086 00000B91 29 C3                           	SUB	EBX,EAX
  1087 00000B93 29 C2                           	SUB	EDX,EAX
  1088 00000B95 89 5D E0                        	MOV	DWORD [-32+EBP],EBX
  1089 00000B98 89 55 E4                        	MOV	DWORD [-28+EBP],EDX
  1090 00000B9B 0F 88 000000DD                  	JS	L271
  1091 00000BA1                                 L247:
  1092 00000BA1 85 C9                           	TEST	ECX,ECX
  1093 00000BA3 0F 88 000000CE                  	JS	L272
  1094 00000BA9                                 L248:
  1095 00000BA9 8B 46 08                        	MOV	EAX,DWORD [8+ESI]
  1096 00000BAC 39 45 E0                        	CMP	DWORD [-32+EBP],EAX
  1097 00000BAF 7E 03                           	JLE	L249
  1098 00000BB1 89 45 E0                        	MOV	DWORD [-32+EBP],EAX
  1099 00000BB4                                 L249:
  1100 00000BB4 8B 46 0C                        	MOV	EAX,DWORD [12+ESI]
  1101 00000BB7 39 45 DC                        	CMP	DWORD [-36+EBP],EAX
  1102 00000BBA 7E 03                           	JLE	L250
  1103 00000BBC 89 45 DC                        	MOV	DWORD [-36+EBP],EAX
  1104 00000BBF                                 L250:
  1105 00000BBF 8B 5D DC                        	MOV	EBX,DWORD [-36+EBP]
  1106 00000BC2 89 4D EC                        	MOV	DWORD [-20+EBP],ECX
  1107 00000BC5 39 D9                           	CMP	ECX,EBX
  1108 00000BC7 7D 48                           	JGE	L266
  1109 00000BC9                                 L261:
  1110 00000BC9 8B 7D EC                        	MOV	EDI,DWORD [-20+EBP]
  1111 00000BCC 8B 5D E4                        	MOV	EBX,DWORD [-28+EBP]
  1112 00000BCF 03 7E 14                        	ADD	EDI,DWORD [20+ESI]
  1113 00000BD2 3B 5D E0                        	CMP	EBX,DWORD [-32+EBP]
  1114 00000BD5 89 7D E8                        	MOV	DWORD [-24+EBP],EDI
  1115 00000BD8 7D 2C                           	JGE	L268
  1116 00000BDA                                 L260:
  1117 00000BDA 8B 46 10                        	MOV	EAX,DWORD [16+ESI]
  1118 00000BDD 8B 55 08                        	MOV	EDX,DWORD [8+EBP]
  1119 00000BE0 01 D8                           	ADD	EAX,EBX
  1120 00000BE2 8B 7D D0                        	MOV	EDI,DWORD [-48+EBP]
  1121 00000BE5 89 45 B4                        	MOV	DWORD [-76+EBP],EAX
  1122 00000BE8 8B 45 E8                        	MOV	EAX,DWORD [-24+EBP]
  1123 00000BEB 0F AF 82 0000040C               	IMUL	EAX,DWORD [1036+EDX]
  1124 00000BF2 8B 4D B4                        	MOV	ECX,DWORD [-76+EBP]
  1125 00000BF5 8D 14 01                        	LEA	EDX,DWORD [ECX+EAX*1]
  1126 00000BF8 8B 45 CC                        	MOV	EAX,DWORD [-52+EBP]
  1127 00000BFB 39 04 97                        	CMP	DWORD [EDI+EDX*4],EAX
  1128 00000BFE 74 28                           	JE	L273
  1129 00000C00                                 L257:
  1130 00000C00 43                              	INC	EBX
  1131 00000C01 3B 5D E0                        	CMP	EBX,DWORD [-32+EBP]
  1132 00000C04 7C D4                           	JL	L260
  1133 00000C06                                 L268:
  1134 00000C06 8B 4D DC                        	MOV	ECX,DWORD [-36+EBP]
  1135 00000C09 FF 45 EC                        	INC	DWORD [-20+EBP]
  1136 00000C0C 39 4D EC                        	CMP	DWORD [-20+EBP],ECX
  1137 00000C0F 7C B8                           	JL	L261
  1138 00000C11                                 L266:
  1139 00000C11 8B 5D 20                        	MOV	EBX,DWORD [32+EBP]
  1140 00000C14 FF 45 F0                        	INC	DWORD [-16+EBP]
  1141 00000C17 39 5D F0                        	CMP	DWORD [-16+EBP],EBX
  1142 00000C1A 0F 8E FFFFFF40                  	JLE	L262
  1143 00000C20                                 L264:
  1144 00000C20 83 C4 40                        	ADD	ESP,64
  1145 00000C23 5B                              	POP	EBX
  1146 00000C24 5E                              	POP	ESI
  1147 00000C25 5F                              	POP	EDI
  1148 00000C26 5D                              	POP	EBP
  1149 00000C27 C3                              	RET
  1150 00000C28                                 L273:
  1151 00000C28 8B 45 EC                        	MOV	EAX,DWORD [-20+EBP]
  1152 00000C2B 8B 7D D8                        	MOV	EDI,DWORD [-40+EBP]
  1153 00000C2E 0F AF 46 08                     	IMUL	EAX,DWORD [8+ESI]
  1154 00000C32 8D 0C 03                        	LEA	ECX,DWORD [EBX+EAX*1]
  1155 00000C35 8B 45 D4                        	MOV	EAX,DWORD [-44+EBP]
  1156 00000C38 8B 0C 8F                        	MOV	ECX,DWORD [EDI+ECX*4]
  1157 00000C3B 88 0C 90                        	MOV	BYTE [EAX+EDX*4],CL
  1158 00000C3E 8B 55 08                        	MOV	EDX,DWORD [8+EBP]
  1159 00000C41 8B 45 E8                        	MOV	EAX,DWORD [-24+EBP]
  1160 00000C44 8B 7D D4                        	MOV	EDI,DWORD [-44+EBP]
  1161 00000C47 0F AF 82 0000040C               	IMUL	EAX,DWORD [1036+EDX]
  1162 00000C4E 03 45 B4                        	ADD	EAX,DWORD [-76+EBP]
  1163 00000C51 89 45 C8                        	MOV	DWORD [-56+EBP],EAX
  1164 00000C54 8B 55 C8                        	MOV	EDX,DWORD [-56+EBP]
  1165 00000C57 0F BE C5                        	MOVSX	EAX,CH
  1166 00000C5A C1 E9 10                        	SHR	ECX,16
  1167 00000C5D 88 44 97 01                     	MOV	BYTE [1+EDI+EDX*4],AL
  1168 00000C61 8B 55 08                        	MOV	EDX,DWORD [8+EBP]
  1169 00000C64 8B 45 E8                        	MOV	EAX,DWORD [-24+EBP]
  1170 00000C67 0F AF 82 0000040C               	IMUL	EAX,DWORD [1036+EDX]
  1171 00000C6E 03 45 B4                        	ADD	EAX,DWORD [-76+EBP]
  1172 00000C71 88 4C 87 02                     	MOV	BYTE [2+EDI+EAX*4],CL
  1173 00000C75 EB 89                           	JMP	L257
  1174 00000C77                                 L272:
  1175 00000C77 31 C9                           	XOR	ECX,ECX
  1176 00000C79 E9 FFFFFF2B                     	JMP	L248
  1177 00000C7E                                 L271:
  1178 00000C7E C7 45 E4 00000000               	MOV	DWORD [-28+EBP],0
  1179 00000C85 E9 FFFFFF17                     	JMP	L247
  1180 00000C8A                                 L270:
  1181 00000C8A C7 45 10 00000000               	MOV	DWORD [16+EBP],0
  1182 00000C91 E9 FFFFFE97                     	JMP	L240
  1183 00000C96                                 L269:
  1184 00000C96 C7 45 0C 00000000               	MOV	DWORD [12+EBP],0
  1185 00000C9D E9 FFFFFE81                     	JMP	L239
  1186 00000CA2                                 	GLOBAL	_sheet_updown
  1187 00000CA2                                 _sheet_updown:
  1188 00000CA2 55                              	PUSH	EBP
  1189 00000CA3 89 E5                           	MOV	EBP,ESP
  1190 00000CA5 57                              	PUSH	EDI
  1191 00000CA6 56                              	PUSH	ESI
  1192 00000CA7 53                              	PUSH	EBX
  1193 00000CA8 50                              	PUSH	EAX
  1194 00000CA9 50                              	PUSH	EAX
  1195 00000CAA 8B 7D 08                        	MOV	EDI,DWORD [8+EBP]
  1196 00000CAD 8B 5D 0C                        	MOV	EBX,DWORD [12+EBP]
  1197 00000CB0 8B 77 28                        	MOV	ESI,DWORD [40+EDI]
  1198 00000CB3 8B 47 1C                        	MOV	EAX,DWORD [28+EDI]
  1199 00000CB6 89 45 F0                        	MOV	DWORD [-16+EBP],EAX
  1200 00000CB9 8B 86 00000824                  	MOV	EAX,DWORD [2084+ESI]
  1201 00000CBF 89 45 EC                        	MOV	DWORD [-20+EBP],EAX
  1202 00000CC2 8B 86 00000414                  	MOV	EAX,DWORD [1044+ESI]
  1203 00000CC8 40                              	INC	EAX
  1204 00000CC9 39 C3                           	CMP	EBX,EAX
  1205 00000CCB 7E 02                           	JLE	L275
  1206 00000CCD 89 C3                           	MOV	EBX,EAX
  1207 00000CCF                                 L275:
  1208 00000CCF 83 FB FF                        	CMP	EBX,-1
  1209 00000CD2 7D 03                           	JGE	L276
  1210 00000CD4 83 CB FF                        	OR	EBX,-1
  1211 00000CD7                                 L276:
  1212 00000CD7 89 5F 1C                        	MOV	DWORD [28+EDI],EBX
  1213 00000CDA 39 5D F0                        	CMP	DWORD [-16+EBP],EBX
  1214 00000CDD 0F 8E 000000E7                  	JLE	L277
  1215 00000CE3 85 DB                           	TEST	EBX,EBX
  1216 00000CE5 78 63                           	JS	L278
  1217 00000CE7 8B 4D F0                        	MOV	ECX,DWORD [-16+EBP]
  1218 00000CEA                                 L283:
  1219 00000CEA 8B 84 8E 00000418               	MOV	EAX,DWORD [1048+ESI+ECX*4]
  1220 00000CF1 89 84 8E 0000041C               	MOV	DWORD [1052+ESI+ECX*4],EAX
  1221 00000CF8 89 48 1C                        	MOV	DWORD [28+EAX],ECX
  1222 00000CFB 49                              	DEC	ECX
  1223 00000CFC 39 D9                           	CMP	ECX,EBX
  1224 00000CFE 7F EA                           	JG	L283
  1225 00000D00 89 BC 9E 0000041C               	MOV	DWORD [1052+ESI+EBX*4],EDI
  1226 00000D07 43                              	INC	EBX
  1227 00000D08 53                              	PUSH	EBX
  1228 00000D09 8B 4F 14                        	MOV	ECX,DWORD [20+EDI]
  1229 00000D0C 89 C8                           	MOV	EAX,ECX
  1230 00000D0E 03 47 0C                        	ADD	EAX,DWORD [12+EDI]
  1231 00000D11 50                              	PUSH	EAX
  1232 00000D12 8B 57 10                        	MOV	EDX,DWORD [16+EDI]
  1233 00000D15 89 D0                           	MOV	EAX,EDX
  1234 00000D17 03 47 08                        	ADD	EAX,DWORD [8+EDI]
  1235 00000D1A 50                              	PUSH	EAX
  1236 00000D1B 51                              	PUSH	ECX
  1237 00000D1C 52                              	PUSH	EDX
  1238 00000D1D 56                              	PUSH	ESI
  1239 00000D1E E8 FFFFF657                     	CALL	_sheet_refreshmap32
  1240 00000D23 FF 75 F0                        	PUSH	DWORD [-16+EBP]
  1241 00000D26                                 L322:
  1242 00000D26 53                              	PUSH	EBX
  1243 00000D27 8B 4F 14                        	MOV	ECX,DWORD [20+EDI]
  1244 00000D2A 89 C8                           	MOV	EAX,ECX
  1245 00000D2C 03 47 0C                        	ADD	EAX,DWORD [12+EDI]
  1246 00000D2F 50                              	PUSH	EAX
  1247 00000D30 8B 57 10                        	MOV	EDX,DWORD [16+EDI]
  1248 00000D33 89 D0                           	MOV	EAX,EDX
  1249 00000D35 03 47 08                        	ADD	EAX,DWORD [8+EDI]
  1250 00000D38 50                              	PUSH	EAX
  1251 00000D39 51                              	PUSH	ECX
  1252 00000D3A 52                              	PUSH	EDX
  1253 00000D3B 56                              	PUSH	ESI
  1254 00000D3C FF 55 EC                        	CALL	DWORD [-20+EBP]
  1255 00000D3F                                 L321:
  1256 00000D3F 83 C4 34                        	ADD	ESP,52
  1257 00000D42                                 L274:
  1258 00000D42 8D 65 F4                        	LEA	ESP,DWORD [-12+EBP]
  1259 00000D45 5B                              	POP	EBX
  1260 00000D46 5E                              	POP	ESI
  1261 00000D47 5F                              	POP	EDI
  1262 00000D48 5D                              	POP	EBP
  1263 00000D49 C3                              	RET
  1264 00000D4A                                 L278:
  1265 00000D4A 8B 86 00000414                  	MOV	EAX,DWORD [1044+ESI]
  1266 00000D50 3B 45 F0                        	CMP	EAX,DWORD [-16+EBP]
  1267 00000D53 7E 21                           	JLE	L285
  1268 00000D55 8B 4D F0                        	MOV	ECX,DWORD [-16+EBP]
  1269 00000D58 39 C1                           	CMP	ECX,EAX
  1270 00000D5A 7D 1A                           	JGE	L285
  1271 00000D5C                                 L290:
  1272 00000D5C 8B 84 8E 00000420               	MOV	EAX,DWORD [1056+ESI+ECX*4]
  1273 00000D63 89 84 8E 0000041C               	MOV	DWORD [1052+ESI+ECX*4],EAX
  1274 00000D6A 89 48 1C                        	MOV	DWORD [28+EAX],ECX
  1275 00000D6D 41                              	INC	ECX
  1276 00000D6E 3B 8E 00000414                  	CMP	ECX,DWORD [1044+ESI]
  1277 00000D74 7C E6                           	JL	L290
  1278 00000D76                                 L285:
  1279 00000D76 FF 8E 00000414                  	DEC	DWORD [1044+ESI]
  1280 00000D7C 6A 00                           	PUSH	0
  1281 00000D7E 8B 4F 14                        	MOV	ECX,DWORD [20+EDI]
  1282 00000D81 89 C8                           	MOV	EAX,ECX
  1283 00000D83 03 47 0C                        	ADD	EAX,DWORD [12+EDI]
  1284 00000D86 50                              	PUSH	EAX
  1285 00000D87 8B 57 10                        	MOV	EDX,DWORD [16+EDI]
  1286 00000D8A 89 D0                           	MOV	EAX,EDX
  1287 00000D8C 03 47 08                        	ADD	EAX,DWORD [8+EDI]
  1288 00000D8F 50                              	PUSH	EAX
  1289 00000D90 51                              	PUSH	ECX
  1290 00000D91 52                              	PUSH	EDX
  1291 00000D92 56                              	PUSH	ESI
  1292 00000D93 E8 FFFFF5E2                     	CALL	_sheet_refreshmap32
  1293 00000D98 8B 45 F0                        	MOV	EAX,DWORD [-16+EBP]
  1294 00000D9B 48                              	DEC	EAX
  1295 00000D9C 50                              	PUSH	EAX
  1296 00000D9D 6A 00                           	PUSH	0
  1297 00000D9F 8B 4F 14                        	MOV	ECX,DWORD [20+EDI]
  1298 00000DA2 89 C8                           	MOV	EAX,ECX
  1299 00000DA4 03 47 0C                        	ADD	EAX,DWORD [12+EDI]
  1300 00000DA7 50                              	PUSH	EAX
  1301 00000DA8 8B 57 10                        	MOV	EDX,DWORD [16+EDI]
  1302 00000DAB 89 D0                           	MOV	EAX,EDX
  1303 00000DAD 03 47 08                        	ADD	EAX,DWORD [8+EDI]
  1304 00000DB0 50                              	PUSH	EAX
  1305 00000DB1 51                              	PUSH	ECX
  1306 00000DB2 52                              	PUSH	EDX
  1307 00000DB3 56                              	PUSH	ESI
  1308 00000DB4 FF 55 EC                        	CALL	DWORD [-20+EBP]
  1309 00000DB7 8B 57 28                        	MOV	EDX,DWORD [40+EDI]
  1310 00000DBA 8B 47 24                        	MOV	EAX,DWORD [36+EDI]
  1311 00000DBD C7 44 82 08 00000000            	MOV	DWORD [8+EDX+EAX*4],0
  1312 00000DC5 E9 FFFFFF75                     	JMP	L321
  1313 00000DCA                                 L277:
  1314 00000DCA 39 5D F0                        	CMP	DWORD [-16+EBP],EBX
  1315 00000DCD 0F 8D FFFFFF6F                  	JGE	L274
  1316 00000DD3 83 7D F0 00                     	CMP	DWORD [-16+EBP],0
  1317 00000DD7 78 45                           	JS	L293
  1318 00000DD9 8B 4D F0                        	MOV	ECX,DWORD [-16+EBP]
  1319 00000DDC 39 D9                           	CMP	ECX,EBX
  1320 00000DDE 7D 16                           	JGE	L316
  1321 00000DE0                                 L298:
  1322 00000DE0 8B 84 8E 00000420               	MOV	EAX,DWORD [1056+ESI+ECX*4]
  1323 00000DE7 89 84 8E 0000041C               	MOV	DWORD [1052+ESI+ECX*4],EAX
  1324 00000DEE 89 48 1C                        	MOV	DWORD [28+EAX],ECX
  1325 00000DF1 41                              	INC	ECX
  1326 00000DF2 39 D9                           	CMP	ECX,EBX
  1327 00000DF4 7C EA                           	JL	L298
  1328 00000DF6                                 L316:
  1329 00000DF6 89 BC 9E 0000041C               	MOV	DWORD [1052+ESI+EBX*4],EDI
  1330 00000DFD                                 L299:
  1331 00000DFD 53                              	PUSH	EBX
  1332 00000DFE 8B 4F 14                        	MOV	ECX,DWORD [20+EDI]
  1333 00000E01 89 C8                           	MOV	EAX,ECX
  1334 00000E03 03 47 0C                        	ADD	EAX,DWORD [12+EDI]
  1335 00000E06 50                              	PUSH	EAX
  1336 00000E07 8B 57 10                        	MOV	EDX,DWORD [16+EDI]
  1337 00000E0A 89 D0                           	MOV	EAX,EDX
  1338 00000E0C 03 47 08                        	ADD	EAX,DWORD [8+EDI]
  1339 00000E0F 50                              	PUSH	EAX
  1340 00000E10 51                              	PUSH	ECX
  1341 00000E11 52                              	PUSH	EDX
  1342 00000E12 56                              	PUSH	ESI
  1343 00000E13 E8 FFFFF562                     	CALL	_sheet_refreshmap32
  1344 00000E18 53                              	PUSH	EBX
  1345 00000E19 E9 FFFFFF08                     	JMP	L322
  1346 00000E1E                                 L293:
  1347 00000E1E 31 C0                           	XOR	EAX,EAX
  1348 00000E20                                 L305:
  1349 00000E20 83 7C 86 08 00                  	CMP	DWORD [8+ESI+EAX*4],0
  1350 00000E25 74 0D                           	JE	L320
  1351 00000E27 40                              	INC	EAX
  1352 00000E28 3D 000000FF                     	CMP	EAX,255
  1353 00000E2D 7E F1                           	JLE	L305
  1354 00000E2F E9 FFFFFF0E                     	JMP	L274
  1355 00000E34                                 L320:
  1356 00000E34 89 7C 86 08                     	MOV	DWORD [8+ESI+EAX*4],EDI
  1357 00000E38 89 47 24                        	MOV	DWORD [36+EDI],EAX
  1358 00000E3B 3D 000000FF                     	CMP	EAX,255
  1359 00000E40 0F 8F FFFFFEFC                  	JG	L274
  1360 00000E46 8B 8E 00000414                  	MOV	ECX,DWORD [1044+ESI]
  1361 00000E4C 39 D9                           	CMP	ECX,EBX
  1362 00000E4E 7C 19                           	JL	L319
  1363 00000E50                                 L311:
  1364 00000E50 8B 94 8E 0000041C               	MOV	EDX,DWORD [1052+ESI+ECX*4]
  1365 00000E57 8D 41 01                        	LEA	EAX,DWORD [1+ECX]
  1366 00000E5A 89 94 8E 00000420               	MOV	DWORD [1056+ESI+ECX*4],EDX
  1367 00000E61 49                              	DEC	ECX
  1368 00000E62 89 42 1C                        	MOV	DWORD [28+EDX],EAX
  1369 00000E65 39 D9                           	CMP	ECX,EBX
  1370 00000E67 7D E7                           	JGE	L311
  1371 00000E69                                 L319:
  1372 00000E69 89 BC 9E 0000041C               	MOV	DWORD [1052+ESI+EBX*4],EDI
  1373 00000E70 FF 86 00000414                  	INC	DWORD [1044+ESI]
  1374 00000E76 EB 85                           	JMP	L299
  1375 00000E78                                 	GLOBAL	_sheet_refresh
  1376 00000E78                                 _sheet_refresh:
  1377 00000E78 55                              	PUSH	EBP
  1378 00000E79 89 E5                           	MOV	EBP,ESP
  1379 00000E7B 56                              	PUSH	ESI
  1380 00000E7C 53                              	PUSH	EBX
  1381 00000E7D 8B 55 08                        	MOV	EDX,DWORD [8+EBP]
  1382 00000E80 8B 5A 28                        	MOV	EBX,DWORD [40+EDX]
  1383 00000E83 8B 42 1C                        	MOV	EAX,DWORD [28+EDX]
  1384 00000E86 85 C0                           	TEST	EAX,EAX
  1385 00000E88 8B B3 00000824                  	MOV	ESI,DWORD [2084+EBX]
  1386 00000E8E 78 22                           	JS	L323
  1387 00000E90 50                              	PUSH	EAX
  1388 00000E91 50                              	PUSH	EAX
  1389 00000E92 8B 4A 14                        	MOV	ECX,DWORD [20+EDX]
  1390 00000E95 89 C8                           	MOV	EAX,ECX
  1391 00000E97 03 4D 10                        	ADD	ECX,DWORD [16+EBP]
  1392 00000E9A 03 45 18                        	ADD	EAX,DWORD [24+EBP]
  1393 00000E9D 50                              	PUSH	EAX
  1394 00000E9E 8B 52 10                        	MOV	EDX,DWORD [16+EDX]
  1395 00000EA1 89 D0                           	MOV	EAX,EDX
  1396 00000EA3 03 55 0C                        	ADD	EDX,DWORD [12+EBP]
  1397 00000EA6 03 45 14                        	ADD	EAX,DWORD [20+EBP]
  1398 00000EA9 50                              	PUSH	EAX
  1399 00000EAA 51                              	PUSH	ECX
  1400 00000EAB 52                              	PUSH	EDX
  1401 00000EAC 53                              	PUSH	EBX
  1402 00000EAD FF D6                           	CALL	ESI
  1403 00000EAF 83 C4 1C                        	ADD	ESP,28
  1404 00000EB2                                 L323:
  1405 00000EB2 8D 65 F8                        	LEA	ESP,DWORD [-8+EBP]
  1406 00000EB5 5B                              	POP	EBX
  1407 00000EB6 5E                              	POP	ESI
  1408 00000EB7 5D                              	POP	EBP
  1409 00000EB8 C3                              	RET
  1410 00000EB9                                 	GLOBAL	_sheet_slide
  1411 00000EB9                                 _sheet_slide:
  1412 00000EB9 55                              	PUSH	EBP
  1413 00000EBA 89 E5                           	MOV	EBP,ESP
  1414 00000EBC 57                              	PUSH	EDI
  1415 00000EBD 56                              	PUSH	ESI
  1416 00000EBE 53                              	PUSH	EBX
  1417 00000EBF 52                              	PUSH	EDX
  1418 00000EC0 52                              	PUSH	EDX
  1419 00000EC1 8B 5D 08                        	MOV	EBX,DWORD [8+EBP]
  1420 00000EC4 8B 43 28                        	MOV	EAX,DWORD [40+EBX]
  1421 00000EC7 8B 7B 10                        	MOV	EDI,DWORD [16+EBX]
  1422 00000ECA 89 45 F0                        	MOV	DWORD [-16+EBP],EAX
  1423 00000ECD 8B 73 14                        	MOV	ESI,DWORD [20+EBX]
  1424 00000ED0 8B 80 00000824                  	MOV	EAX,DWORD [2084+EAX]
  1425 00000ED6 89 45 EC                        	MOV	DWORD [-20+EBP],EAX
  1426 00000ED9 8B 45 0C                        	MOV	EAX,DWORD [12+EBP]
  1427 00000EDC 89 43 10                        	MOV	DWORD [16+EBX],EAX
  1428 00000EDF 8B 45 10                        	MOV	EAX,DWORD [16+EBP]
  1429 00000EE2 89 43 14                        	MOV	DWORD [20+EBX],EAX
  1430 00000EE5 83 7B 1C 00                     	CMP	DWORD [28+EBX],0
  1431 00000EE9 78 78                           	JS	L325
  1432 00000EEB 6A 00                           	PUSH	0
  1433 00000EED 89 F0                           	MOV	EAX,ESI
  1434 00000EEF 03 43 0C                        	ADD	EAX,DWORD [12+EBX]
  1435 00000EF2 50                              	PUSH	EAX
  1436 00000EF3 89 F8                           	MOV	EAX,EDI
  1437 00000EF5 03 43 08                        	ADD	EAX,DWORD [8+EBX]
  1438 00000EF8 50                              	PUSH	EAX
  1439 00000EF9 56                              	PUSH	ESI
  1440 00000EFA 57                              	PUSH	EDI
  1441 00000EFB FF 75 F0                        	PUSH	DWORD [-16+EBP]
  1442 00000EFE E8 FFFFF477                     	CALL	_sheet_refreshmap32
  1443 00000F03 8B 45 10                        	MOV	EAX,DWORD [16+EBP]
  1444 00000F06 FF 73 1C                        	PUSH	DWORD [28+EBX]
  1445 00000F09 03 43 0C                        	ADD	EAX,DWORD [12+EBX]
  1446 00000F0C 50                              	PUSH	EAX
  1447 00000F0D 8B 45 0C                        	MOV	EAX,DWORD [12+EBP]
  1448 00000F10 03 43 08                        	ADD	EAX,DWORD [8+EBX]
  1449 00000F13 50                              	PUSH	EAX
  1450 00000F14 FF 75 10                        	PUSH	DWORD [16+EBP]
  1451 00000F17 FF 75 0C                        	PUSH	DWORD [12+EBP]
  1452 00000F1A FF 75 F0                        	PUSH	DWORD [-16+EBP]
  1453 00000F1D E8 FFFFF458                     	CALL	_sheet_refreshmap32
  1454 00000F22 8B 43 1C                        	MOV	EAX,DWORD [28+EBX]
  1455 00000F25 83 C4 30                        	ADD	ESP,48
  1456 00000F28 48                              	DEC	EAX
  1457 00000F29 50                              	PUSH	EAX
  1458 00000F2A 89 F0                           	MOV	EAX,ESI
  1459 00000F2C 6A 00                           	PUSH	0
  1460 00000F2E 03 43 0C                        	ADD	EAX,DWORD [12+EBX]
  1461 00000F31 50                              	PUSH	EAX
  1462 00000F32 89 F8                           	MOV	EAX,EDI
  1463 00000F34 03 43 08                        	ADD	EAX,DWORD [8+EBX]
  1464 00000F37 50                              	PUSH	EAX
  1465 00000F38 56                              	PUSH	ESI
  1466 00000F39 57                              	PUSH	EDI
  1467 00000F3A FF 75 F0                        	PUSH	DWORD [-16+EBP]
  1468 00000F3D FF 55 EC                        	CALL	DWORD [-20+EBP]
  1469 00000F40 FF 73 1C                        	PUSH	DWORD [28+EBX]
  1470 00000F43 FF 73 1C                        	PUSH	DWORD [28+EBX]
  1471 00000F46 8B 45 10                        	MOV	EAX,DWORD [16+EBP]
  1472 00000F49 03 43 0C                        	ADD	EAX,DWORD [12+EBX]
  1473 00000F4C 50                              	PUSH	EAX
  1474 00000F4D 8B 45 0C                        	MOV	EAX,DWORD [12+EBP]
  1475 00000F50 03 43 08                        	ADD	EAX,DWORD [8+EBX]
  1476 00000F53 50                              	PUSH	EAX
  1477 00000F54 FF 75 10                        	PUSH	DWORD [16+EBP]
  1478 00000F57 FF 75 0C                        	PUSH	DWORD [12+EBP]
  1479 00000F5A FF 75 F0                        	PUSH	DWORD [-16+EBP]
  1480 00000F5D FF 55 EC                        	CALL	DWORD [-20+EBP]
  1481 00000F60 83 C4 38                        	ADD	ESP,56
  1482 00000F63                                 L325:
  1483 00000F63 8D 65 F4                        	LEA	ESP,DWORD [-12+EBP]
  1484 00000F66 5B                              	POP	EBX
  1485 00000F67 5E                              	POP	ESI
  1486 00000F68 5F                              	POP	EDI
  1487 00000F69 5D                              	POP	EBP
  1488 00000F6A C3                              	RET
  1489 00000F6B                                 	GLOBAL	_sheet_free
  1490 00000F6B                                 _sheet_free:
  1491 00000F6B 55                              	PUSH	EBP
  1492 00000F6C 89 E5                           	MOV	EBP,ESP
  1493 00000F6E 53                              	PUSH	EBX
  1494 00000F6F 8B 5D 08                        	MOV	EBX,DWORD [8+EBP]
  1495 00000F72 83 7B 1C 00                     	CMP	DWORD [28+EBX],0
  1496 00000F76 78 0A                           	JS	L328
  1497 00000F78 6A FF                           	PUSH	-1
  1498 00000F7A 53                              	PUSH	EBX
  1499 00000F7B E8 FFFFFD22                     	CALL	_sheet_updown
  1500 00000F80 59                              	POP	ECX
  1501 00000F81 58                              	POP	EAX
  1502 00000F82                                 L328:
  1503 00000F82 C7 43 20 00000000               	MOV	DWORD [32+EBX],0
  1504 00000F89 8B 5D FC                        	MOV	EBX,DWORD [-4+EBP]
  1505 00000F8C C9                              	LEAVE
  1506 00000F8D C3                              	RET
  1507 00000F8E                                 	GLOBAL	_sheet_init4ctl
  1508 00000F8E                                 _sheet_init4ctl:
  1509 00000F8E 55                              	PUSH	EBP
  1510 00000F8F 89 E5                           	MOV	EBP,ESP
  1511 00000F91 5D                              	POP	EBP
  1512 00000F92 C3                              	RET
