     1 00000000                                 [FORMAT "WCOFF"]
     2 00000000                                 [INSTRSET "i486p"]
     3 00000000                                 [OPTIMIZE 1]
     4 00000000                                 [OPTION 1]
     5 00000000                                 [BITS 32]
     6 00000000                                 	EXTERN	_boxfill8
     7 00000000                                 	EXTERN	_putfonts8_asc
     8 00000000                                 	EXTERN	_sheet_refresh
     9 00000000                                 [FILE "view.c"]
    10                                          [SECTION .text]
    11 00000000                                 	GLOBAL	_view_init
    12 00000000                                 _view_init:
    13 00000000 55                              	PUSH	EBP
    14 00000001 89 E5                           	MOV	EBP,ESP
    15 00000003 8B 45 08                        	MOV	EAX,DWORD [8+EBP]
    16 00000006 C7 40 54 00000000               	MOV	DWORD [84+EAX],0
    17 0000000D 5D                              	POP	EBP
    18 0000000E C3                              	RET
    19 0000000F                                 	GLOBAL	_view_setfunc
    20 0000000F                                 _view_setfunc:
    21 0000000F 55                              	PUSH	EBP
    22 00000010 89 E5                           	MOV	EBP,ESP
    23 00000012 8B 45 08                        	MOV	EAX,DWORD [8+EBP]
    24 00000015 8B 55 0C                        	MOV	EDX,DWORD [12+EBP]
    25 00000018 89 50 54                        	MOV	DWORD [84+EAX],EDX
    26 0000001B 5D                              	POP	EBP
    27 0000001C C3                              	RET
    28 0000001D                                 	GLOBAL	_textview_init
    29 0000001D                                 _textview_init:
    30 0000001D 55                              	PUSH	EBP
    31 0000001E 89 E5                           	MOV	EBP,ESP
    32 00000020 53                              	PUSH	EBX
    33 00000021 8B 5D 08                        	MOV	EBX,DWORD [8+EBP]
    34 00000024 53                              	PUSH	EBX
    35 00000025 E8 FFFFFFD6                     	CALL	_view_init
    36 0000002A C7 43 68 00000000               	MOV	DWORD [104+EBX],0
    37 00000031 8B 5D FC                        	MOV	EBX,DWORD [-4+EBP]
    38 00000034 C9                              	LEAVE
    39 00000035 C3                              	RET
    40 00000036                                 	GLOBAL	_textview_settext
    41 00000036                                 _textview_settext:
    42 00000036 55                              	PUSH	EBP
    43 00000037 89 E5                           	MOV	EBP,ESP
    44 00000039 8B 45 08                        	MOV	EAX,DWORD [8+EBP]
    45 0000003C 8B 55 0C                        	MOV	EDX,DWORD [12+EBP]
    46 0000003F 89 50 68                        	MOV	DWORD [104+EAX],EDX
    47 00000042 5D                              	POP	EBP
    48 00000043 C3                              	RET
    49 00000044                                 	GLOBAL	_textview_flush
    50 00000044                                 _textview_flush:
    51 00000044 55                              	PUSH	EBP
    52 00000045 89 E5                           	MOV	EBP,ESP
    53 00000047 57                              	PUSH	EDI
    54 00000048 56                              	PUSH	ESI
    55 00000049 53                              	PUSH	EBX
    56 0000004A 50                              	PUSH	EAX
    57 0000004B 8B 5D 08                        	MOV	EBX,DWORD [8+EBP]
    58 0000004E 8B 43 6C                        	MOV	EAX,DWORD [108+EBX]
    59 00000051 8B 73 08                        	MOV	ESI,DWORD [8+EBX]
    60 00000054 89 45 F0                        	MOV	DWORD [-16+EBP],EAX
    61 00000057 8B 43 0C                        	MOV	EAX,DWORD [12+EBX]
    62 0000005A 48                              	DEC	EAX
    63 0000005B 8B 3B                           	MOV	EDI,DWORD [EBX]
    64 0000005D 50                              	PUSH	EAX
    65 0000005E 8D 46 FF                        	LEA	EAX,DWORD [-1+ESI]
    66 00000061 50                              	PUSH	EAX
    67 00000062 6A 00                           	PUSH	0
    68 00000064 6A 00                           	PUSH	0
    69 00000066 0F B6 43 64                     	MOVZX	EAX,BYTE [100+EBX]
    70 0000006A 50                              	PUSH	EAX
    71 0000006B 56                              	PUSH	ESI
    72 0000006C 57                              	PUSH	EDI
    73 0000006D E8 [00000000]                   	CALL	_boxfill8
    74 00000072 FF 73 68                        	PUSH	DWORD [104+EBX]
    75 00000075 0F BE 45 F0                     	MOVSX	EAX,BYTE [-16+EBP]
    76 00000079 50                              	PUSH	EAX
    77 0000007A 6A 01                           	PUSH	1
    78 0000007C 6A 01                           	PUSH	1
    79 0000007E 56                              	PUSH	ESI
    80 0000007F 57                              	PUSH	EDI
    81 00000080 E8 [00000000]                   	CALL	_putfonts8_asc
    82 00000085 8D 65 F4                        	LEA	ESP,DWORD [-12+EBP]
    83 00000088 5B                              	POP	EBX
    84 00000089 5E                              	POP	ESI
    85 0000008A 5F                              	POP	EDI
    86 0000008B 5D                              	POP	EBP
    87 0000008C C3                              	RET
    88 0000008D                                 	GLOBAL	_view_flush
    89 0000008D                                 _view_flush:
    90 0000008D 55                              	PUSH	EBP
    91 0000008E 89 E5                           	MOV	EBP,ESP
    92 00000090 5D                              	POP	EBP
    93 00000091 E9 [00000000]                   	JMP	_sheet_refresh
