     1 00000000                                 [FORMAT "WCOFF"]
     2 00000000                                 [INSTRSET "i486p"]
     3 00000000                                 [OPTIMIZE 1]
     4 00000000                                 [OPTION 1]
     5 00000000                                 [BITS 32]
     6 00000000                                 	EXTERN	__alloca
     7 00000000                                 	EXTERN	_api_cmdline
     8 00000000                                 	EXTERN	_api_putstr0
     9 00000000                                 	EXTERN	_api_fopen
    10 00000000                                 	EXTERN	_api_fsize
    11 00000000                                 	EXTERN	_api_fread
    12 00000000                                 	EXTERN	_api_fclose
    13 00000000                                 	EXTERN	_info_BMP
    14 00000000                                 	EXTERN	_info_JPEG
    15 00000000                                 	EXTERN	_api_end
    16 00000000                                 	EXTERN	_api_openwin
    17 00000000                                 	EXTERN	_decode0_JPEG
    18 00000000                                 	EXTERN	_api_refreshwin
    19 00000000                                 	EXTERN	_api_getkey
    20 00000000                                 	EXTERN	_decode0_BMP
    21 00000000                                 [FILE "gview.c"]
    22                                          [SECTION .data]
    23 00000000                                 LC0:
    24 00000000 66 69 6C 65 20 6E 6F 74 20 66   	DB	"file not found.",0x0A,0x00
       0000000A 6F 75 6E 64 2E 0A 00 
    25 00000011                                 LC1:
    26 00000011 66 69 6C 65 20 74 6F 6F 20 6C   	DB	"file too large.",0x0A,0x00
       0000001B 61 72 67 65 2E 0A 00 
    27 00000022                                 LC2:
    28 00000022 66 69 6C 65 20 74 79 70 65 20   	DB	"file type unknown.",0x0A,0x00
       0000002C 75 6E 6B 6E 6F 77 6E 2E 0A 00 
    29 00000036                                 LC3:
    30 00000036 70 69 63 74 75 72 65 20 74 6F   	DB	"picture too large.",0x0A,0x00
       00000040 6F 20 6C 61 72 67 65 2E 0A 00 
    31 0000004A                                 LC4:
    32 0000004A 67 76 69 65 77 00               	DB	"gview",0x00
    33 00000050                                 LC5:
    34 00000050 64 65 63 6F 64 65 20 65 72 72   	DB	"decode error.",0x0A,0x00
       0000005A 6F 72 2E 0A 00 
    35                                          [SECTION .text]
    36 00000000                                 	GLOBAL	_HariMain
    37 00000000                                 _HariMain:
    38 00000000 55                              	PUSH	EBP
    39 00000001 B8 01A10058                     	MOV	EAX,27328600
    40 00000006 89 E5                           	MOV	EBP,ESP
    41 00000008 57                              	PUSH	EDI
    42 00000009 56                              	PUSH	ESI
    43 0000000A 53                              	PUSH	EBX
    44 0000000B 8D 9D FF1EFFD4                  	LEA	EBX,DWORD [-14745644+EBP]
    45 00000011 E8 [00000000]                   	CALL	__alloca
    46 00000016 6A 1E                           	PUSH	30
    47 00000018 53                              	PUSH	EBX
    48 00000019 E8 [00000000]                   	CALL	_api_cmdline
    49 0000001E 58                              	POP	EAX
    50 0000001F 5A                              	POP	EDX
    51 00000020 80 BD FF1EFFD4 20               	CMP	BYTE [-14745644+EBP],32
    52 00000027 7E 06                           	JLE	L38
    53 00000029                                 L6:
    54 00000029 43                              	INC	EBX
    55 0000002A 80 3B 20                        	CMP	BYTE [EBX],32
    56 0000002D 7F FA                           	JG	L6
    57 0000002F                                 L38:
    58 0000002F 80 3B 20                        	CMP	BYTE [EBX],32
    59 00000032 0F 84 0000023C                  	JE	L11
    60 00000038                                 L40:
    61 00000038 53                              	PUSH	EBX
    62 00000039 E8 [00000000]                   	CALL	_api_putstr0
    63 0000003E 53                              	PUSH	EBX
    64 0000003F E8 [00000000]                   	CALL	_api_fopen
    65 00000044 5F                              	POP	EDI
    66 00000045 89 C6                           	MOV	ESI,EAX
    67 00000047 58                              	POP	EAX
    68 00000048 85 F6                           	TEST	ESI,ESI
    69 0000004A 75 0B                           	JNE	L12
    70 0000004C 68 [00000000]                   	PUSH	LC0
    71 00000051 E8 000002B0                     	CALL	_error
    72 00000056 5B                              	POP	EBX
    73 00000057                                 L12:
    74 00000057 6A 00                           	PUSH	0
    75 00000059 56                              	PUSH	ESI
    76 0000005A E8 [00000000]                   	CALL	_api_fsize
    77 0000005F 5A                              	POP	EDX
    78 00000060 59                              	POP	ECX
    79 00000061 3D 00080000                     	CMP	EAX,524288
    80 00000066 89 85 FE5EFFA8                  	MOV	DWORD [-27328600+EBP],EAX
    81 0000006C 7E 0B                           	JLE	L13
    82 0000006E 68 [00000011]                   	PUSH	LC1
    83 00000073 E8 0000028E                     	CALL	_error
    84 00000078 5F                              	POP	EDI
    85 00000079                                 L13:
    86 00000079 56                              	PUSH	ESI
    87 0000007A 8D 9D FF1EFFF4                  	LEA	EBX,DWORD [-14745612+EBP]
    88 00000080 FF B5 FE5EFFA8                  	PUSH	DWORD [-27328600+EBP]
    89 00000086 53                              	PUSH	EBX
    90 00000087 8D BD FF1EFFB4                  	LEA	EDI,DWORD [-14745676+EBP]
    91 0000008D E8 [00000000]                   	CALL	_api_fread
    92 00000092 56                              	PUSH	ESI
    93 00000093 8D B5 FFFEFFF4                  	LEA	ESI,DWORD [-65548+EBP]
    94 00000099 E8 [00000000]                   	CALL	_api_fclose
    95 0000009E 53                              	PUSH	EBX
    96 0000009F FF B5 FE5EFFA8                  	PUSH	DWORD [-27328600+EBP]
    97 000000A5 57                              	PUSH	EDI
    98 000000A6 56                              	PUSH	ESI
    99 000000A7 E8 [00000000]                   	CALL	_info_BMP
   100 000000AC 83 C4 20                        	ADD	ESP,32
   101 000000AF 85 C0                           	TEST	EAX,EAX
   102 000000B1 75 25                           	JNE	L14
   103 000000B3 53                              	PUSH	EBX
   104 000000B4 FF B5 FE5EFFA8                  	PUSH	DWORD [-27328600+EBP]
   105 000000BA 57                              	PUSH	EDI
   106 000000BB 56                              	PUSH	ESI
   107 000000BC E8 [00000000]                   	CALL	_info_JPEG
   108 000000C1 83 C4 10                        	ADD	ESP,16
   109 000000C4 85 C0                           	TEST	EAX,EAX
   110 000000C6 75 10                           	JNE	L14
   111 000000C8 68 [00000022]                   	PUSH	LC2
   112 000000CD E8 [00000000]                   	CALL	_api_putstr0
   113 000000D2 E8 [00000000]                   	CALL	_api_end
   114 000000D7 5B                              	POP	EBX
   115 000000D8                                 L14:
   116 000000D8 81 BD FF1EFFBC 00000400         	CMP	DWORD [-14745668+EBP],1024
   117 000000E2 7F 0C                           	JG	L17
   118 000000E4 81 BD FF1EFFC0 00000300         	CMP	DWORD [-14745664+EBP],768
   119 000000EE 7E 0B                           	JLE	L16
   120 000000F0                                 L17:
   121 000000F0 68 [00000036]                   	PUSH	LC3
   122 000000F5 E8 0000020C                     	CALL	_error
   123 000000FA 59                              	POP	ECX
   124 000000FB                                 L16:
   125 000000FB 8B BD FF1EFFBC                  	MOV	EDI,DWORD [-14745668+EBP]
   126 00000101 83 C7 10                        	ADD	EDI,16
   127 00000104 81 FF 00000087                  	CMP	EDI,135
   128 0000010A 7F 05                           	JG	L18
   129 0000010C BF 00000088                     	MOV	EDI,136
   130 00000111                                 L18:
   131 00000111 68 [0000004A]                   	PUSH	LC4
   132 00000116 8B 85 FF1EFFC0                  	MOV	EAX,DWORD [-14745664+EBP]
   133 0000011C 6A FF                           	PUSH	-1
   134 0000011E 83 C0 25                        	ADD	EAX,37
   135 00000121 50                              	PUSH	EAX
   136 00000122 8D 85 FF3EFFF4                  	LEA	EAX,DWORD [-12648460+EBP]
   137 00000128 57                              	PUSH	EDI
   138 00000129 50                              	PUSH	EAX
   139 0000012A E8 [00000000]                   	CALL	_api_openwin
   140 0000012F 83 C4 14                        	ADD	ESP,20
   141 00000132 83 BD FF1EFFB4 01               	CMP	DWORD [-14745676+EBP],1
   142 00000139 89 85 FE5EFFAC                  	MOV	DWORD [-27328596+EBP],EAX
   143 0000013F 0F 84 00000106                  	JE	L46
   144 00000145 6A 00                           	PUSH	0
   145 00000147 8D 85 FE5EFFB4                  	LEA	EAX,DWORD [-27328588+EBP]
   146 0000014D 50                              	PUSH	EAX
   147 0000014E 8D 85 FF1EFFF4                  	LEA	EAX,DWORD [-14745612+EBP]
   148 00000154 6A 04                           	PUSH	4
   149 00000156 50                              	PUSH	EAX
   150 00000157 8D 85 FFFEFFF4                  	LEA	EAX,DWORD [-65548+EBP]
   151 0000015D FF B5 FE5EFFA8                  	PUSH	DWORD [-27328600+EBP]
   152 00000163 50                              	PUSH	EAX
   153 00000164 E8 [00000000]                   	CALL	_decode0_JPEG
   154 00000169                                 L45:
   155 00000169 83 C4 18                        	ADD	ESP,24
   156 0000016C 85 C0                           	TEST	EAX,EAX
   157 0000016E 74 0B                           	JE	L21
   158 00000170 68 [00000050]                   	PUSH	LC5
   159 00000175 E8 0000018C                     	CALL	_error
   160 0000017A 5A                              	POP	EDX
   161 0000017B                                 L21:
   162 0000017B 31 F6                           	XOR	ESI,ESI
   163 0000017D 3B B5 FF1EFFC0                  	CMP	ESI,DWORD [-14745664+EBP]
   164 00000183 7D 7A                           	JGE	L42
   165 00000185 C7 85 FE5EFFA0 00000074         	MOV	DWORD [-27328608+EBP],116
   166 0000018F                                 L31:
   167 0000018F 8B 85 FE5EFFA0                  	MOV	EAX,DWORD [-27328608+EBP]
   168 00000195 8B 8D FF1EFFBC                  	MOV	ECX,DWORD [-14745668+EBP]
   169 0000019B 0F AF C7                        	IMUL	EAX,EDI
   170 0000019E 89 85 FE5EFF9C                  	MOV	DWORD [-27328612+EBP],EAX
   171 000001A4 BA 00000002                     	MOV	EDX,2
   172 000001A9 89 F8                           	MOV	EAX,EDI
   173 000001AB 89 D3                           	MOV	EBX,EDX
   174 000001AD 29 C8                           	SUB	EAX,ECX
   175 000001AF 99                              	CDQ
   176 000001B0 F7 FB                           	IDIV	EBX
   177 000001B2 8B 95 FE5EFF9C                  	MOV	EDX,DWORD [-27328612+EBP]
   178 000001B8 8D 04 82                        	LEA	EAX,DWORD [EDX+EAX*4]
   179 000001BB 31 D2                           	XOR	EDX,EDX
   180 000001BD 8D 84 28 FF3EFFF4               	LEA	EAX,DWORD [-12648460+EAX+EBP*1]
   181 000001C4 89 85 FE5EFFB0                  	MOV	DWORD [-27328592+EBP],EAX
   182 000001CA 89 F0                           	MOV	EAX,ESI
   183 000001CC 0F AF C1                        	IMUL	EAX,ECX
   184 000001CF 39 CA                           	CMP	EDX,ECX
   185 000001D1 8D 9C 85 FE5EFFB4               	LEA	EBX,DWORD [-27328588+EBP+EAX*4]
   186 000001D8 7D 15                           	JGE	L44
   187 000001DA                                 L30:
   188 000001DA 8B 8D FE5EFFB0                  	MOV	ECX,DWORD [-27328592+EBP]
   189 000001E0 8B 04 93                        	MOV	EAX,DWORD [EBX+EDX*4]
   190 000001E3 89 04 91                        	MOV	DWORD [ECX+EDX*4],EAX
   191 000001E6 42                              	INC	EDX
   192 000001E7 3B 95 FF1EFFBC                  	CMP	EDX,DWORD [-14745668+EBP]
   193 000001ED 7C EB                           	JL	L30
   194 000001EF                                 L44:
   195 000001EF 46                              	INC	ESI
   196 000001F0 83 85 FE5EFFA0 04               	ADD	DWORD [-27328608+EBP],4
   197 000001F7 3B B5 FF1EFFC0                  	CMP	ESI,DWORD [-14745664+EBP]
   198 000001FD 7C 90                           	JL	L31
   199 000001FF                                 L42:
   200 000001FF 8B 8D FF1EFFBC                  	MOV	ECX,DWORD [-14745668+EBP]
   201 00000205 8B 85 FF1EFFC0                  	MOV	EAX,DWORD [-14745664+EBP]
   202 0000020B 83 C0 1D                        	ADD	EAX,29
   203 0000020E 29 CF                           	SUB	EDI,ECX
   204 00000210 50                              	PUSH	EAX
   205 00000211 BB 00000002                     	MOV	EBX,2
   206 00000216 89 F8                           	MOV	EAX,EDI
   207 00000218 99                              	CDQ
   208 00000219 F7 FB                           	IDIV	EBX
   209 0000021B 8D 14 01                        	LEA	EDX,DWORD [ECX+EAX*1]
   210 0000021E 52                              	PUSH	EDX
   211 0000021F 6A 1D                           	PUSH	29
   212 00000221 50                              	PUSH	EAX
   213 00000222 FF B5 FE5EFFAC                  	PUSH	DWORD [-27328596+EBP]
   214 00000228 E8 [00000000]                   	CALL	_api_refreshwin
   215 0000022D 83 C4 14                        	ADD	ESP,20
   216 00000230                                 L32:
   217 00000230 6A 01                           	PUSH	1
   218 00000232 E8 [00000000]                   	CALL	_api_getkey
   219 00000237 89 C6                           	MOV	ESI,EAX
   220 00000239 58                              	POP	EAX
   221 0000023A 83 FE 51                        	CMP	ESI,81
   222 0000023D 74 05                           	JE	L36
   223 0000023F 83 FE 71                        	CMP	ESI,113
   224 00000242 75 EC                           	JNE	L32
   225 00000244                                 L36:
   226 00000244 E8 [00000000]                   	CALL	_api_end
   227 00000249 EB E5                           	JMP	L32
   228 0000024B                                 L46:
   229 0000024B 6A 00                           	PUSH	0
   230 0000024D 8D 85 FE5EFFB4                  	LEA	EAX,DWORD [-27328588+EBP]
   231 00000253 50                              	PUSH	EAX
   232 00000254 8D 85 FF1EFFF4                  	LEA	EAX,DWORD [-14745612+EBP]
   233 0000025A 6A 04                           	PUSH	4
   234 0000025C 50                              	PUSH	EAX
   235 0000025D 8D 85 FFFEFFF4                  	LEA	EAX,DWORD [-65548+EBP]
   236 00000263 FF B5 FE5EFFA8                  	PUSH	DWORD [-27328600+EBP]
   237 00000269 50                              	PUSH	EAX
   238 0000026A E8 [00000000]                   	CALL	_decode0_BMP
   239 0000026F E9 FFFFFEF5                     	JMP	L45
   240 00000274                                 L11:
   241 00000274 43                              	INC	EBX
   242 00000275 80 3B 20                        	CMP	BYTE [EBX],32
   243 00000278 74 FA                           	JE	L11
   244 0000027A E9 FFFFFDB9                     	JMP	L40
   245                                          [SECTION .data]
   246 0000005F 00                              	ALIGNB	4
   247 00000060                                 _table.0:
   248 00000060 00000003                        	DD	3
   249 00000064 00000001                        	DD	1
   250 00000068 00000000                        	DD	0
   251 0000006C 00000002                        	DD	2
   252                                          [SECTION .text]
   253 0000027F                                 	GLOBAL	_rgb2pal
   254 0000027F                                 _rgb2pal:
   255 0000027F 55                              	PUSH	EBP
   256 00000280 89 E5                           	MOV	EBP,ESP
   257 00000282 57                              	PUSH	EDI
   258 00000283 56                              	PUSH	ESI
   259 00000284 BF 00000100                     	MOV	EDI,256
   260 00000289 53                              	PUSH	EBX
   261 0000028A BE 00000100                     	MOV	ESI,256
   262 0000028F 83 EC 14                        	SUB	ESP,20
   263 00000292 6B 4D 08 15                     	IMUL	ECX,DWORD [8+EBP],21
   264 00000296 8B 55 14                        	MOV	EDX,DWORD [20+EBP]
   265 00000299 8B 45 18                        	MOV	EAX,DWORD [24+EBP]
   266 0000029C 83 E2 01                        	AND	EDX,1
   267 0000029F 83 E0 01                        	AND	EAX,1
   268 000002A2 8D 04 42                        	LEA	EAX,DWORD [EDX+EAX*2]
   269 000002A5 8B 1C 85 [00000060]             	MOV	EBX,DWORD [_table.0+EAX*4]
   270 000002AC 89 C8                           	MOV	EAX,ECX
   271 000002AE 99                              	CDQ
   272 000002AF F7 FE                           	IDIV	ESI
   273 000002B1 6B 75 0C 15                     	IMUL	ESI,DWORD [12+EBP],21
   274 000002B5 89 C1                           	MOV	ECX,EAX
   275 000002B7 89 F0                           	MOV	EAX,ESI
   276 000002B9 99                              	CDQ
   277 000002BA F7 FF                           	IDIV	EDI
   278 000002BC 6B 75 10 15                     	IMUL	ESI,DWORD [16+EBP],21
   279 000002C0 89 45 E0                        	MOV	DWORD [-32+EBP],EAX
   280 000002C3 01 D9                           	ADD	ECX,EBX
   281 000002C5 89 F0                           	MOV	EAX,ESI
   282 000002C7 99                              	CDQ
   283 000002C8 F7 FF                           	IDIV	EDI
   284 000002CA 89 C6                           	MOV	ESI,EAX
   285 000002CC BF 00000004                     	MOV	EDI,4
   286 000002D1 89 C8                           	MOV	EAX,ECX
   287 000002D3 99                              	CDQ
   288 000002D4 F7 FF                           	IDIV	EDI
   289 000002D6 89 C1                           	MOV	ECX,EAX
   290 000002D8 8B 45 E0                        	MOV	EAX,DWORD [-32+EBP]
   291 000002DB 01 D8                           	ADD	EAX,EBX
   292 000002DD 8D 1C 33                        	LEA	EBX,DWORD [EBX+ESI*1]
   293 000002E0 99                              	CDQ
   294 000002E1 F7 FF                           	IDIV	EDI
   295 000002E3 89 45 E0                        	MOV	DWORD [-32+EBP],EAX
   296 000002E6 89 D8                           	MOV	EAX,EBX
   297 000002E8 99                              	CDQ
   298 000002E9 F7 FF                           	IDIV	EDI
   299 000002EB 89 C3                           	MOV	EBX,EAX
   300 000002ED 6B 45 E0 06                     	IMUL	EAX,DWORD [-32+EBP],6
   301 000002F1 6B D3 24                        	IMUL	EDX,EBX,36
   302 000002F4 83 C4 14                        	ADD	ESP,20
   303 000002F7 8D 04 08                        	LEA	EAX,DWORD [EAX+ECX*1]
   304 000002FA 5B                              	POP	EBX
   305 000002FB 5E                              	POP	ESI
   306 000002FC 8D 44 02 10                     	LEA	EAX,DWORD [16+EDX+EAX*1]
   307 00000300 5F                              	POP	EDI
   308 00000301 0F B6 C0                        	MOVZX	EAX,AL
   309 00000304 5D                              	POP	EBP
   310 00000305 C3                              	RET
   311 00000306                                 	GLOBAL	_error
   312 00000306                                 _error:
   313 00000306 55                              	PUSH	EBP
   314 00000307 89 E5                           	MOV	EBP,ESP
   315 00000309 FF 75 08                        	PUSH	DWORD [8+EBP]
   316 0000030C E8 [00000000]                   	CALL	_api_putstr0
   317 00000311 59                              	POP	ECX
   318 00000312 C9                              	LEAVE
   319 00000313 E9 [00000000]                   	JMP	_api_end
